#
# A fatal error has been detected by the Java Runtime Environment:
#
#  SIGSEGV (0xb) at pc=0x00007f1e70a33401, pid=400, tid=449
#
# JRE version: OpenJDK Runtime Environment (11.0.6+10) (build 11.0.6+10-post-Ubuntu-1ubuntu118.04.1)
# Java VM: OpenJDK 64-Bit Server VM (11.0.6+10-post-Ubuntu-1ubuntu118.04.1, mixed mode, sharing, tiered, compressed oops, serial gc, linux-amd64)
# Problematic frame:
# C  [libjimage.so+0x2401]
#
# Core dump will be written. Default location: Core dumps may be processed with "/usr/share/apport/apport %p %s %c %d %P" (or dumping to /home/runner/Javaswing-Chess/core.400)
#
# If you would like to submit a bug report, please visit:
#   https://bugs.launchpad.net/ubuntu/+source/openjdk-lts
#

---------------  S U M M A R Y ------------

Command Line: Main

Host: Intel(R) Xeon(R) CPU @ 2.30GHz, 4 cores, 512M, Ubuntu 18.04.4 LTS
Time: Fri Apr 17 01:46:41 2020 UTC elapsed time: 221 seconds (0d 0h 3m 41s)

---------------  T H R E A D  ---------------

Current thread (0x00007f1e0800b000):  JavaThread "XToolkt-Shutdown-Thread" [_thread_in_vm, id=449, stack(0x00007f1e2a119000,0x00007f1e2a21a000)]

Stack: [0x00007f1e2a119000,0x00007f1e2a21a000],  sp=0x00007f1e2a216fc0,  free space=1015k
Native frames: (J=compiled Java code, A=aot compiled Java code, j=interpreted, Vv=VM code, C=native code)
C  [libjimage.so+0x2401]
C  [libjimage.so+0x30ea]
C  [libjimage.so+0x35c6]  JIMAGE_FindResource+0xd6
V  [libjvm.so+0x59098e]
V  [libjvm.so+0x5936f0]
V  [libjvm.so+0xd49c05]
V  [libjvm.so+0xd4759a]
V  [libjvm.so+0xd4a192]
V  [libjvm.so+0x646187]
V  [libjvm.so+0xa3788a]
V  [libjvm.so+0x83e9f6]
V  [libjvm.so+0x83f8ed]
j  sun.awt.X11.XToolkit.lambda$init$0()V+0 java.desktop@11.0.6
j  sun.awt.X11.XToolkit$$Lambda$10.run()V+4 java.desktop@11.0.6
j  java.lang.Thread.run()V+11 java.base@11.0.6
v  ~StubRoutines::call_stub
V  [libjvm.so+0x8493b9]
V  [libjvm.so+0x8474fd]
V  [libjvm.so+0x8f20dc]
V  [libjvm.so+0xd83203]
V  [libjvm.so+0xd834d5]
V  [libjvm.so+0xd7f20a]
V  [libjvm.so+0xbcf1fe]

Java frames: (J=compiled Java code, j=interpreted, Vv=VM code)
j  sun.awt.X11.XToolkit.lambda$init$0()V+0 java.desktop@11.0.6
j  sun.awt.X11.XToolkit$$Lambda$10.run()V+4 java.desktop@11.0.6
j  java.lang.Thread.run()V+11 java.base@11.0.6
v  ~StubRoutines::call_stub

siginfo: si_signo: 11 (SIGSEGV), si_code: 1 (SEGV_MAPERR), si_addr: 0x00007f1e63926f28

Register to memory mapping:

RAX=0x0000000000005bc3 is an unknown value
RBX=0x00007f1e2a217071 is pointing into the stack for thread: 0x00007f1e0800b000
RCX=0x00007f1e6391001c is an unknown value
RDX=0x0000000000005bc3 is an unknown value
RSP=0x00007f1e2a216fc0 is pointing into the stack for thread: 0x00007f1e0800b000
RBP=0x00007f1e2a216fe0 is pointing into the stack for thread: 0x00007f1e0800b000
RSI=0x00007f1e2a217070 is pointing into the stack for thread: 0x00007f1e0800b000
RDI=0x00007f1e70c36130: <offset 0x0000000000205130> in /usr/lib/jvm/java-11-openjdk-amd64/lib/libjimage.so at 0x00007f1e70a31000
R8 =0x0 is NULL
R9 =0x00000000ca0d71f0 is an unknown value
R10=0x00007f1e2a217094 is pointing into the stack for thread: 0x00007f1e0800b000
R11=0x00007f1e734ae8dd: <offset 0x0000000000eac8dd> in /usr/lib/jvm/java-11-openjdk-amd64/lib/server/libjvm.so at 0x00007f1e72602000
R12=0x00007f1e2a217070 is pointing into the stack for thread: 0x00007f1e0800b000
R13=0x00000000000083a0 is an unknown value
R14=0x00007f1e2a218108 is pointing into the stack for thread: 0x00007f1e0800b000
R15=0x00007f1e3803ca40 points into unknown readable memory: 73 75 6e 2f 61 77 74 2f


Registers:
RAX=0x0000000000005bc3, RBX=0x00007f1e2a217071, RCX=0x00007f1e6391001c, RDX=0x0000000000005bc3
RSP=0x00007f1e2a216fc0, RBP=0x00007f1e2a216fe0, RSI=0x00007f1e2a217070, RDI=0x00007f1e70c36130
R8 =0x0000000000000000, R9 =0x00000000ca0d71f0, R10=0x00007f1e2a217094, R11=0x00007f1e734ae8dd
R12=0x00007f1e2a217070, R13=0x00000000000083a0, R14=0x00007f1e2a218108, R15=0x00007f1e3803ca40
RIP=0x00007f1e70a33401, EFLAGS=0x0000000000010246, CSGSFS=0x002b000000000033, ERR=0x0000000000000004
  TRAPNO=0x000000000000000e

Top of Stack: (sp=0x00007f1e2a216fc0)
0x00007f1e2a216fc0:   00007f1e54fb4c10 00007f1e6c020f80
0x00007f1e2a216fd0:   0000000000000000 00007f1e2a217070
0x00007f1e2a216fe0:   00007f1e2a217050 00007f1e70a340ea
0x00007f1e2a216ff0:   00007f1e54fb4c10 d7e82b287055fe60 

Instructions: (pc=0x00007f1e70a33401)
0x00007f1e70a33301:   c5 4c 01 e3 48 89 ce e8 d3 f3 ff ff e9 69 fd ff
0x00007f1e70a33311:   ff 89 d1 0f b7 74 08 fe 66 41 89 74 0e fe e9 7a
0x00007f1e70a33321:   fe ff ff 0f 1f 40 00 8b 08 49 8d 1c 16 41 89 0e
0x00007f1e70a33331:   89 d1 8b 74 08 fc 41 89 74 0e fc 48 8d 34 10 48
0x00007f1e70a33341:   89 75 b8 e9 0b fe ff ff 0f 1f 80 00 00 00 00 0f
0x00007f1e70a33351:   b6 17 55 89 f0 48 89 e5 84 d2 74 22 48 8d 4f 01
0x00007f1e70a33361:   0f 1f 80 00 00 00 00 48 83 c1 01 0f b6 f2 0f b6
0x00007f1e70a33371:   51 ff 69 c0 93 01 00 01 31 f0 84 d2 75 e9 25 ff
0x00007f1e70a33381:   ff ff 7f 5d c3 66 2e 0f 1f 84 00 00 00 00 00 48
0x00007f1e70a33391:   85 d2 0f 84 dd 00 00 00 85 c9 0f 84 d5 00 00 00
0x00007f1e70a333a1:   55 48 89 e5 41 55 41 54 53 48 8d 5e 01 48 83 ec
0x00007f1e70a333b1:   08 44 0f b6 06 45 84 c0 0f 84 a9 00 00 00 49 89
0x00007f1e70a333c1:   da b8 93 01 00 01 66 0f 1f 84 00 00 00 00 00 49
0x00007f1e70a333d1:   83 c2 01 44 69 c8 93 01 00 01 41 0f b6 c0 45 0f
0x00007f1e70a333e1:   b6 42 ff 44 31 c8 45 84 c0 75 e4 25 ff ff ff 7f
0x00007f1e70a333f1:   41 89 cd 48 89 d1 31 d2 41 f7 f5 49 89 f4 89 d0
0x00007f1e70a33401:   8b 34 81 48 8b 07 ff 50 20 83 f8 00 7e 41 41 0f
0x00007f1e70a33411:   b6 14 24 84 d2 74 1c 0f 1f 84 00 00 00 00 00 69
0x00007f1e70a33421:   c0 93 01 00 01 48 83 c3 01 31 d0 0f b6 53 ff 84
0x00007f1e70a33431:   d2 75 ec 25 ff ff ff 7f 31 d2 41 f7 f5 48 83 c4
0x00007f1e70a33441:   08 89 d0 5b 41 5c 41 5d 5d c3 0f 1f 44 00 00 74
0x00007f1e70a33451:   1d f7 d0 48 83 c4 08 89 c2 5b 89 d0 41 5c 41 5d
0x00007f1e70a33461:   5d c3 0f 1f 44 00 00 b8 93 01 00 01 eb 82 ba ff
0x00007f1e70a33471:   ff ff ff eb c8 83 ca ff 89 d0 c3 0f 1f 40 00 0f
0x00007f1e70a33481:   b6 17 55 48 89 f8 48 89 e5 84 d2 75 15 eb 1a 38
0x00007f1e70a33491:   ca 75 1c 48 83 c0 01 0f b6 10 48 83 c6 01 84 d2
0x00007f1e70a334a1:   74 07 0f b6 0e 84 c9 75 e6 5d c3 0f 1f 40 00 31
0x00007f1e70a334b1:   c0 5d c3 66 90 66 2e 0f 1f 84 00 00 00 00 00 55
0x00007f1e70a334c1:   48 85 f6 48 89 e5 74 57 0f 1f 80 00 00 00 00 0f
0x00007f1e70a334d1:   b6 06 84 c0 74 49 0f b6 d0 83 e0 07 c1 fa 03 44
0x00007f1e70a334e1:   8d 50 01 0f b6 c0 41 89 d1 48 8d 56 01 4c 8d 44
0x00007f1e70a334f1:   06 02 31 c0 0f 1f 00 0f b6 0a 48 c1 e0 08 48 83 


Stack slot to memory mapping:
stack at sp + 0 slots: 0x00007f1e54fb4c10 is at entry_point+-528 in (nmethod*)0x00007f1e54fb4c10
stack at sp + 1 slots: 0x00007f1e6c020f80 points into unknown readable memory: 50 0f 00 10 1e 7f 00 00
stack at sp + 2 slots: 0x0 is NULL
stack at sp + 3 slots: 0x00007f1e2a217070 is pointing into the stack for thread: 0x00007f1e0800b000
stack at sp + 4 slots: 0x00007f1e2a217050 is pointing into the stack for thread: 0x00007f1e0800b000
stack at sp + 5 slots: 0x00007f1e70a340ea: <offset 0x00000000000030ea> in /usr/lib/jvm/java-11-openjdk-amd64/lib/libjimage.so at 0x00007f1e70a31000
stack at sp + 6 slots: 0x00007f1e54fb4c10 is at entry_point+-528 in (nmethod*)0x00007f1e54fb4c10
stack at sp + 7 slots: 0xd7e82b287055fe60 is an unknown value


---------------  P R O C E S S  ---------------

Threads class SMR info:
_java_thread_list=0x00007f1e0800bfe0, length=15, elements={
0x00007f1e6c04f000, 0x00007f1e6c059800, 0x00007f1e6c05f800, 0x00007f1e6c061800,
0x00007f1e6c063800, 0x00007f1e6c065800, 0x00007f1e6c0a0800, 0x00007f1e6c0a9800,
0x00007f1e6c21a800, 0x00007f1e6c23c800, 0x00007f1e6c314800, 0x00007f1e6c317000,
0x00007f1e6c014000, 0x00007f1e40001000, 0x00007f1e0800b000
}

Java Threads: ( => current thread )
  0x00007f1e6c04f000 JavaThread "Reference Handler" daemon [_thread_blocked, id=403, stack(0x00007f1e5468c000,0x00007f1e5478d000)]
  0x00007f1e6c059800 JavaThread "Finalizer" daemon [_thread_blocked, id=404, stack(0x00007f1e5458b000,0x00007f1e5468c000)]
  0x00007f1e6c05f800 JavaThread "Signal Dispatcher" daemon [_thread_blocked, id=405, stack(0x00007f1e542ef000,0x00007f1e543f0000)]
  0x00007f1e6c061800 JavaThread "C2 CompilerThread0" daemon [_thread_blocked, id=406, stack(0x00007f1e541ee000,0x00007f1e542ef000)]
  0x00007f1e6c063800 JavaThread "C1 CompilerThread0" daemon [_thread_blocked, id=407, stack(0x00007f1e540ed000,0x00007f1e541ee000)]
  0x00007f1e6c065800 JavaThread "Sweeper thread" daemon [_thread_blocked, id=408, stack(0x00007f1e3feff000,0x00007f1e40000000)]
  0x00007f1e6c0a0800 JavaThread "Service Thread" daemon [_thread_blocked, id=409, stack(0x00007f1e3fdfe000,0x00007f1e3feff000)]
  0x00007f1e6c0a9800 JavaThread "Common-Cleaner" daemon [_thread_blocked, id=411, stack(0x00007f1e3fbfb000,0x00007f1e3fcfc000)]
  0x00007f1e6c21a800 JavaThread "Java2D Disposer" daemon [_thread_blocked, id=442, stack(0x00007f1e3c017000,0x00007f1e3c118000)]
  0x00007f1e6c23c800 JavaThread "AWT-XAWT" daemon [_thread_in_native, id=443, stack(0x00007f1e2a21a000,0x00007f1e2a31b000)]
  0x00007f1e6c314800 JavaThread "AWT-Shutdown" [_thread_blocked, id=446, stack(0x00007f1e29f17000,0x00007f1e2a018000)]
  0x00007f1e6c317000 JavaThread "AWT-EventQueue-0" [_thread_blocked, id=447, stack(0x00007f1e29e16000,0x00007f1e29f17000)]
  0x00007f1e6c014000 JavaThread "DestroyJavaVM" [_thread_blocked, id=401, stack(0x00007f1e7476d000,0x00007f1e7486e000)]
  0x00007f1e40001000 JavaThread "SIGTERM handler" daemon [_thread_blocked, id=448, stack(0x00007f1e2a018000,0x00007f1e2a119000)]
=>0x00007f1e0800b000 JavaThread "XToolkt-Shutdown-Thread" [_thread_in_vm, id=449, stack(0x00007f1e2a119000,0x00007f1e2a21a000)]

Other Threads:
  0x00007f1e6c04c000 VMThread "VM Thread" [stack: 0x00007f1e5478f000,0x00007f1e5488f000] [id=402]
  0x00007f1e6c0a2800 WatcherThread [stack: 0x00007f1e3fcfe000,0x00007f1e3fdfe000] [id=410]

Threads with active compile tasks:

VM state:not at safepoint (normal execution)

VM Mutex/Monitor currently owned by a thread: None

Heap address: 0x00000000f8000000, size: 128 MB, Compressed Oops mode: 32-bit
Narrow klass base: 0x0000000800000000, Narrow klass shift: 3
Compressed class space size: 1073741824 Address: 0x0000000840000000

Heap:
 def new generation   total 2432K, used 1316K [0x00000000f8000000, 0x00000000f82a0000, 0x00000000faaa0000)
  eden space 2176K,  59% used [0x00000000f8000000, 0x00000000f8146188, 0x00000000f8220000)
  from space 256K,   4% used [0x00000000f8260000, 0x00000000f8262f08, 0x00000000f82a0000)
  to   space 256K,   0% used [0x00000000f8220000, 0x00000000f8220000, 0x00000000f8260000)
 tenured generation   total 5504K, used 3207K [0x00000000faaa0000, 0x00000000fb000000, 0x0000000100000000)
   the space 5504K,  58% used [0x00000000faaa0000, 0x00000000fadc1d30, 0x00000000fadc1e00, 0x00000000fb000000)
 Metaspace       used 9954K, capacity 10530K, committed 10880K, reserved 1058816K
  class space    used 1050K, capacity 1310K, committed 1408K, reserved 1048576K

Card table byte_map: [0x00007f1e7472c000,0x00007f1e7476d000] _byte_map_base: 0x00007f1e73f6c000

Polling page: 0x00007f1e74887000

Metaspace:

Usage:
  Non-class:      9.00 MB capacity,     8.69 MB ( 97%) used,   262.20 KB (  3%) free+waste,    54.62 KB ( <1%) overhead. 
      Class:      1.28 MB capacity,     1.03 MB ( 80%) used,   228.62 KB ( 17%) free+waste,    30.44 KB (  2%) overhead. 
       Both:     10.28 MB capacity,     9.72 MB ( 95%) used,   490.81 KB (  5%) free+waste,    85.06 KB ( <1%) overhead. 

Virtual space:
  Non-class space:       10.00 MB reserved,       9.25 MB ( 92%) committed 
      Class space:        1.00 GB reserved,       1.38 MB ( <1%) committed 
             Both:        1.01 GB reserved,      10.62 MB (  1%) committed 

Chunk freelists:
   Non-Class:  100.00 KB
       Class:  2.00 KB
        Both:  102.00 KB

MaxMetaspaceSize: unlimited
CompressedClassSpaceSize: 1.00 GB

CodeHeap 'non-profiled nmethods': size=120036Kb used=501Kb max_used=501Kb free=119534Kb
 bounds [0x00007f1e5c3d7000, 0x00007f1e5c647000, 0x00007f1e63910000]
CodeHeap 'profiled nmethods': size=120032Kb used=3413Kb max_used=3413Kb free=116619Kb
 bounds [0x00007f1e54e9f000, 0x00007f1e551ff000, 0x00007f1e5c3d7000]
CodeHeap 'non-nmethods': size=5692Kb used=1247Kb max_used=1264Kb free=4444Kb
 bounds [0x00007f1e54910000, 0x00007f1e54b80000, 0x00007f1e54e9f000]
 total_blobs=2554 nmethods=1623 adapters=550
 compilation: enabled
              stopped_count=0, restarted_count=0
 full_count=0

Compilation events (20 events):
Event: 57.629 Thread 0x00007f1e6c061800 1639       4       java.awt.Component::getContainer (5 bytes)
Event: 57.630 Thread 0x00007f1e6c061800 nmethod 1639 0x00007f1e5c454390 code [0x00007f1e5c454520, 0x00007f1e5c454598]
Event: 57.630 Thread 0x00007f1e6c063800 1640       3       sun.awt.image.SunVolatileImage::getFont (43 bytes)
Event: 57.631 Thread 0x00007f1e6c063800 nmethod 1640 0x00007f1e551eaf90 code [0x00007f1e551eb180, 0x00007f1e551eb698]
Event: 57.631 Thread 0x00007f1e6c063800 1641       3       sun.java2d.xr.XRSurfaceData$XRPixmapSurfaceData::getBounds (16 bytes)
Event: 57.631 Thread 0x00007f1e6c063800 nmethod 1641 0x00007f1e551eb810 code [0x00007f1e551eb9e0, 0x00007f1e551ebdb0]
Event: 57.684 Thread 0x00007f1e6c063800 1642       3       java.awt.Component::getHWPeerAboveMe (90 bytes)
Event: 57.686 Thread 0x00007f1e6c063800 nmethod 1642 0x00007f1e551ebf10 code [0x00007f1e551ec2a0, 0x00007f1e551edce8]
Event: 57.686 Thread 0x00007f1e6c063800 1648       3       java.awt.Window::getBackground (5 bytes)
Event: 57.687 Thread 0x00007f1e6c063800 nmethod 1648 0x00007f1e551ee390 code [0x00007f1e551ee560, 0x00007f1e551ee8c8]
Event: 57.687 Thread 0x00007f1e6c063800 1643   !   3       sun.awt.X11.XGlobalCursorManager::getCursor (250 bytes)
Event: 57.689 Thread 0x00007f1e6c063800 nmethod 1643 0x00007f1e551ee990 code [0x00007f1e551eed60, 0x00007f1e551f0838]
Event: 57.689 Thread 0x00007f1e6c063800 1644       3       java.awt.Cursor$1::getPData (5 bytes)
Event: 57.689 Thread 0x00007f1e6c063800 nmethod 1644 0x00007f1e551f1210 code [0x00007f1e551f13c0, 0x00007f1e551f1530]
Event: 57.689 Thread 0x00007f1e6c063800 1645       3       java.awt.Cursor$1::getType (5 bytes)
Event: 57.690 Thread 0x00007f1e6c063800 nmethod 1645 0x00007f1e551f1610 code [0x00007f1e551f17c0, 0x00007f1e551f1930]
Event: 57.690 Thread 0x00007f1e6c063800 1646       3       sun.awt.X11.XSetWindowAttributes::set_cursor (21 bytes)
Event: 57.690 Thread 0x00007f1e6c063800 nmethod 1646 0x00007f1e551f1a10 code [0x00007f1e551f1c20, 0x00007f1e551f2108]
Event: 57.690 Thread 0x00007f1e6c063800 1647   !   3       sun.awt.X11.XGlobalCursorManager::getCursorPos (99 bytes)
Event: 57.692 Thread 0x00007f1e6c063800 nmethod 1647 0x00007f1e551f2310 code [0x00007f1e551f2680, 0x00007f1e551f3c68]

GC Heap History (14 events):
Event: 1.815 GC heap before
{Heap before GC invocations=0 (full 0):
 def new generation   total 2432K, used 2172K [0x00000000f8000000, 0x00000000f82a0000, 0x00000000faaa0000)
  eden space 2176K,  99% used [0x00000000f8000000, 0x00000000f821f180, 0x00000000f8220000)
  from space 256K,   0% used [0x00000000f8220000, 0x00000000f8220000, 0x00000000f8260000)
  to   space 256K,   0% used [0x00000000f8260000, 0x00000000f8260000, 0x00000000f82a0000)
 tenured generation   total 5504K, used 0K [0x00000000faaa0000, 0x00000000fb000000, 0x0000000100000000)
   the space 5504K,   0% used [0x00000000faaa0000, 0x00000000faaa0000, 0x00000000faaa0200, 0x00000000fb000000)
 Metaspace       used 1349K, capacity 4678K, committed 4864K, reserved 1056768K
  class space    used 137K, capacity 472K, committed 512K, reserved 1048576K
}
Event: 1.821 GC heap after
{Heap after GC invocations=1 (full 0):
 def new generation   total 2432K, used 256K [0x00000000f8000000, 0x00000000f82a0000, 0x00000000faaa0000)
  eden space 2176K,   0% used [0x00000000f8000000, 0x00000000f8000000, 0x00000000f8220000)
  from space 256K, 100% used [0x00000000f8260000, 0x00000000f82a0000, 0x00000000f82a0000)
  to   space 256K,   0% used [0x00000000f8220000, 0x00000000f8220000, 0x00000000f8260000)
 tenured generation   total 5504K, used 673K [0x00000000faaa0000, 0x00000000fb000000, 0x0000000100000000)
   the space 5504K,  12% used [0x00000000faaa0000, 0x00000000fab48440, 0x00000000fab48600, 0x00000000fb000000)
 Metaspace       used 1349K, capacity 4678K, committed 4864K, reserved 1056768K
  class space    used 137K, capacity 472K, committed 512K, reserved 1048576K
}
Event: 8.703 GC heap before
{Heap before GC invocations=1 (full 0):
 def new generation   total 2432K, used 2432K [0x00000000f8000000, 0x00000000f82a0000, 0x00000000faaa0000)
  eden space 2176K, 100% used [0x00000000f8000000, 0x00000000f8220000, 0x00000000f8220000)
  from space 256K, 100% used [0x00000000f8260000, 0x00000000f82a0000, 0x00000000f82a0000)
  to   space 256K,   0% used [0x00000000f8220000, 0x00000000f8220000, 0x00000000f8260000)
 tenured generation   total 5504K, used 673K [0x00000000faaa0000, 0x00000000fb000000, 0x0000000100000000)
   the space 5504K,  12% used [0x00000000faaa0000, 0x00000000fab48440, 0x00000000fab48600, 0x00000000fb000000)
 Metaspace       used 4031K, capacity 4907K, committed 4992K, reserved 1056768K
  class space    used 409K, capacity 556K, committed 640K, reserved 1048576K
}
Event: 8.714 GC heap after
{Heap after GC invocations=2 (full 0):
 def new generation   total 2432K, used 256K [0x00000000f8000000, 0x00000000f82a0000, 0x00000000faaa0000)
  eden space 2176K,   0% used [0x00000000f8000000, 0x00000000f8000000, 0x00000000f8220000)
  from space 256K, 100% used [0x00000000f8220000, 0x00000000f8260000, 0x00000000f8260000)
  to   space 256K,   0% used [0x00000000f8260000, 0x00000000f8260000, 0x00000000f82a0000)
 tenured generation   total 5504K, used 1153K [0x00000000faaa0000, 0x00000000fb000000, 0x0000000100000000)
   the space 5504K,  20% used [0x00000000faaa0000, 0x00000000fabc0438, 0x00000000fabc0600, 0x00000000fb000000)
 Metaspace       used 4031K, capacity 4907K, committed 4992K, reserved 1056768K
  class space    used 409K, capacity 556K, committed 640K, reserved 1048576K
}
Event: 9.599 GC heap before
{Heap before GC invocations=2 (full 0):
 def new generation   total 2432K, used 2432K [0x00000000f8000000, 0x00000000f82a0000, 0x00000000faaa0000)
  eden space 2176K, 100% used [0x00000000f8000000, 0x00000000f8220000, 0x00000000f8220000)
  from space 256K, 100% used [0x00000000f8220000, 0x00000000f8260000, 0x00000000f8260000)
  to   space 256K,   0% used [0x00000000f8260000, 0x00000000f8260000, 0x00000000f82a0000)
 tenured generation   total 5504K, used 1153K [0x00000000faaa0000, 0x00000000fb000000, 0x0000000100000000)
   the space 5504K,  20% used [0x00000000faaa0000, 0x00000000fabc0438, 0x00000000fabc0600, 0x00000000fb000000)
 Metaspace       used 5243K, capacity 5609K, committed 5888K, reserved 1056768K
  class space    used 589K, capacity 756K, committed 768K, reserved 1048576K
}
Event: 9.634 GC heap after
{Heap after GC invocations=3 (full 0):
 def new generation   total 2432K, used 256K [0x00000000f8000000, 0x00000000f82a0000, 0x00000000faaa0000)
  eden space 2176K,   0% used [0x00000000f8000000, 0x00000000f8000000, 0x00000000f8220000)
  from space 256K, 100% used [0x00000000f8260000, 0x00000000f82a0000, 0x00000000f82a0000)
  to   space 256K,   0% used [0x00000000f8220000, 0x00000000f8220000, 0x00000000f8260000)
 tenured generation   total 5504K, used 1544K [0x00000000faaa0000, 0x00000000fb000000, 0x0000000100000000)
   the space 5504K,  28% used [0x00000000faaa0000, 0x00000000fac221e8, 0x00000000fac22200, 0x00000000fb000000)
 Metaspace       used 5243K, capacity 5609K, committed 5888K, reserved 1056768K
  class space    used 589K, capacity 756K, committed 768K, reserved 1048576K
}
Event: 12.016 GC heap before
{Heap before GC invocations=3 (full 0):
 def new generation   total 2432K, used 2432K [0x00000000f8000000, 0x00000000f82a0000, 0x00000000faaa0000)
  eden space 2176K, 100% used [0x00000000f8000000, 0x00000000f8220000, 0x00000000f8220000)
  from space 256K, 100% used [0x00000000f8260000, 0x00000000f82a0000, 0x00000000f82a0000)
  to   space 256K,   0% used [0x00000000f8220000, 0x00000000f8220000, 0x00000000f8260000)
 tenured generation   total 5504K, used 1544K [0x00000000faaa0000, 0x00000000fb000000, 0x0000000100000000)
   the space 5504K,  28% used [0x00000000faaa0000, 0x00000000fac221e8, 0x00000000fac22200, 0x00000000fb000000)
 Metaspace       used 7740K, capacity 8191K, committed 8320K, reserved 1056768K
  class space    used 848K, capacity 1063K, committed 1152K, reserved 1048576K
}
Event: 12.119 GC heap after
{Heap after GC invocations=4 (full 0):
 def new generation   total 2432K, used 255K [0x00000000f8000000, 0x00000000f82a0000, 0x00000000faaa0000)
  eden space 2176K,   0% used [0x00000000f8000000, 0x00000000f8000000, 0x00000000f8220000)
  from space 256K,  99% used [0x00000000f8220000, 0x00000000f825fff8, 0x00000000f8260000)
  to   space 256K,   0% used [0x00000000f8260000, 0x00000000f8260000, 0x00000000f82a0000)
 tenured generation   total 5504K, used 2090K [0x00000000faaa0000, 0x00000000fb000000, 0x0000000100000000)
   the space 5504K,  37% used [0x00000000faaa0000, 0x00000000facaa8d8, 0x00000000facaaa00, 0x00000000fb000000)
 Metaspace       used 7740K, capacity 8191K, committed 8320K, reserved 1056768K
  class space    used 848K, capacity 1063K, committed 1152K, reserved 1048576K
}
Event: 12.907 GC heap before
{Heap before GC invocations=4 (full 0):
 def new generation   total 2432K, used 2431K [0x00000000f8000000, 0x00000000f82a0000, 0x00000000faaa0000)
  eden space 2176K, 100% used [0x00000000f8000000, 0x00000000f8220000, 0x00000000f8220000)
  from space 256K,  99% used [0x00000000f8220000, 0x00000000f825fff8, 0x00000000f8260000)
  to   space 256K,   0% used [0x00000000f8260000, 0x00000000f8260000, 0x00000000f82a0000)
 tenured generation   total 5504K, used 2090K [0x00000000faaa0000, 0x00000000fb000000, 0x0000000100000000)
   the space 5504K,  37% used [0x00000000faaa0000, 0x00000000facaa8d8, 0x00000000facaaa00, 0x00000000fb000000)
 Metaspace       used 7997K, capacity 8501K, committed 8576K, reserved 1056768K
  class space    used 897K, capacity 1147K, committed 1152K, reserved 1048576K
}
Event: 12.910 GC heap after
{Heap after GC invocations=5 (full 0):
 def new generation   total 2432K, used 175K [0x00000000f8000000, 0x00000000f82a0000, 0x00000000faaa0000)
  eden space 2176K,   0% used [0x00000000f8000000, 0x00000000f8000000, 0x00000000f8220000)
  from space 256K,  68% used [0x00000000f8260000, 0x00000000f828be28, 0x00000000f82a0000)
  to   space 256K,   0% used [0x00000000f8220000, 0x00000000f8220000, 0x00000000f8260000)
 tenured generation   total 5504K, used 2341K [0x00000000faaa0000, 0x00000000fb000000, 0x0000000100000000)
   the space 5504K,  42% used [0x00000000faaa0000, 0x00000000face9588, 0x00000000face9600, 0x00000000fb000000)
 Metaspace       used 7997K, capacity 8501K, committed 8576K, reserved 1056768K
  class space    used 897K, capacity 1147K, committed 1152K, reserved 1048576K
}
Event: 17.672 GC heap before
{Heap before GC invocations=5 (full 0):
 def new generation   total 2432K, used 2351K [0x00000000f8000000, 0x00000000f82a0000, 0x00000000faaa0000)
  eden space 2176K,  99% used [0x00000000f8000000, 0x00000000f821fff8, 0x00000000f8220000)
  from space 256K,  68% used [0x00000000f8260000, 0x00000000f828be28, 0x00000000f82a0000)
  to   space 256K,   0% used [0x00000000f8220000, 0x00000000f8220000, 0x00000000f8260000)
 tenured generation   total 5504K, used 2341K [0x00000000faaa0000, 0x00000000fb000000, 0x0000000100000000)
   the space 5504K,  42% used [0x00000000faaa0000, 0x00000000face9588, 0x00000000face9600, 0x00000000fb000000)
 Metaspace       used 9290K, capacity 9890K, committed 10112K, reserved 1058816K
  class space    used 1044K, capacity 1310K, committed 1408K, reserved 1048576K
}
Event: 17.676 GC heap after
{Heap after GC invocations=6 (full 0):
 def new generation   total 2432K, used 255K [0x00000000f8000000, 0x00000000f82a0000, 0x00000000faaa0000)
  eden space 2176K,   0% used [0x00000000f8000000, 0x00000000f8000000, 0x00000000f8220000)
  from space 256K,  99% used [0x00000000f8220000, 0x00000000f825fff8, 0x00000000f8260000)
  to   space 256K,   0% used [0x00000000f8260000, 0x00000000f8260000, 0x00000000f82a0000)
 tenured generation   total 5504K, used 2951K [0x00000000faaa0000, 0x00000000fb000000, 0x0000000100000000)
   the space 5504K,  53% used [0x00000000faaa0000, 0x00000000fad81fb0, 0x00000000fad82000, 0x00000000fb000000)
 Metaspace       used 9290K, capacity 9890K, committed 10112K, reserved 1058816K
  class space    used 1044K, capacity 1310K, committed 1408K, reserved 1048576K
}
Event: 52.645 GC heap before
{Heap before GC invocations=6 (full 0):
 def new generation   total 2432K, used 2431K [0x00000000f8000000, 0x00000000f82a0000, 0x00000000faaa0000)
  eden space 2176K, 100% used [0x00000000f8000000, 0x00000000f8220000, 0x00000000f8220000)
  from space 256K,  99% used [0x00000000f8220000, 0x00000000f825fff8, 0x00000000f8260000)
  to   space 256K,   0% used [0x00000000f8260000, 0x00000000f8260000, 0x00000000f82a0000)
 tenured generation   total 5504K, used 2951K [0x00000000faaa0000, 0x00000000fb000000, 0x0000000100000000)
   the space 5504K,  53% used [0x00000000faaa0000, 0x00000000fad81fb0, 0x00000000fad82000, 0x00000000fb000000)
 Metaspace       used 9893K, capacity 10466K, committed 10880K, reserved 1058816K
  class space    used 1050K, capacity 1310K, committed 1408K, reserved 1048576K
}
Event: 52.655 GC heap after
{Heap after GC invocations=7 (full 0):
 def new generation   total 2432K, used 11K [0x00000000f8000000, 0x00000000f82a0000, 0x00000000faaa0000)
  eden space 2176K,   0% used [0x00000000f8000000, 0x00000000f8000000, 0x00000000f8220000)
  from space 256K,   4% used [0x00000000f8260000, 0x00000000f8262f08, 0x00000000f82a0000)
  to   space 256K,   0% used [0x00000000f8220000, 0x00000000f8220000, 0x00000000f8260000)
 tenured generation   total 5504K, used 3207K [0x00000000faaa0000, 0x00000000fb000000, 0x0000000100000000)
   the space 5504K,  58% used [0x00000000faaa0000, 0x00000000fadc1d30, 0x00000000fadc1e00, 0x00000000fb000000)
 Metaspace       used 9893K, capacity 10466K, committed 10880K, reserved 1058816K
  class space    used 1050K, capacity 1310K, committed 1408K, reserved 1048576K
}

Deoptimization events (16 events):
Event: 0.509 Thread 0x00007f1e6c014000 Uncommon trap: trap_request=0xffffff4d fr.pc=0x00007f1e5c3db660 relative=0x00000000000001c0
Event: 0.509 Thread 0x00007f1e6c014000 Uncommon trap: reason=unstable_if action=reinterpret pc=0x00007f1e5c3db660 method=java.lang.String.hashCode()I @ 14 c2
Event: 0.509 Thread 0x00007f1e6c014000 DEOPT PACKING pc=0x00007f1e5c3db660 sp=0x00007f1e7486b1b0
Event: 0.509 Thread 0x00007f1e6c014000 DEOPT UNPACKING pc=0x00007f1e549383a5 sp=0x00007f1e7486b168 mode 2
Event: 10.215 Thread 0x00007f1e6c3df800 DEOPT PACKING pc=0x00007f1e54fa0f0d sp=0x00007f1e2a2185c0
Event: 10.215 Thread 0x00007f1e6c3df800 DEOPT UNPACKING pc=0x00007f1e549381ba sp=0x00007f1e2a217a80 mode 0
Event: 10.323 Thread 0x00007f1e6c3e3800 DEOPT PACKING pc=0x00007f1e54fa0f0d sp=0x00007f1e2a1175c0
Event: 10.323 Thread 0x00007f1e6c3e3800 DEOPT UNPACKING pc=0x00007f1e549381ba sp=0x00007f1e2a116a80 mode 0
Event: 10.397 Thread 0x00007f1e6c3df800 DEOPT PACKING pc=0x00007f1e54fa0f54 sp=0x00007f1e2a2185c0
Event: 10.397 Thread 0x00007f1e6c3df800 DEOPT UNPACKING pc=0x00007f1e549381ba sp=0x00007f1e2a217a80 mode 0
Event: 10.404 Thread 0x00007f1e6c3e3800 DEOPT PACKING pc=0x00007f1e54fa0f0d sp=0x00007f1e2a1175c0
Event: 10.404 Thread 0x00007f1e6c3e3800 DEOPT UNPACKING pc=0x00007f1e549381ba sp=0x00007f1e2a116a80 mode 0
Event: 18.208 Thread 0x00007f1e6c317000 Uncommon trap: trap_request=0xffffff4d fr.pc=0x00007f1e5c42afc0 relative=0x00000000000000a0
Event: 18.208 Thread 0x00007f1e6c317000 Uncommon trap: reason=unstable_if action=reinterpret pc=0x00007f1e5c42afc0 method=java.awt.Component.inside(II)Z @ 13 c2
Event: 18.208 Thread 0x00007f1e6c317000 DEOPT PACKING pc=0x00007f1e5c42afc0 sp=0x00007f1e29f11c60
Event: 18.208 Thread 0x00007f1e6c317000 DEOPT UNPACKING pc=0x00007f1e549383a5 sp=0x00007f1e29f11b20 mode 2

Classes redefined (0 events):
No events

Internal exceptions (20 events):
Event: 8.502 Thread 0x00007f1e6c014000 Exception <a 'java/lang/NoSuchMethodError'{0x00000000f819c330}: 'void java.lang.invoke.DirectMethodHandle$Holder.invokeSpecial(java.lang.Object, java.lang.Object)'> (0x00000000f819c330) thrown at [/build/openjdk-lts-iuKaMP/openjdk-lts-11.0.6+10/src/hotspo
Event: 8.918 Thread 0x00007f1e6c014000 Exception <a 'java/lang/NoSuchMethodError'{0x00000000f804fd98}: 'java.lang.Object java.lang.invoke.DirectMethodHandle$Holder.invokeStatic(java.lang.Object, int, java.lang.Object, java.lang.Object, java.lang.Object, java.lang.Object)'> (0x00000000f804fd98)
Event: 8.920 Thread 0x00007f1e6c014000 Exception <a 'java/lang/NoSuchMethodError'{0x00000000f8057098}: 'java.lang.Object java.lang.invoke.DirectMethodHandle$Holder.invokeStatic(java.lang.Object, int, java.lang.Object, java.lang.Object, java.lang.Object)'> (0x00000000f8057098) thrown at [/build
Event: 8.920 Thread 0x00007f1e6c014000 Exception <a 'java/lang/NoSuchMethodError'{0x00000000f805abe0}: 'java.lang.Object java.lang.invoke.DirectMethodHandle$Holder.invokeSpecial(java.lang.Object, java.lang.Object, int, java.lang.Object, java.lang.Object, java.lang.Object)'> (0x00000000f805abe0
Event: 8.994 Thread 0x00007f1e6c014000 Exception <a 'java/lang/NoSuchMethodError'{0x00000000f8072968}: 'java.lang.Object java.lang.invoke.DirectMethodHandle$Holder.invokeStatic(java.lang.Object, int, java.lang.Object)'> (0x00000000f8072968) thrown at [/build/openjdk-lts-iuKaMP/openjdk-lts-11.0
Event: 9.216 Thread 0x00007f1e6c014000 Exception <a 'java/lang/NoSuchMethodError'{0x00000000f816dec8}: 'java.lang.Object java.lang.invoke.Invokers$Holder.linkToTargetMethod(java.lang.Object, int, java.lang.Object)'> (0x00000000f816dec8) thrown at [/build/openjdk-lts-iuKaMP/openjdk-lts-11.0.6+1
Event: 9.303 Thread 0x00007f1e6c014000 Exception <a 'java/lang/ClassNotFoundException'{0x00000000f81762a8}: com/sun/swing/internal/plaf/metal/resources/spi/metalProvider> (0x00000000f81762a8) thrown at [/build/openjdk-lts-iuKaMP/openjdk-lts-11.0.6+10/src/hotspot/share/classfile/systemDictionar
Event: 9.305 Thread 0x00007f1e6c014000 Exception <a 'java/lang/ClassNotFoundException'{0x00000000f817a518}: com/sun/swing/internal/plaf/basic/resources/spi/basicProvider> (0x00000000f817a518) thrown at [/build/openjdk-lts-iuKaMP/openjdk-lts-11.0.6+10/src/hotspot/share/classfile/systemDictionar
Event: 10.616 Thread 0x00007f1e6c014000 Exception <a 'java/lang/NoSuchMethodError'{0x00000000f80e28d0}: 'void java.lang.invoke.DirectMethodHandle$Holder.invokeStaticInit(java.lang.Object)'> (0x00000000f80e28d0) thrown at [/build/openjdk-lts-iuKaMP/openjdk-lts-11.0.6+10/src/hotspot/share/interpr
Event: 10.703 Thread 0x00007f1e6c014000 Exception <a 'java/lang/NoSuchMethodError'{0x00000000f81218b8}: 'java.lang.Object java.lang.invoke.DirectMethodHandle$Holder.invokeStatic(java.lang.Object, java.lang.Object, java.lang.Object, java.lang.Object, java.lang.Object, java.lang.Object, java.lang
Event: 10.706 Thread 0x00007f1e6c014000 Exception <a 'java/lang/NoSuchMethodError'{0x00000000f812e500}: 'java.lang.Object java.lang.invoke.DirectMethodHandle$Holder.invokeStatic(java.lang.Object, java.lang.Object, java.lang.Object, java.lang.Object, java.lang.Object, java.lang.Object, java.lang
Event: 12.125 Thread 0x00007f1e6c317000 Exception <a 'java/lang/NoSuchMethodError'{0x00000000f80450c8}: 'java.lang.Object java.lang.invoke.DirectMethodHandle$Holder.invokeSpecial(java.lang.Object, java.lang.Object, int, int, java.lang.Object, java.lang.Object, java.lang.Object, java.lang.Object
Event: 12.126 Thread 0x00007f1e6c317000 Exception <a 'java/lang/NoSuchMethodError'{0x00000000f8049000}: 'java.lang.Object java.lang.invoke.DelegatingMethodHandle$Holder.reinvoke_L(java.lang.Object, int, int, java.lang.Object, java.lang.Object, java.lang.Object, java.lang.Object, java.lang.Objec
Event: 12.403 Thread 0x00007f1e6c317000 Exception <a 'java/lang/NoSuchMethodError'{0x00000000f80ee980}: 'java.lang.Object java.lang.invoke.Invokers$Holder.linkToTargetMethod(java.lang.Object, java.lang.Object, java.lang.Object, java.lang.Object, java.lang.Object, java.lang.Object)'> (0x00000000
Event: 12.603 Thread 0x00007f1e6c317000 Exception <a 'java/lang/NoSuchMethodError'{0x00000000f815f120}: 'java.lang.Object java.lang.invoke.DirectMethodHandle$Holder.invokeSpecial(java.lang.Object, java.lang.Object, int, int, java.lang.Object, java.lang.Object, java.lang.Object, java.lang.Object
Event: 12.603 Thread 0x00007f1e6c317000 Exception <a 'java/lang/NoSuchMethodError'{0x00000000f8162da8}: 'java.lang.Object java.lang.invoke.DelegatingMethodHandle$Holder.reinvoke_L(java.lang.Object, int, int, java.lang.Object, java.lang.Object, java.lang.Object, java.lang.Object)'> (0x00000000f8
Event: 13.709 Thread 0x00007f1e6c317000 Exception <a 'java/lang/NoSuchMethodError'{0x00000000f8163320}: 'java.lang.Object java.lang.invoke.DirectMethodHandle$Holder.invokeStatic(java.lang.Object, java.lang.Object, java.lang.Object, java.lang.Object, java.lang.Object, java.lang.Object, java.lang
Event: 13.711 Thread 0x00007f1e6c317000 Exception <a 'java/lang/NoSuchMethodError'{0x00000000f8181e10}: 'java.lang.Object java.lang.invoke.DirectMethodHandle$Holder.invokeStatic(java.lang.Object, java.lang.Object, java.lang.Object, java.lang.Object, java.lang.Object, java.lang.Object, java.lang
Event: 13.713 Thread 0x00007f1e6c317000 Exception <a 'java/lang/NoSuchMethodError'{0x00000000f81a1428}: 'java.lang.Object java.lang.invoke.DirectMethodHandle$Holder.invokeStatic(java.lang.Object, java.lang.Object, java.lang.Object, java.lang.Object, java.lang.Object, java.lang.Object, java.lang
Event: 13.715 Thread 0x00007f1e6c317000 Exception <a 'java/lang/NoSuchMethodError'{0x00000000f81c2130}: 'java.lang.Object java.lang.invoke.DirectMethodHandle$Holder.invokeStatic(java.lang.Object, java.lang.Object, java.lang.Object, java.lang.Object, java.lang.Object, java.lang.Object, java.lang

Events (20 events):
Event: 52.202 Executing VM operation: RevokeBias done
Event: 52.202 Executing VM operation: RevokeBias
Event: 52.202 Executing VM operation: RevokeBias done
Event: 52.203 Executing VM operation: RevokeBias
Event: 52.203 Executing VM operation: RevokeBias done
Event: 52.645 Executing VM operation: GenCollectForAllocation
Event: 52.655 Executing VM operation: GenCollectForAllocation done
Event: 52.811 Executing VM operation: RevokeBias
Event: 52.811 Executing VM operation: RevokeBias done
Event: 221.122 loading class jdk/internal/misc/Signal$1
Event: 221.122 loading class jdk/internal/misc/Signal$1 done
Event: 221.200 Thread 0x00007f1e40001000 Thread added: 0x00007f1e40001000
Event: 221.205 Protecting memory [0x00007f1e2a018000,0x00007f1e2a01c000] with protection modes 0
Event: 221.205 Executing VM operation: RevokeBias
Event: 221.205 Executing VM operation: RevokeBias done
Event: 221.206 Executing VM operation: RevokeBias
Event: 221.206 Executing VM operation: RevokeBias done
Event: 221.207 Thread 0x00007f1e0800b000 Thread added: 0x00007f1e0800b000
Event: 221.209 Protecting memory [0x00007f1e2a119000,0x00007f1e2a11d000] with protection modes 0
Event: 221.209 loading class sun/awt/X11/XSystemTrayPeer


Dynamic libraries:
f8000000-f82a0000 rw-p 00000000 00:00 0 
f82a0000-faaa0000 ---p 00000000 00:00 0 
faaa0000-fb000000 rw-p 00000000 00:00 0 
fb000000-100000000 ---p 00000000 00:00 0 
800000000-800002000 rwxp 00001000 08:01 1796918                          /usr/lib/jvm/java-11-openjdk-amd64/lib/server/classes.jsa
800002000-8003b8000 rw-p 00003000 08:01 1796918                          /usr/lib/jvm/java-11-openjdk-amd64/lib/server/classes.jsa
8003b8000-800a8c000 r--p 003b9000 08:01 1796918                          /usr/lib/jvm/java-11-openjdk-amd64/lib/server/classes.jsa
800a8c000-800a8d000 rw-p 00a8d000 08:01 1796918                          /usr/lib/jvm/java-11-openjdk-amd64/lib/server/classes.jsa
800a8d000-801098000 r--p 00a8e000 08:01 1796918                          /usr/lib/jvm/java-11-openjdk-amd64/lib/server/classes.jsa
840000000-840160000 rw-p 00000000 00:00 0 
840160000-880000000 ---p 00000000 00:00 0 
562eccbdc000-562eccbdd000 r-xp 00000000 08:01 1796549                    /usr/lib/jvm/java-11-openjdk-amd64/bin/java
562eccddd000-562eccdde000 r--p 00001000 08:01 1796549                    /usr/lib/jvm/java-11-openjdk-amd64/bin/java
562eccdde000-562eccddf000 rw-p 00002000 08:01 1796549                    /usr/lib/jvm/java-11-openjdk-amd64/bin/java
562ecd9e2000-562ecda03000 rw-p 00000000 00:00 0                          [heap]
7f1e00000000-7f1e00368000 rw-p 00000000 00:00 0 
7f1e00368000-7f1e04000000 ---p 00000000 00:00 0 
7f1e08000000-7f1e08021000 rw-p 00000000 00:00 0 
7f1e08021000-7f1e0c000000 ---p 00000000 00:00 0 
7f1e0c000000-7f1e0c021000 rw-p 00000000 00:00 0 
7f1e0c021000-7f1e10000000 ---p 00000000 00:00 0 
7f1e10000000-7f1e10021000 rw-p 00000000 00:00 0 
7f1e10021000-7f1e14000000 ---p 00000000 00:00 0 
7f1e14000000-7f1e14070000 rw-p 00000000 00:00 0 
7f1e14070000-7f1e18000000 ---p 00000000 00:00 0 
7f1e18000000-7f1e18021000 rw-p 00000000 00:00 0 
7f1e18021000-7f1e1c000000 ---p 00000000 00:00 0 
7f1e1c000000-7f1e1c021000 rw-p 00000000 00:00 0 
7f1e1c021000-7f1e20000000 ---p 00000000 00:00 0 
7f1e20000000-7f1e20021000 rw-p 00000000 00:00 0 
7f1e20021000-7f1e24000000 ---p 00000000 00:00 0 
7f1e24000000-7f1e24021000 rw-p 00000000 00:00 0 
7f1e24021000-7f1e28000000 ---p 00000000 00:00 0 
7f1e29c16000-7f1e29d56000 rw-p 00000000 00:00 0 
7f1e29d56000-7f1e29e16000 ---p 00000000 00:00 0 
7f1e29e16000-7f1e29e1a000 ---p 00000000 00:00 0 
7f1e29e1a000-7f1e29f17000 rw-p 00000000 00:00 0 
7f1e29f17000-7f1e29f1b000 ---p 00000000 00:00 0 
7f1e29f1b000-7f1e2a018000 rw-p 00000000 00:00 0 
7f1e2a018000-7f1e2a01c000 ---p 00000000 00:00 0 
7f1e2a01c000-7f1e2a119000 rw-p 00000000 00:00 0 
7f1e2a119000-7f1e2a11d000 ---p 00000000 00:00 0 
7f1e2a11d000-7f1e2a21a000 rw-p 00000000 00:00 0 
7f1e2a21a000-7f1e2a21e000 ---p 00000000 00:00 0 
7f1e2a21e000-7f1e2a31b000 rw-p 00000000 00:00 0 
7f1e2a31b000-7f1e2a320000 r-xp 00000000 08:01 777018                     /usr/lib/x86_64-linux-gnu/libXfixes.so.3.1.0
7f1e2a320000-7f1e2a51f000 ---p 00005000 08:01 777018                     /usr/lib/x86_64-linux-gnu/libXfixes.so.3.1.0
7f1e2a51f000-7f1e2a520000 r--p 00004000 08:01 777018                     /usr/lib/x86_64-linux-gnu/libXfixes.so.3.1.0
7f1e2a520000-7f1e2a521000 rw-p 00005000 08:01 777018                     /usr/lib/x86_64-linux-gnu/libXfixes.so.3.1.0
7f1e2a521000-7f1e2a52a000 r-xp 00000000 08:01 777010                     /usr/lib/x86_64-linux-gnu/libXcursor.so.1.0.2
7f1e2a52a000-7f1e2a729000 ---p 00009000 08:01 777010                     /usr/lib/x86_64-linux-gnu/libXcursor.so.1.0.2
7f1e2a729000-7f1e2a72a000 r--p 00008000 08:01 777010                     /usr/lib/x86_64-linux-gnu/libXcursor.so.1.0.2
7f1e2a72a000-7f1e2a72b000 rw-p 00009000 08:01 777010                     /usr/lib/x86_64-linux-gnu/libXcursor.so.1.0.2
7f1e2a72b000-7f1e2a72c000 ---p 00000000 00:00 0 
7f1e2a72c000-7f1e2af2c000 rw-p 00000000 00:00 0 
7f1e2af2c000-7f1e2af2d000 ---p 00000000 00:00 0 
7f1e2af2d000-7f1e2b72d000 rw-p 00000000 00:00 0 
7f1e2b72d000-7f1e2b739000 r-xp 00000000 08:01 776768                     /usr/lib/x86_64-linux-gnu/gio/modules/libdconfsettings.so
7f1e2b739000-7f1e2b938000 ---p 0000c000 08:01 776768                     /usr/lib/x86_64-linux-gnu/gio/modules/libdconfsettings.so
7f1e2b938000-7f1e2b939000 r--p 0000b000 08:01 776768                     /usr/lib/x86_64-linux-gnu/gio/modules/libdconfsettings.so
7f1e2b939000-7f1e2b93a000 rw-p 0000c000 08:01 776768                     /usr/lib/x86_64-linux-gnu/gio/modules/libdconfsettings.so
7f1e2b93a000-7f1e2b940000 r-xp 00000000 08:01 1536745                    /lib/x86_64-linux-gnu/libuuid.so.1.3.0
7f1e2b940000-7f1e2bb3f000 ---p 00006000 08:01 1536745                    /lib/x86_64-linux-gnu/libuuid.so.1.3.0
7f1e2bb3f000-7f1e2bb40000 r--p 00005000 08:01 1536745                    /lib/x86_64-linux-gnu/libuuid.so.1.3.0
7f1e2bb40000-7f1e2bb41000 rw-p 00006000 08:01 1536745                    /lib/x86_64-linux-gnu/libuuid.so.1.3.0
7f1e2bb41000-7f1e2bb88000 r-xp 00000000 08:01 260017                     /lib/x86_64-linux-gnu/libblkid.so.1.1.0
7f1e2bb88000-7f1e2bd88000 ---p 00047000 08:01 260017                     /lib/x86_64-linux-gnu/libblkid.so.1.1.0
7f1e2bd88000-7f1e2bd8c000 r--p 00047000 08:01 260017                     /lib/x86_64-linux-gnu/libblkid.so.1.1.0
7f1e2bd8c000-7f1e2bd8d000 rw-p 0004b000 08:01 260017                     /lib/x86_64-linux-gnu/libblkid.so.1.1.0
7f1e2bd8d000-7f1e2bd8e000 rw-p 00000000 00:00 0 
7f1e2bd8e000-7f1e2bdfe000 r-xp 00000000 08:01 260080                     /lib/x86_64-linux-gnu/libpcre.so.3.13.3
7f1e2bdfe000-7f1e2bffe000 ---p 00070000 08:01 260080                     /lib/x86_64-linux-gnu/libpcre.so.3.13.3
7f1e2bffe000-7f1e2bfff000 r--p 00070000 08:01 260080                     /lib/x86_64-linux-gnu/libpcre.so.3.13.3
7f1e2bfff000-7f1e2c000000 rw-p 00071000 08:01 260080                     /lib/x86_64-linux-gnu/libpcre.so.3.13.3
7f1e2c000000-7f1e2c021000 rw-p 00000000 00:00 0 
7f1e2c021000-7f1e30000000 ---p 00000000 00:00 0 
7f1e30000000-7f1e30021000 rw-p 00000000 00:00 0 
7f1e30021000-7f1e34000000 ---p 00000000 00:00 0 
7f1e34000000-7f1e34021000 rw-p 00000000 00:00 0 
7f1e34021000-7f1e38000000 ---p 00000000 00:00 0 
7f1e38000000-7f1e38614000 rw-p 00000000 00:00 0 
7f1e38614000-7f1e3c000000 ---p 00000000 00:00 0 
7f1e3c017000-7f1e3c01b000 ---p 00000000 00:00 0 
7f1e3c01b000-7f1e3c118000 rw-p 00000000 00:00 0 
7f1e3c118000-7f1e3c11f000 r-xp 00000000 08:01 261601                     /usr/lib/x86_64-linux-gnu/libffi.so.6.0.4
7f1e3c11f000-7f1e3c31e000 ---p 00007000 08:01 261601                     /usr/lib/x86_64-linux-gnu/libffi.so.6.0.4
7f1e3c31e000-7f1e3c31f000 r--p 00006000 08:01 261601                     /usr/lib/x86_64-linux-gnu/libffi.so.6.0.4
7f1e3c31f000-7f1e3c320000 rw-p 00007000 08:01 261601                     /usr/lib/x86_64-linux-gnu/libffi.so.6.0.4
7f1e3c320000-7f1e3c371000 r-xp 00000000 08:01 260051                     /lib/x86_64-linux-gnu/libmount.so.1.1.0
7f1e3c371000-7f1e3c570000 ---p 00051000 08:01 260051                     /lib/x86_64-linux-gnu/libmount.so.1.1.0
7f1e3c570000-7f1e3c572000 r--p 00050000 08:01 260051                     /lib/x86_64-linux-gnu/libmount.so.1.1.0
7f1e3c572000-7f1e3c573000 rw-p 00052000 08:01 260051                     /lib/x86_64-linux-gnu/libmount.so.1.1.0
7f1e3c573000-7f1e3c574000 rw-p 00000000 00:00 0 
7f1e3c574000-7f1e3c58b000 r-xp 00000000 08:01 260085                     /lib/x86_64-linux-gnu/libresolv-2.27.so
7f1e3c58b000-7f1e3c78b000 ---p 00017000 08:01 260085                     /lib/x86_64-linux-gnu/libresolv-2.27.so
7f1e3c78b000-7f1e3c78c000 r--p 00017000 08:01 260085                     /lib/x86_64-linux-gnu/libresolv-2.27.so
7f1e3c78c000-7f1e3c78d000 rw-p 00018000 08:01 260085                     /lib/x86_64-linux-gnu/libresolv-2.27.so
7f1e3c78d000-7f1e3c78f000 rw-p 00000000 00:00 0 
7f1e3c78f000-7f1e3c7b4000 r-xp 00000000 08:01 260091                     /lib/x86_64-linux-gnu/libselinux.so.1
7f1e3c7b4000-7f1e3c9b3000 ---p 00025000 08:01 260091                     /lib/x86_64-linux-gnu/libselinux.so.1
7f1e3c9b3000-7f1e3c9b4000 r--p 00024000 08:01 260091                     /lib/x86_64-linux-gnu/libselinux.so.1
7f1e3c9b4000-7f1e3c9b5000 rw-p 00025000 08:01 260091                     /lib/x86_64-linux-gnu/libselinux.so.1
7f1e3c9b5000-7f1e3c9b7000 rw-p 00000000 00:00 0 
7f1e3c9b7000-7f1e3cacb000 r-xp 00000000 08:01 777316                     /usr/lib/x86_64-linux-gnu/libglib-2.0.so.0.5600.4
7f1e3cacb000-7f1e3cccb000 ---p 00114000 08:01 777316                     /usr/lib/x86_64-linux-gnu/libglib-2.0.so.0.5600.4
7f1e3cccb000-7f1e3cccc000 r--p 00114000 08:01 777316                     /usr/lib/x86_64-linux-gnu/libglib-2.0.so.0.5600.4
7f1e3cccc000-7f1e3cccd000 rw-p 00115000 08:01 777316                     /usr/lib/x86_64-linux-gnu/libglib-2.0.so.0.5600.4
7f1e3cccd000-7f1e3ccce000 rw-p 00000000 00:00 0 
7f1e3ccce000-7f1e3ccd1000 r-xp 00000000 08:01 777320                     /usr/lib/x86_64-linux-gnu/libgmodule-2.0.so.0.5600.4
7f1e3ccd1000-7f1e3ced0000 ---p 00003000 08:01 777320                     /usr/lib/x86_64-linux-gnu/libgmodule-2.0.so.0.5600.4
7f1e3ced0000-7f1e3ced1000 r--p 00002000 08:01 777320                     /usr/lib/x86_64-linux-gnu/libgmodule-2.0.so.0.5600.4
7f1e3ced1000-7f1e3ced2000 rw-p 00003000 08:01 777320                     /usr/lib/x86_64-linux-gnu/libgmodule-2.0.so.0.5600.4
7f1e3ced2000-7f1e3cf24000 r-xp 00000000 08:01 777324                     /usr/lib/x86_64-linux-gnu/libgobject-2.0.so.0.5600.4
7f1e3cf24000-7f1e3d124000 ---p 00052000 08:01 777324                     /usr/lib/x86_64-linux-gnu/libgobject-2.0.so.0.5600.4
7f1e3d124000-7f1e3d125000 r--p 00052000 08:01 777324                     /usr/lib/x86_64-linux-gnu/libgobject-2.0.so.0.5600.4
7f1e3d125000-7f1e3d126000 rw-p 00053000 08:01 777324                     /usr/lib/x86_64-linux-gnu/libgobject-2.0.so.0.5600.4
7f1e3d126000-7f1e3d2bb000 r-xp 00000000 08:01 777308                     /usr/lib/x86_64-linux-gnu/libgio-2.0.so.0.5600.4
7f1e3d2bb000-7f1e3d4bb000 ---p 00195000 08:01 777308                     /usr/lib/x86_64-linux-gnu/libgio-2.0.so.0.5600.4
7f1e3d4bb000-7f1e3d4c2000 r--p 00195000 08:01 777308                     /usr/lib/x86_64-linux-gnu/libgio-2.0.so.0.5600.4
7f1e3d4c2000-7f1e3d4c3000 rw-p 0019c000 08:01 777308                     /usr/lib/x86_64-linux-gnu/libgio-2.0.so.0.5600.4
7f1e3d4c3000-7f1e3d4c5000 rw-p 00000000 00:00 0 
7f1e3d4c5000-7f1e3d4cf000 r-xp 00000000 08:01 777034                     /usr/lib/x86_64-linux-gnu/libXrandr.so.2.2.0
7f1e3d4cf000-7f1e3d6ce000 ---p 0000a000 08:01 777034                     /usr/lib/x86_64-linux-gnu/libXrandr.so.2.2.0
7f1e3d6ce000-7f1e3d6cf000 r--p 00009000 08:01 777034                     /usr/lib/x86_64-linux-gnu/libXrandr.so.2.2.0
7f1e3d6cf000-7f1e3d6d0000 rw-p 0000a000 08:01 777034                     /usr/lib/x86_64-linux-gnu/libXrandr.so.2.2.0
7f1e3d6d0000-7f1e3d701000 r-xp 00000000 08:01 777579                     /usr/lib/x86_64-linux-gnu/libpng16.so.16.34.0
7f1e3d701000-7f1e3d900000 ---p 00031000 08:01 777579                     /usr/lib/x86_64-linux-gnu/libpng16.so.16.34.0
7f1e3d900000-7f1e3d901000 r--p 00030000 08:01 777579                     /usr/lib/x86_64-linux-gnu/libpng16.so.16.34.0
7f1e3d901000-7f1e3d902000 rw-p 00031000 08:01 777579                     /usr/lib/x86_64-linux-gnu/libpng16.so.16.34.0
7f1e3d902000-7f1e3d9af000 r-xp 00000000 08:01 777291                     /usr/lib/x86_64-linux-gnu/libfreetype.so.6.15.0
7f1e3d9af000-7f1e3dbae000 ---p 000ad000 08:01 777291                     /usr/lib/x86_64-linux-gnu/libfreetype.so.6.15.0
7f1e3dbae000-7f1e3dbb5000 r--p 000ac000 08:01 777291                     /usr/lib/x86_64-linux-gnu/libfreetype.so.6.15.0
7f1e3dbb5000-7f1e3dbb6000 rw-p 000b3000 08:01 777291                     /usr/lib/x86_64-linux-gnu/libfreetype.so.6.15.0
7f1e3dbb6000-7f1e3dcea000 r-xp 00000000 08:01 1796879                    /usr/lib/jvm/java-11-openjdk-amd64/lib/libfontmanager.so
7f1e3dcea000-7f1e3dee9000 ---p 00134000 08:01 1796879                    /usr/lib/jvm/java-11-openjdk-amd64/lib/libfontmanager.so
7f1e3dee9000-7f1e3deea000 r--p 00133000 08:01 1796879                    /usr/lib/jvm/java-11-openjdk-amd64/lib/libfontmanager.so
7f1e3deea000-7f1e3deeb000 rw-p 00134000 08:01 1796879                    /usr/lib/jvm/java-11-openjdk-amd64/lib/libfontmanager.so
7f1e3deeb000-7f1e3deee000 rw-p 00000000 00:00 0 
7f1e3deee000-7f1e3df01000 r-xp 00000000 08:01 513588                     /lib/x86_64-linux-gnu/libbsd.so.0.8.7
7f1e3df01000-7f1e3e100000 ---p 00013000 08:01 513588                     /lib/x86_64-linux-gnu/libbsd.so.0.8.7
7f1e3e100000-7f1e3e101000 r--p 00012000 08:01 513588                     /lib/x86_64-linux-gnu/libbsd.so.0.8.7
7f1e3e101000-7f1e3e102000 rw-p 00013000 08:01 513588                     /lib/x86_64-linux-gnu/libbsd.so.0.8.7
7f1e3e102000-7f1e3e103000 rw-p 00000000 00:00 0 
7f1e3e103000-7f1e3e108000 r-xp 00000000 08:01 777014                     /usr/lib/x86_64-linux-gnu/libXdmcp.so.6.0.0
7f1e3e108000-7f1e3e307000 ---p 00005000 08:01 777014                     /usr/lib/x86_64-linux-gnu/libXdmcp.so.6.0.0
7f1e3e307000-7f1e3e308000 r--p 00004000 08:01 777014                     /usr/lib/x86_64-linux-gnu/libXdmcp.so.6.0.0
7f1e3e308000-7f1e3e309000 rw-p 00005000 08:01 777014                     /usr/lib/x86_64-linux-gnu/libXdmcp.so.6.0.0
7f1e3e309000-7f1e3e30b000 r-xp 00000000 08:01 777003                     /usr/lib/x86_64-linux-gnu/libXau.so.6.0.0
7f1e3e30b000-7f1e3e50b000 ---p 00002000 08:01 777003                     /usr/lib/x86_64-linux-gnu/libXau.so.6.0.0
7f1e3e50b000-7f1e3e50c000 r--p 00002000 08:01 777003                     /usr/lib/x86_64-linux-gnu/libXau.so.6.0.0
7f1e3e50c000-7f1e3e50d000 rw-p 00003000 08:01 777003                     /usr/lib/x86_64-linux-gnu/libXau.so.6.0.0
7f1e3e50d000-7f1e3e533000 r-xp 00000000 08:01 777712                     /usr/lib/x86_64-linux-gnu/libxcb.so.1.1.0
7f1e3e533000-7f1e3e733000 ---p 00026000 08:01 777712                     /usr/lib/x86_64-linux-gnu/libxcb.so.1.1.0
7f1e3e733000-7f1e3e734000 r--p 00026000 08:01 777712                     /usr/lib/x86_64-linux-gnu/libxcb.so.1.1.0
7f1e3e734000-7f1e3e735000 rw-p 00027000 08:01 777712                     /usr/lib/x86_64-linux-gnu/libxcb.so.1.1.0
7f1e3e735000-7f1e3e744000 r-xp 00000000 08:01 777024                     /usr/lib/x86_64-linux-gnu/libXi.so.6.1.0
7f1e3e744000-7f1e3e943000 ---p 0000f000 08:01 777024                     /usr/lib/x86_64-linux-gnu/libXi.so.6.1.0
7f1e3e943000-7f1e3e944000 r--p 0000e000 08:01 777024                     /usr/lib/x86_64-linux-gnu/libXi.so.6.1.0
7f1e3e944000-7f1e3e945000 rw-p 0000f000 08:01 777024                     /usr/lib/x86_64-linux-gnu/libXi.so.6.1.0
7f1e3e945000-7f1e3e94a000 r-xp 00000000 08:01 777042                     /usr/lib/x86_64-linux-gnu/libXtst.so.6.1.0
7f1e3e94a000-7f1e3eb49000 ---p 00005000 08:01 777042                     /usr/lib/x86_64-linux-gnu/libXtst.so.6.1.0
7f1e3eb49000-7f1e3eb4a000 r--p 00004000 08:01 777042                     /usr/lib/x86_64-linux-gnu/libXtst.so.6.1.0
7f1e3eb4a000-7f1e3eb4b000 rw-p 00005000 08:01 777042                     /usr/lib/x86_64-linux-gnu/libXtst.so.6.1.0
7f1e3eb4b000-7f1e3eb54000 r-xp 00000000 08:01 777036                     /usr/lib/x86_64-linux-gnu/libXrender.so.1.3.0
7f1e3eb54000-7f1e3ed53000 ---p 00009000 08:01 777036                     /usr/lib/x86_64-linux-gnu/libXrender.so.1.3.0
7f1e3ed53000-7f1e3ed54000 r--p 00008000 08:01 777036                     /usr/lib/x86_64-linux-gnu/libXrender.so.1.3.0
7f1e3ed54000-7f1e3ed55000 rw-p 00009000 08:01 777036                     /usr/lib/x86_64-linux-gnu/libXrender.so.1.3.0
7f1e3ed55000-7f1e3ee88000 r-xp 00000000 08:01 777001                     /usr/lib/x86_64-linux-gnu/libX11.so.6.3.0
7f1e3ee88000-7f1e3f088000 ---p 00133000 08:01 777001                     /usr/lib/x86_64-linux-gnu/libX11.so.6.3.0
7f1e3f088000-7f1e3f089000 r--p 00133000 08:01 777001                     /usr/lib/x86_64-linux-gnu/libX11.so.6.3.0
7f1e3f089000-7f1e3f08d000 rw-p 00134000 08:01 777001                     /usr/lib/x86_64-linux-gnu/libX11.so.6.3.0
7f1e3f08d000-7f1e3f09e000 r-xp 00000000 08:01 777016                     /usr/lib/x86_64-linux-gnu/libXext.so.6.4.0
7f1e3f09e000-7f1e3f29d000 ---p 00011000 08:01 777016                     /usr/lib/x86_64-linux-gnu/libXext.so.6.4.0
7f1e3f29d000-7f1e3f29e000 r--p 00010000 08:01 777016                     /usr/lib/x86_64-linux-gnu/libXext.so.6.4.0
7f1e3f29e000-7f1e3f29f000 rw-p 00011000 08:01 777016                     /usr/lib/x86_64-linux-gnu/libXext.so.6.4.0
7f1e3f29f000-7f1e3f2fe000 r-xp 00000000 08:01 1796876                    /usr/lib/jvm/java-11-openjdk-amd64/lib/libawt_xawt.so
7f1e3f2fe000-7f1e3f4fd000 ---p 0005f000 08:01 1796876                    /usr/lib/jvm/java-11-openjdk-amd64/lib/libawt_xawt.so
7f1e3f4fd000-7f1e3f4fe000 r--p 0005e000 08:01 1796876                    /usr/lib/jvm/java-11-openjdk-amd64/lib/libawt_xawt.so
7f1e3f4fe000-7f1e3f501000 rw-p 0005f000 08:01 1796876                    /usr/lib/jvm/java-11-openjdk-amd64/lib/libawt_xawt.so
7f1e3f501000-7f1e3f503000 rw-p 00000000 00:00 0 
7f1e3f503000-7f1e3f5a2000 r-xp 00000000 08:01 1796874                    /usr/lib/jvm/java-11-openjdk-amd64/lib/libawt.so
7f1e3f5a2000-7f1e3f7a2000 ---p 0009f000 08:01 1796874                    /usr/lib/jvm/java-11-openjdk-amd64/lib/libawt.so
7f1e3f7a2000-7f1e3f7a3000 r--p 0009f000 08:01 1796874                    /usr/lib/jvm/java-11-openjdk-amd64/lib/libawt.so
7f1e3f7a3000-7f1e3f7ae000 rw-p 000a0000 08:01 1796874                    /usr/lib/jvm/java-11-openjdk-amd64/lib/libawt.so
7f1e3f7ae000-7f1e3f7d3000 rw-p 00000000 00:00 0 
7f1e3f7d3000-7f1e3f7e9000 r-xp 00000000 08:01 1796897                    /usr/lib/jvm/java-11-openjdk-amd64/lib/libnet.so
7f1e3f7e9000-7f1e3f9e8000 ---p 00016000 08:01 1796897                    /usr/lib/jvm/java-11-openjdk-amd64/lib/libnet.so
7f1e3f9e8000-7f1e3f9e9000 r--p 00015000 08:01 1796897                    /usr/lib/jvm/java-11-openjdk-amd64/lib/libnet.so
7f1e3f9e9000-7f1e3f9ea000 rw-p 00016000 08:01 1796897                    /usr/lib/jvm/java-11-openjdk-amd64/lib/libnet.so
7f1e3f9ea000-7f1e3f9fa000 r-xp 00000000 08:01 1796898                    /usr/lib/jvm/java-11-openjdk-amd64/lib/libnio.so
7f1e3f9fa000-7f1e3fbf9000 ---p 00010000 08:01 1796898                    /usr/lib/jvm/java-11-openjdk-amd64/lib/libnio.so
7f1e3fbf9000-7f1e3fbfa000 r--p 0000f000 08:01 1796898                    /usr/lib/jvm/java-11-openjdk-amd64/lib/libnio.so
7f1e3fbfa000-7f1e3fbfb000 rw-p 00010000 08:01 1796898                    /usr/lib/jvm/java-11-openjdk-amd64/lib/libnio.so
7f1e3fbfb000-7f1e3fbff000 ---p 00000000 00:00 0 
7f1e3fbff000-7f1e3fcfc000 rw-p 00000000 00:00 0 
7f1e3fcfc000-7f1e3fcfd000 ---p 00000000 00:00 0 
7f1e3fcfd000-7f1e3fdfe000 rw-p 00000000 00:00 0 
7f1e3fdfe000-7f1e3fe02000 ---p 00000000 00:00 0 
7f1e3fe02000-7f1e3feff000 rw-p 00000000 00:00 0 
7f1e3feff000-7f1e3ff03000 ---p 00000000 00:00 0 
7f1e3ff03000-7f1e40000000 rw-p 00000000 00:00 0 
7f1e40000000-7f1e40021000 rw-p 00000000 00:00 0 
7f1e40021000-7f1e44000000 ---p 00000000 00:00 0 
7f1e44000000-7f1e445da000 rw-p 00000000 00:00 0 
7f1e445da000-7f1e48000000 ---p 00000000 00:00 0 
7f1e48000000-7f1e48021000 rw-p 00000000 00:00 0 
7f1e48021000-7f1e4c000000 ---p 00000000 00:00 0 
7f1e4c000000-7f1e4c021000 rw-p 00000000 00:00 0 
7f1e4c021000-7f1e50000000 ---p 00000000 00:00 0 
7f1e50000000-7f1e50021000 rw-p 00000000 00:00 0 
7f1e50021000-7f1e54000000 ---p 00000000 00:00 0 
7f1e540d4000-7f1e540d8000 rw-s 00000000 00:05 983067                     /SYSV00000000 (deleted)
7f1e540d8000-7f1e540e4000 r--s 00000000 08:01 2063049                    /var/cache/fontconfig/cabbd14511b9e8a55e92af97fb3a0461-le64.cache-7
7f1e540e4000-7f1e540ed000 r--p 00000000 08:01 1025335                    /usr/share/glib-2.0/schemas/gschemas.compiled
7f1e540ed000-7f1e540f1000 ---p 00000000 00:00 0 
7f1e540f1000-7f1e541ee000 rw-p 00000000 00:00 0 
7f1e541ee000-7f1e541f2000 ---p 00000000 00:00 0 
7f1e541f2000-7f1e542ef000 rw-p 00000000 00:00 0 
7f1e542ef000-7f1e542f3000 ---p 00000000 00:00 0 
7f1e542f3000-7f1e543f0000 rw-p 00000000 00:00 0 
7f1e543f0000-7f1e5458b000 r--p 00000000 08:01 773539                     /usr/lib/locale/locale-archive
7f1e5458b000-7f1e5458f000 ---p 00000000 00:00 0 
7f1e5458f000-7f1e5468c000 rw-p 00000000 00:00 0 
7f1e5468c000-7f1e54690000 ---p 00000000 00:00 0 
7f1e54690000-7f1e5478d000 rw-p 00000000 00:00 0 
7f1e5478d000-7f1e5478e000 ---p 00000000 00:00 0 
7f1e5478e000-7f1e54910000 rw-p 00000000 00:00 0 
7f1e54910000-7f1e54b80000 rwxp 00000000 00:00 0 
7f1e54b80000-7f1e54e9f000 ---p 00000000 00:00 0 
7f1e54e9f000-7f1e551ff000 rwxp 00000000 00:00 0 
7f1e551ff000-7f1e5c3d7000 ---p 00000000 00:00 0 
7f1e5c3d7000-7f1e5c647000 rwxp 00000000 00:00 0 
7f1e5c647000-7f1e63910000 ---p 00000000 00:00 0 
7f1e6c000000-7f1e6c40c000 rw-p 00000000 00:00 0 
7f1e6c40c000-7f1e70000000 ---p 00000000 00:00 0 
7f1e70000000-7f1e7085b000 rw-p 00000000 00:00 0 
7f1e7085b000-7f1e70860000 rw-p 00000000 00:00 0 
7f1e70860000-7f1e70946000 ---p 00000000 00:00 0 
7f1e70946000-7f1e7094d000 rw-p 00000000 00:00 0 
7f1e7094d000-7f1e70a31000 ---p 00000000 00:00 0 
7f1e70a31000-7f1e70a36000 r-xp 00000000 08:01 1796889                    /usr/lib/jvm/java-11-openjdk-amd64/lib/libjimage.so
7f1e70a36000-7f1e70c35000 ---p 00005000 08:01 1796889                    /usr/lib/jvm/java-11-openjdk-amd64/lib/libjimage.so
7f1e70c35000-7f1e70c36000 r--p 00004000 08:01 1796889                    /usr/lib/jvm/java-11-openjdk-amd64/lib/libjimage.so
7f1e70c36000-7f1e70c37000 rw-p 00005000 08:01 1796889                    /usr/lib/jvm/java-11-openjdk-amd64/lib/libjimage.so
7f1e70c37000-7f1e70c3e000 r-xp 00000000 08:01 1796907                    /usr/lib/jvm/java-11-openjdk-amd64/lib/libzip.so
7f1e70c3e000-7f1e70e3d000 ---p 00007000 08:01 1796907                    /usr/lib/jvm/java-11-openjdk-amd64/lib/libzip.so
7f1e70e3d000-7f1e70e3e000 r--p 00006000 08:01 1796907                    /usr/lib/jvm/java-11-openjdk-amd64/lib/libzip.so
7f1e70e3e000-7f1e70e3f000 rw-p 00007000 08:01 1796907                    /usr/lib/jvm/java-11-openjdk-amd64/lib/libzip.so
7f1e70e3f000-7f1e70e4a000 r-xp 00000000 08:01 260064                     /lib/x86_64-linux-gnu/libnss_files-2.27.so
7f1e70e4a000-7f1e71049000 ---p 0000b000 08:01 260064                     /lib/x86_64-linux-gnu/libnss_files-2.27.so
7f1e71049000-7f1e7104a000 r--p 0000a000 08:01 260064                     /lib/x86_64-linux-gnu/libnss_files-2.27.so
7f1e7104a000-7f1e7104b000 rw-p 0000b000 08:01 260064                     /lib/x86_64-linux-gnu/libnss_files-2.27.so
7f1e7104b000-7f1e71051000 rw-p 00000000 00:00 0 
7f1e71051000-7f1e71068000 r-xp 00000000 08:01 260058                     /lib/x86_64-linux-gnu/libnsl-2.27.so
7f1e71068000-7f1e71267000 ---p 00017000 08:01 260058                     /lib/x86_64-linux-gnu/libnsl-2.27.so
7f1e71267000-7f1e71268000 r--p 00016000 08:01 260058                     /lib/x86_64-linux-gnu/libnsl-2.27.so
7f1e71268000-7f1e71269000 rw-p 00017000 08:01 260058                     /lib/x86_64-linux-gnu/libnsl-2.27.so
7f1e71269000-7f1e7126b000 rw-p 00000000 00:00 0 
7f1e7126b000-7f1e71276000 r-xp 00000000 08:01 260068                     /lib/x86_64-linux-gnu/libnss_nis-2.27.so
7f1e71276000-7f1e71475000 ---p 0000b000 08:01 260068                     /lib/x86_64-linux-gnu/libnss_nis-2.27.so
7f1e71475000-7f1e71476000 r--p 0000a000 08:01 260068                     /lib/x86_64-linux-gnu/libnss_nis-2.27.so
7f1e71476000-7f1e71477000 rw-p 0000b000 08:01 260068                     /lib/x86_64-linux-gnu/libnss_nis-2.27.so
7f1e71477000-7f1e7147f000 r-xp 00000000 08:01 260060                     /lib/x86_64-linux-gnu/libnss_compat-2.27.so
7f1e7147f000-7f1e7167f000 ---p 00008000 08:01 260060                     /lib/x86_64-linux-gnu/libnss_compat-2.27.so
7f1e7167f000-7f1e71680000 r--p 00008000 08:01 260060                     /lib/x86_64-linux-gnu/libnss_compat-2.27.so
7f1e71680000-7f1e71681000 rw-p 00009000 08:01 260060                     /lib/x86_64-linux-gnu/libnss_compat-2.27.so
7f1e71681000-7f1e716aa000 r-xp 00000000 08:01 1796885                    /usr/lib/jvm/java-11-openjdk-amd64/lib/libjava.so
7f1e716aa000-7f1e718a9000 ---p 00029000 08:01 1796885                    /usr/lib/jvm/java-11-openjdk-amd64/lib/libjava.so
7f1e718a9000-7f1e718aa000 r--p 00028000 08:01 1796885                    /usr/lib/jvm/java-11-openjdk-amd64/lib/libjava.so
7f1e718aa000-7f1e718ac000 rw-p 00029000 08:01 1796885                    /usr/lib/jvm/java-11-openjdk-amd64/lib/libjava.so
7f1e718ac000-7f1e718b9000 r-xp 00000000 08:01 1796906                    /usr/lib/jvm/java-11-openjdk-amd64/lib/libverify.so
7f1e718b9000-7f1e71ab8000 ---p 0000d000 08:01 1796906                    /usr/lib/jvm/java-11-openjdk-amd64/lib/libverify.so
7f1e71ab8000-7f1e71aba000 r--p 0000c000 08:01 1796906                    /usr/lib/jvm/java-11-openjdk-amd64/lib/libverify.so
7f1e71aba000-7f1e71abb000 rw-p 0000e000 08:01 1796906                    /usr/lib/jvm/java-11-openjdk-amd64/lib/libverify.so
7f1e71abb000-7f1e71ac2000 r-xp 00000000 08:01 260087                     /lib/x86_64-linux-gnu/librt-2.27.so
7f1e71ac2000-7f1e71cc1000 ---p 00007000 08:01 260087                     /lib/x86_64-linux-gnu/librt-2.27.so
7f1e71cc1000-7f1e71cc2000 r--p 00006000 08:01 260087                     /lib/x86_64-linux-gnu/librt-2.27.so
7f1e71cc2000-7f1e71cc3000 rw-p 00007000 08:01 260087                     /lib/x86_64-linux-gnu/librt-2.27.so
7f1e71cc3000-7f1e71cda000 r-xp 00000000 08:01 260040                     /lib/x86_64-linux-gnu/libgcc_s.so.1
7f1e71cda000-7f1e71ed9000 ---p 00017000 08:01 260040                     /lib/x86_64-linux-gnu/libgcc_s.so.1
7f1e71ed9000-7f1e71eda000 r--p 00016000 08:01 260040                     /lib/x86_64-linux-gnu/libgcc_s.so.1
7f1e71eda000-7f1e71edb000 rw-p 00017000 08:01 260040                     /lib/x86_64-linux-gnu/libgcc_s.so.1
7f1e71edb000-7f1e72078000 r-xp 00000000 08:01 260047                     /lib/x86_64-linux-gnu/libm-2.27.so
7f1e72078000-7f1e72277000 ---p 0019d000 08:01 260047                     /lib/x86_64-linux-gnu/libm-2.27.so
7f1e72277000-7f1e72278000 r--p 0019c000 08:01 260047                     /lib/x86_64-linux-gnu/libm-2.27.so
7f1e72278000-7f1e72279000 rw-p 0019d000 08:01 260047                     /lib/x86_64-linux-gnu/libm-2.27.so
7f1e72279000-7f1e723f2000 r-xp 00000000 08:01 261632                     /usr/lib/x86_64-linux-gnu/libstdc++.so.6.0.25
7f1e723f2000-7f1e725f2000 ---p 00179000 08:01 261632                     /usr/lib/x86_64-linux-gnu/libstdc++.so.6.0.25
7f1e725f2000-7f1e725fc000 r--p 00179000 08:01 261632                     /usr/lib/x86_64-linux-gnu/libstdc++.so.6.0.25
7f1e725fc000-7f1e725fe000 rw-p 00183000 08:01 261632                     /usr/lib/x86_64-linux-gnu/libstdc++.so.6.0.25
7f1e725fe000-7f1e72602000 rw-p 00000000 00:00 0 
7f1e72602000-7f1e736db000 r-xp 00000000 08:01 1796920                    /usr/lib/jvm/java-11-openjdk-amd64/lib/server/libjvm.so
7f1e736db000-7f1e738da000 ---p 010d9000 08:01 1796920                    /usr/lib/jvm/java-11-openjdk-amd64/lib/server/libjvm.so
7f1e738da000-7f1e73997000 r--p 010d8000 08:01 1796920                    /usr/lib/jvm/java-11-openjdk-amd64/lib/server/libjvm.so
7f1e73997000-7f1e739d1000 rw-p 01195000 08:01 1796920                    /usr/lib/jvm/java-11-openjdk-amd64/lib/server/libjvm.so
7f1e739d1000-7f1e73a27000 rw-p 00000000 00:00 0 
7f1e73a27000-7f1e73a41000 r-xp 00000000 08:01 260083                     /lib/x86_64-linux-gnu/libpthread-2.27.so
7f1e73a41000-7f1e73c40000 ---p 0001a000 08:01 260083                     /lib/x86_64-linux-gnu/libpthread-2.27.so
7f1e73c40000-7f1e73c41000 r--p 00019000 08:01 260083                     /lib/x86_64-linux-gnu/libpthread-2.27.so
7f1e73c41000-7f1e73c42000 rw-p 0001a000 08:01 260083                     /lib/x86_64-linux-gnu/libpthread-2.27.so
7f1e73c42000-7f1e73c46000 rw-p 00000000 00:00 0 
7f1e73c46000-7f1e73c49000 r-xp 00000000 08:01 260032                     /lib/x86_64-linux-gnu/libdl-2.27.so
7f1e73c49000-7f1e73e48000 ---p 00003000 08:01 260032                     /lib/x86_64-linux-gnu/libdl-2.27.so
7f1e73e48000-7f1e73e49000 r--p 00002000 08:01 260032                     /lib/x86_64-linux-gnu/libdl-2.27.so
7f1e73e49000-7f1e73e4a000 rw-p 00003000 08:01 260032                     /lib/x86_64-linux-gnu/libdl-2.27.so
7f1e73e4a000-7f1e73e66000 r-xp 00000000 08:01 260857                     /lib/x86_64-linux-gnu/libz.so.1.2.11
7f1e73e66000-7f1e74065000 ---p 0001c000 08:01 260857                     /lib/x86_64-linux-gnu/libz.so.1.2.11
7f1e74065000-7f1e74066000 r--p 0001b000 08:01 260857                     /lib/x86_64-linux-gnu/libz.so.1.2.11
7f1e74066000-7f1e74067000 rw-p 0001c000 08:01 260857                     /lib/x86_64-linux-gnu/libz.so.1.2.11
7f1e74067000-7f1e7424e000 r-xp 00000000 08:01 260022                     /lib/x86_64-linux-gnu/libc-2.27.so
7f1e7424e000-7f1e7444e000 ---p 001e7000 08:01 260022                     /lib/x86_64-linux-gnu/libc-2.27.so
7f1e7444e000-7f1e74452000 r--p 001e7000 08:01 260022                     /lib/x86_64-linux-gnu/libc-2.27.so
7f1e74452000-7f1e74454000 rw-p 001eb000 08:01 260022                     /lib/x86_64-linux-gnu/libc-2.27.so
7f1e74454000-7f1e74458000 rw-p 00000000 00:00 0 
7f1e74458000-7f1e74468000 r-xp 00000000 08:01 1796867                    /usr/lib/jvm/java-11-openjdk-amd64/lib/jli/libjli.so
7f1e74468000-7f1e74667000 ---p 00010000 08:01 1796867                    /usr/lib/jvm/java-11-openjdk-amd64/lib/jli/libjli.so
7f1e74667000-7f1e74668000 r--p 0000f000 08:01 1796867                    /usr/lib/jvm/java-11-openjdk-amd64/lib/jli/libjli.so
7f1e74668000-7f1e74669000 rw-p 00010000 08:01 1796867                    /usr/lib/jvm/java-11-openjdk-amd64/lib/jli/libjli.so
7f1e74669000-7f1e74690000 r-xp 00000000 08:01 260003                     /lib/x86_64-linux-gnu/ld-2.27.so
7f1e74692000-7f1e74696000 r--s 00000000 08:01 526914                     /var/cache/fontconfig/d589a48862398ed80a3d6066f4f56f4c-le64.cache-7
7f1e74696000-7f1e74697000 r--s 00000000 08:01 7200572                    /home/runner/.cache/dconf/user
7f1e74697000-7f1e74704000 rw-p 00000000 00:00 0 
7f1e74704000-7f1e7472c000 ---p 00000000 00:00 0 
7f1e7472c000-7f1e7472e000 rw-p 00000000 00:00 0 
7f1e7472e000-7f1e74741000 ---p 00000000 00:00 0 
7f1e74741000-7f1e74744000 rw-p 00000000 00:00 0 
7f1e74744000-7f1e7476c000 ---p 00000000 00:00 0 
7f1e7476c000-7f1e7476d000 rw-p 00000000 00:00 0 
7f1e7476d000-7f1e74771000 ---p 00000000 00:00 0 
7f1e74771000-7f1e74878000 rw-p 00000000 00:00 0 
7f1e74878000-7f1e7487f000 ---p 00000000 00:00 0 
7f1e7487f000-7f1e74887000 rw-s 00000000 08:01 7189115                    /tmp/hsperfdata_runner/400
7f1e74887000-7f1e74888000 ---p 00000000 00:00 0 
7f1e74888000-7f1e74889000 r--p 00000000 00:00 0 
7f1e74889000-7f1e7488a000 r--p 00000000 08:01 2063462                    /usr/local/lib/repl.so
7f1e7488a000-7f1e7488b000 r-xp 00001000 08:01 2063462                    /usr/local/lib/repl.so
7f1e7488b000-7f1e7488c000 r--p 00002000 08:01 2063462                    /usr/local/lib/repl.so
7f1e7488c000-7f1e7488d000 r--p 00002000 08:01 2063462                    /usr/local/lib/repl.so
7f1e7488d000-7f1e7488e000 rw-p 00003000 08:01 2063462                    /usr/local/lib/repl.so
7f1e7488e000-7f1e74890000 rw-p 00000000 00:00 0 
7f1e74890000-7f1e74891000 r--p 00027000 08:01 260003                     /lib/x86_64-linux-gnu/ld-2.27.so
7f1e74891000-7f1e74892000 rw-p 00028000 08:01 260003                     /lib/x86_64-linux-gnu/ld-2.27.so
7f1e74892000-7f1e74893000 rw-p 00000000 00:00 0 
7fff542e8000-7fff54309000 rw-p 00000000 00:00 0                          [stack]
7fff5433e000-7fff54341000 r--p 00000000 00:00 0                          [vvar]
7fff54341000-7fff54343000 r-xp 00000000 00:00 0                          [vdso]
ffffffffff600000-ffffffffff601000 r-xp 00000000 00:00 0                  [vsyscall]


VM Arguments:
java_command: Main
java_class_path (initial): .:/run_dir/junit-4.12.jar:target/dependency/*
Launcher Type: SUN_STANDARD

[Global flags]
     intx CICompilerCount                          = 2                                         {product} {ergonomic}
   size_t InitialHeapSize                          = 8388608                                   {product} {ergonomic}
   size_t MaxHeapSize                              = 134217728                                 {product} {ergonomic}
   size_t MaxNewSize                               = 44695552                                  {product} {ergonomic}
   size_t MinHeapDeltaBytes                        = 196608                                    {product} {ergonomic}
   size_t NewSize                                  = 2752512                                   {product} {ergonomic}
    uintx NonNMethodCodeHeapSize                   = 5825164                                {pd product} {ergonomic}
    uintx NonProfiledCodeHeapSize                  = 122916538                              {pd product} {ergonomic}
   size_t OldSize                                  = 5636096                                   {product} {ergonomic}
    uintx ProfiledCodeHeapSize                     = 122916538                              {pd product} {ergonomic}
    uintx ReservedCodeCacheSize                    = 251658240                              {pd product} {ergonomic}
     bool SegmentedCodeCache                       = true                                      {product} {ergonomic}
     bool UseCompressedClassPointers               = true                                 {lp64_product} {ergonomic}
     bool UseCompressedOops                        = true                                 {lp64_product} {ergonomic}
     bool UseSerialGC                              = true                                      {product} {ergonomic}

Logging:
Log output configuration:
 #0: stdout all=warning uptime,level,tags
 #1: stderr all=off uptime,level,tags

Environment Variables:
PATH=/home/runner/.apt/usr/bin:/usr/local/sbin:/usr/local/bin:/usr/sbin:/usr/bin:/sbin:/bin
LD_LIBRARY_PATH=/home/runner/.apt/usr/lib/x86_64-linux-gnu:/home/runner/.apt/usr/lib/i386-linux-gnu:/home/runner/.apt/usr/lib:
LD_PRELOAD=/usr/local/lib/repl.so
DISPLAY=MAGIC

Signal Handlers:
SIGSEGV: [libjvm.so+0xdf1470], sa_mask[0]=11111111011111111101111111111110, sa_flags=SA_RESTART|SA_SIGINFO
SIGBUS: [libjvm.so+0xdf1470], sa_mask[0]=11111111011111111101111111111110, sa_flags=SA_RESTART|SA_SIGINFO
SIGFPE: [libjvm.so+0xdf1470], sa_mask[0]=11111111011111111101111111111110, sa_flags=SA_RESTART|SA_SIGINFO
SIGPIPE: SIG_IGN, sa_mask[0]=00000000000010000000000000000000, sa_flags=SA_RESTART
SIGXFSZ: [libjvm.so+0xbc5560], sa_mask[0]=11111111011111111101111111111110, sa_flags=SA_RESTART|SA_SIGINFO
SIGILL: [libjvm.so+0xdf1470], sa_mask[0]=11111111011111111101111111111110, sa_flags=SA_RESTART|SA_SIGINFO
SIGUSR2: [libjvm.so+0xbc5400], sa_mask[0]=00000000000000000000000000000000, sa_flags=SA_RESTART|SA_SIGINFO
SIGHUP: [libjvm.so+0xbc5760], sa_mask[0]=11111111011111111101111111111110, sa_flags=SA_RESTART|SA_SIGINFO
SIGINT: [libjvm.so+0xbc5760], sa_mask[0]=11111111011111111101111111111110, sa_flags=SA_RESTART|SA_SIGINFO
SIGTERM: [libjvm.so+0xbc5760], sa_mask[0]=11111111011111111101111111111110, sa_flags=SA_RESTART|SA_SIGINFO
SIGQUIT: [libjvm.so+0xbc5760], sa_mask[0]=11111111011111111101111111111110, sa_flags=SA_RESTART|SA_SIGINFO


---------------  S Y S T E M  ---------------

OS:DISTRIB_ID=Ubuntu
DISTRIB_RELEASE=18.04
DISTRIB_CODENAME=bionic
DISTRIB_DESCRIPTION="Ubuntu 18.04.4 LTS"
uname:Linux 4.15.0-1036-gcp #38~16.04.1-Ubuntu SMP Tue Jun 25 15:30:46 UTC 2019 x86_64
libc:glibc 2.27 NPTL 2.27 
rlimit: STACK 8192k, CORE infinity, NPROC infinity, NOFILE 512, AS infinity, DATA infinity, FSIZE infinity
load average:4.70 5.14 5.84

/proc/meminfo:
MemTotal:       26747492 kB
MemFree:        10418468 kB
MemAvailable:   17588364 kB
Buffers:          373668 kB
Cached:          4273760 kB
SwapCached:            0 kB
Active:          9785448 kB
Inactive:        3797444 kB
Active(anon):    6804976 kB
Inactive(anon):    49176 kB
Active(file):    2980472 kB
Inactive(file):  3748268 kB
Unevictable:        3652 kB
Mlocked:            3652 kB
SwapTotal:             0 kB
SwapFree:              0 kB
Dirty:               896 kB
Writeback:             0 kB
AnonPages:       8939496 kB
Mapped:           631040 kB
Shmem:             94548 kB
Slab:            2099152 kB
SReclaimable:     859028 kB
SUnreclaim:      1240124 kB
KernelStack:      115136 kB
PageTables:       110632 kB
NFS_Unstable:          0 kB
Bounce:                0 kB
WritebackTmp:          0 kB
CommitLimit:    13373744 kB
Committed_AS:   99806868 kB
VmallocTotal:   34359738367 kB
VmallocUsed:           0 kB
VmallocChunk:          0 kB
HardwareCorrupted:     0 kB
AnonHugePages:   1228800 kB
ShmemHugePages:        0 kB
ShmemPmdMapped:        0 kB
CmaTotal:              0 kB
CmaFree:               0 kB
HugePages_Total:       0
HugePages_Free:        0
HugePages_Rsvd:        0
HugePages_Surp:        0
Hugepagesize:       2048 kB
DirectMap4k:     2985940 kB
DirectMap2M:    23228416 kB
DirectMap1G:     3145728 kB


/proc/sys/kernel/threads-max (system-wide limit on the number of threads):
208790


/proc/sys/vm/max_map_count (maximum number of memory map areas a process may have):
65530


/proc/sys/kernel/pid_max (system-wide limit on number of process identifiers):
32768



container (cgroup) information:
container_type: cgroupv1
cpu_cpuset_cpus: 0-3
cpu_memory_nodes: 0
active_processor_count: 1
cpu_quota: 50000
cpu_period: 100000
cpu_shares: 512
memory_limit_in_bytes: 536870912
memory_and_swap_limit_in_bytes: -2
memory_soft_limit_in_bytes: -1
memory_usage_in_bytes: 75091968
memory_max_usage_in_bytes: 536870912

KVM virtualization detected
Steal ticks since vm start: 0
Steal ticks percentage since vm start:  0.000

CPU:total 4 (initial active 1) (2 cores per cpu, 2 threads per core) family 6 model 63 stepping 0, cmov, cx8, fxsr, mmx, sse, sse2, sse3, ssse3, sse4.1, sse4.2, popcnt, avx, avx2, aes, clmul, erms, lzcnt, ht, tsc, tscinvbit, bmi1, bmi2, fma
CPU Model and flags from /proc/cpuinfo:
model name	: Intel(R) Xeon(R) CPU @ 2.30GHz
flags		: fpu vme de pse tsc msr pae mce cx8 apic sep mtrr pge mca cmov pat pse36 clflush mmx fxsr sse sse2 ss ht syscall nx pdpe1gb rdtscp lm constant_tsc rep_good nopl xtopology nonstop_tsc cpuid tsc_known_freq pni pclmulqdq ssse3 fma cx16 pcid sse4_1 sse4_2 x2apic movbe popcnt aes xsave avx f16c rdrand hypervisor lahf_lm abm invpcid_single pti ssbd ibrs ibpb stibp fsgsbase tsc_adjust bmi1 avx2 smep bmi2 erms invpcid xsaveopt arat md_clear arch_capabilities

Memory: 4k page, physical 524288k(450956k free), swap 0k(0k free)

vm_info: OpenJDK 64-Bit Server VM (11.0.6+10-post-Ubuntu-1ubuntu118.04.1) for linux-amd64 JRE (11.0.6+10-post-Ubuntu-1ubuntu118.04.1), built on Jan 15 2020 15:14:00 by "unknown" with gcc 7.4.0

END.
