#
# A fatal error has been detected by the Java Runtime Environment:
#
#  SIGSEGV (0xb) at pc=0x00007f4e86488401, pid=85, tid=361
#
# JRE version: OpenJDK Runtime Environment (11.0.7+10) (build 11.0.7+10-post-Ubuntu-2ubuntu218.04)
# Java VM: OpenJDK 64-Bit Server VM (11.0.7+10-post-Ubuntu-2ubuntu218.04, mixed mode, sharing, tiered, compressed oops, serial gc, linux-amd64)
# Problematic frame:
# C  [libjimage.so+0x2401]
#
# Core dump will be written. Default location: Core dumps may be processed with "/usr/share/apport/apport %p %s %c %d %P %E" (or dumping to /home/runner/Javaswing-Chess/core.85)
#
# If you would like to submit a bug report, please visit:
#   https://bugs.launchpad.net/ubuntu/+source/openjdk-lts
#

---------------  S U M M A R Y ------------

Command Line: Main

Host: Intel(R) Xeon(R) CPU @ 2.30GHz, 4 cores, 512M, Ubuntu 18.04.4 LTS
Time: Tue May 19 01:44:27 2020 UTC elapsed time: 634 seconds (0d 0h 10m 34s)

---------------  T H R E A D  ---------------

Current thread (0x00007f4e20001800):  JavaThread "XToolkt-Shutdown-Thread" [_thread_in_vm, id=361, stack(0x00007f4e2f9ee000,0x00007f4e2faef000)]

Stack: [0x00007f4e2f9ee000,0x00007f4e2faef000],  sp=0x00007f4e2faec060,  free space=1016k
Native frames: (J=compiled Java code, A=aot compiled Java code, j=interpreted, Vv=VM code, C=native code)
C  [libjimage.so+0x2401]
C  [libjimage.so+0x30ea]
C  [libjimage.so+0x35c6]  JIMAGE_FindResource+0xd6
V  [libjvm.so+0x59105e]
V  [libjvm.so+0x593dc0]
V  [libjvm.so+0xd503b5]
V  [libjvm.so+0xd4dd4a]
V  [libjvm.so+0xd50942]
V  [libjvm.so+0x646dd7]
V  [libjvm.so+0xa3bb7a]
V  [libjvm.so+0x843946]
V  [libjvm.so+0x84483d]
j  sun.awt.X11.XToolkit.lambda$init$0()V+0 java.desktop@11.0.7
j  sun.awt.X11.XToolkit$$Lambda$10.run()V+4 java.desktop@11.0.7
j  java.lang.Thread.run()V+11 java.base@11.0.7
v  ~StubRoutines::call_stub
V  [libjvm.so+0x84e319]
V  [libjvm.so+0x84c45d]
V  [libjvm.so+0x8f62ec]
V  [libjvm.so+0xd8918f]
V  [libjvm.so+0xd85acf]
V  [libjvm.so+0xbd59de]

Java frames: (J=compiled Java code, j=interpreted, Vv=VM code)
j  sun.awt.X11.XToolkit.lambda$init$0()V+0 java.desktop@11.0.7
j  sun.awt.X11.XToolkit$$Lambda$10.run()V+4 java.desktop@11.0.7
j  java.lang.Thread.run()V+11 java.base@11.0.7
v  ~StubRoutines::call_stub

siginfo: si_signo: 11 (SIGSEGV), si_code: 1 (SEGV_MAPERR), si_addr: 0x00007f4e7791fcf8

Register to memory mapping:

RAX=0x0000000000004b37 is an unknown value
RBX=0x00007f4e2faec111 is pointing into the stack for thread: 0x00007f4e20001800
RCX=0x00007f4e7790d01c is an unknown value
RDX=0x0000000000004b37 is an unknown value
RSP=0x00007f4e2faec060 is pointing into the stack for thread: 0x00007f4e20001800
RBP=0x00007f4e2faec080 is pointing into the stack for thread: 0x00007f4e20001800
RSI=0x00007f4e2faec110 is pointing into the stack for thread: 0x00007f4e20001800
RDI=0x00007f4e8668b130: <offset 0x0000000000205130> in /usr/lib/jvm/java-11-openjdk-amd64/lib/libjimage.so at 0x00007f4e86486000
R8 =0x0 is NULL
R9 =0x00000000ca0d71f0 is an unknown value
R10=0x00007f4e2faec134 is pointing into the stack for thread: 0x00007f4e20001800
R11=0x00007f4e88f093fd: <offset 0x0000000000eb23fd> in /usr/lib/jvm/java-11-openjdk-amd64/lib/server/libjvm.so at 0x00007f4e88057000
R12=0x00007f4e2faec110 is pointing into the stack for thread: 0x00007f4e20001800
R13=0x00000000000083ac is an unknown value
R14=0x00007f4e2faed1a8 is pointing into the stack for thread: 0x00007f4e20001800
R15=0x00007f4e581d8110 points into unknown readable memory: 73 75 6e 2f 61 77 74 2f


Registers:
RAX=0x0000000000004b37, RBX=0x00007f4e2faec111, RCX=0x00007f4e7790d01c, RDX=0x0000000000004b37
RSP=0x00007f4e2faec060, RBP=0x00007f4e2faec080, RSI=0x00007f4e2faec110, RDI=0x00007f4e8668b130
R8 =0x0000000000000000, R9 =0x00000000ca0d71f0, R10=0x00007f4e2faec134, R11=0x00007f4e88f093fd
R12=0x00007f4e2faec110, R13=0x00000000000083ac, R14=0x00007f4e2faed1a8, R15=0x00007f4e581d8110
RIP=0x00007f4e86488401, EFLAGS=0x0000000000010246, CSGSFS=0x002b000000000033, ERR=0x0000000000000004
  TRAPNO=0x000000000000000e

Top of Stack: (sp=0x00007f4e2faec060)
0x00007f4e2faec060:   00007f4e68fbec90 00007f4e800226f0
0x00007f4e2faec070:   0000000000000000 00007f4e2faec110
0x00007f4e2faec080:   00007f4e2faec0f0 00007f4e864890ea
0x00007f4e2faec090:   00007f4e85f26548 00007f4e85f26770 

Instructions: (pc=0x00007f4e86488401)
0x00007f4e86488301:   c5 4c 01 e3 48 89 ce e8 d3 f3 ff ff e9 69 fd ff
0x00007f4e86488311:   ff 89 d1 0f b7 74 08 fe 66 41 89 74 0e fe e9 7a
0x00007f4e86488321:   fe ff ff 0f 1f 40 00 8b 08 49 8d 1c 16 41 89 0e
0x00007f4e86488331:   89 d1 8b 74 08 fc 41 89 74 0e fc 48 8d 34 10 48
0x00007f4e86488341:   89 75 b8 e9 0b fe ff ff 0f 1f 80 00 00 00 00 0f
0x00007f4e86488351:   b6 17 55 89 f0 48 89 e5 84 d2 74 22 48 8d 4f 01
0x00007f4e86488361:   0f 1f 80 00 00 00 00 48 83 c1 01 0f b6 f2 0f b6
0x00007f4e86488371:   51 ff 69 c0 93 01 00 01 31 f0 84 d2 75 e9 25 ff
0x00007f4e86488381:   ff ff 7f 5d c3 66 2e 0f 1f 84 00 00 00 00 00 48
0x00007f4e86488391:   85 d2 0f 84 dd 00 00 00 85 c9 0f 84 d5 00 00 00
0x00007f4e864883a1:   55 48 89 e5 41 55 41 54 53 48 8d 5e 01 48 83 ec
0x00007f4e864883b1:   08 44 0f b6 06 45 84 c0 0f 84 a9 00 00 00 49 89
0x00007f4e864883c1:   da b8 93 01 00 01 66 0f 1f 84 00 00 00 00 00 49
0x00007f4e864883d1:   83 c2 01 44 69 c8 93 01 00 01 41 0f b6 c0 45 0f
0x00007f4e864883e1:   b6 42 ff 44 31 c8 45 84 c0 75 e4 25 ff ff ff 7f
0x00007f4e864883f1:   41 89 cd 48 89 d1 31 d2 41 f7 f5 49 89 f4 89 d0
0x00007f4e86488401:   8b 34 81 48 8b 07 ff 50 20 83 f8 00 7e 41 41 0f
0x00007f4e86488411:   b6 14 24 84 d2 74 1c 0f 1f 84 00 00 00 00 00 69
0x00007f4e86488421:   c0 93 01 00 01 48 83 c3 01 31 d0 0f b6 53 ff 84
0x00007f4e86488431:   d2 75 ec 25 ff ff ff 7f 31 d2 41 f7 f5 48 83 c4
0x00007f4e86488441:   08 89 d0 5b 41 5c 41 5d 5d c3 0f 1f 44 00 00 74
0x00007f4e86488451:   1d f7 d0 48 83 c4 08 89 c2 5b 89 d0 41 5c 41 5d
0x00007f4e86488461:   5d c3 0f 1f 44 00 00 b8 93 01 00 01 eb 82 ba ff
0x00007f4e86488471:   ff ff ff eb c8 83 ca ff 89 d0 c3 0f 1f 40 00 0f
0x00007f4e86488481:   b6 17 55 48 89 f8 48 89 e5 84 d2 75 15 eb 1a 38
0x00007f4e86488491:   ca 75 1c 48 83 c0 01 0f b6 10 48 83 c6 01 84 d2
0x00007f4e864884a1:   74 07 0f b6 0e 84 c9 75 e6 5d c3 0f 1f 40 00 31
0x00007f4e864884b1:   c0 5d c3 66 90 66 2e 0f 1f 84 00 00 00 00 00 55
0x00007f4e864884c1:   48 85 f6 48 89 e5 74 57 0f 1f 80 00 00 00 00 0f
0x00007f4e864884d1:   b6 06 84 c0 74 49 0f b6 d0 83 e0 07 c1 fa 03 44
0x00007f4e864884e1:   8d 50 01 0f b6 c0 41 89 d1 48 8d 56 01 4c 8d 44
0x00007f4e864884f1:   06 02 31 c0 0f 1f 00 0f b6 0a 48 c1 e0 08 48 83 


Stack slot to memory mapping:
stack at sp + 0 slots: 0x00007f4e68fbec90 is at entry_point+-528 in (nmethod*)0x00007f4e68fbec90
stack at sp + 1 slots: 0x00007f4e800226f0 points into unknown readable memory: 50 0f 00 28 4e 7f 00 00
stack at sp + 2 slots: 0x0 is NULL
stack at sp + 3 slots: 0x00007f4e2faec110 is pointing into the stack for thread: 0x00007f4e20001800
stack at sp + 4 slots: 0x00007f4e2faec0f0 is pointing into the stack for thread: 0x00007f4e20001800
stack at sp + 5 slots: 0x00007f4e864890ea: <offset 0x00000000000030ea> in /usr/lib/jvm/java-11-openjdk-amd64/lib/libjimage.so at 0x00007f4e86486000
stack at sp + 6 slots: {method} {0x00007f4e85f26548} 'run' '()Ljava/lang/Object;' in 'sun/awt/image/ImageWatched$WeakLink$$Lambda$111'
stack at sp + 7 slots: 0x00007f4e85f26770 is pointing into metadata


---------------  P R O C E S S  ---------------

Threads class SMR info:
_java_thread_list=0x00007f4e2000cf80, length=15, elements={
0x00007f4e80050800, 0x00007f4e80052800, 0x00007f4e80059000, 0x00007f4e8005b000,
0x00007f4e8005d000, 0x00007f4e8005f000, 0x00007f4e80099800, 0x00007f4e800a2800,
0x00007f4e801ad800, 0x00007f4e801ce800, 0x00007f4e802a9000, 0x00007f4e802ab800,
0x00007f4e80015800, 0x00007f4e54001000, 0x00007f4e20001800
}

Java Threads: ( => current thread )
  0x00007f4e80050800 JavaThread "Reference Handler" daemon [_thread_blocked, id=88, stack(0x00007f4e857d1000,0x00007f4e858d2000)]
  0x00007f4e80052800 JavaThread "Finalizer" daemon [_thread_blocked, id=89, stack(0x00007f4e856d0000,0x00007f4e857d1000)]
  0x00007f4e80059000 JavaThread "Signal Dispatcher" daemon [_thread_blocked, id=90, stack(0x00007f4e85434000,0x00007f4e85535000)]
  0x00007f4e8005b000 JavaThread "C2 CompilerThread0" daemon [_thread_blocked, id=91, stack(0x00007f4e85333000,0x00007f4e85434000)]
  0x00007f4e8005d000 JavaThread "C1 CompilerThread0" daemon [_thread_blocked, id=92, stack(0x00007f4e85232000,0x00007f4e85333000)]
  0x00007f4e8005f000 JavaThread "Sweeper thread" daemon [_thread_blocked, id=93, stack(0x00007f4e85131000,0x00007f4e85232000)]
  0x00007f4e80099800 JavaThread "Service Thread" daemon [_thread_blocked, id=94, stack(0x00007f4e85030000,0x00007f4e85131000)]
  0x00007f4e800a2800 JavaThread "Common-Cleaner" daemon [_thread_blocked, id=96, stack(0x00007f4e84e2d000,0x00007f4e84f2e000)]
  0x00007f4e801ad800 JavaThread "Java2D Disposer" daemon [_thread_blocked, id=126, stack(0x00007f4e680be000,0x00007f4e681bf000)]
  0x00007f4e801ce800 JavaThread "AWT-XAWT" daemon [_thread_in_native, id=128, stack(0x00007f4e4000d000,0x00007f4e4010e000)]
  0x00007f4e802a9000 JavaThread "AWT-Shutdown" [_thread_blocked, id=131, stack(0x00007f4e2f8ed000,0x00007f4e2f9ee000)]
  0x00007f4e802ab800 JavaThread "AWT-EventQueue-0" [_thread_blocked, id=132, stack(0x00007f4e2f7ec000,0x00007f4e2f8ed000)]
  0x00007f4e80015800 JavaThread "DestroyJavaVM" [_thread_blocked, id=86, stack(0x00007f4e8a1c6000,0x00007f4e8a2c7000)]
  0x00007f4e54001000 JavaThread "SIGTERM handler" daemon [_thread_blocked, id=360, stack(0x00007f4e2faef000,0x00007f4e2fbf0000)]
=>0x00007f4e20001800 JavaThread "XToolkt-Shutdown-Thread" [_thread_in_vm, id=361, stack(0x00007f4e2f9ee000,0x00007f4e2faef000)]

Other Threads:
  0x00007f4e8004d800 VMThread "VM Thread" [stack: 0x00007f4e858d4000,0x00007f4e859d4000] [id=87]
  0x00007f4e8009c000 WatcherThread [stack: 0x00007f4e84f30000,0x00007f4e85030000] [id=95]

Threads with active compile tasks:

VM state:not at safepoint (normal execution)

VM Mutex/Monitor currently owned by a thread: None

Heap address: 0x00000000f8000000, size: 128 MB, Compressed Oops mode: 32-bit
Narrow klass base: 0x0000000800000000, Narrow klass shift: 3
Compressed class space size: 1073741824 Address: 0x0000000840000000

Heap:
 def new generation   total 2432K, used 1965K [0x00000000f8000000, 0x00000000f82a0000, 0x00000000faaa0000)
  eden space 2176K,  85% used [0x00000000f8000000, 0x00000000f81d3388, 0x00000000f8220000)
  from space 256K,  37% used [0x00000000f8220000, 0x00000000f8238178, 0x00000000f8260000)
  to   space 256K,   0% used [0x00000000f8260000, 0x00000000f8260000, 0x00000000f82a0000)
 tenured generation   total 5504K, used 3184K [0x00000000faaa0000, 0x00000000fb000000, 0x0000000100000000)
   the space 5504K,  57% used [0x00000000faaa0000, 0x00000000fadbc3e0, 0x00000000fadbc400, 0x00000000fb000000)
 Metaspace       used 10275K, capacity 10876K, committed 11136K, reserved 1058816K
  class space    used 1072K, capacity 1342K, committed 1408K, reserved 1048576K

Card table byte_map: [0x00007f4e8a185000,0x00007f4e8a1c6000] _byte_map_base: 0x00007f4e899c5000

Polling page: 0x00007f4e8a2e0000

Metaspace:

Usage:
  Non-class:      9.31 MB capacity,     8.99 MB ( 97%) used,   272.43 KB (  3%) free+waste,    58.50 KB ( <1%) overhead. 
      Class:      1.31 MB capacity,     1.05 MB ( 80%) used,   237.52 KB ( 18%) free+waste,    32.44 KB (  2%) overhead. 
       Both:     10.62 MB capacity,    10.03 MB ( 94%) used,   509.95 KB (  5%) free+waste,    90.94 KB ( <1%) overhead. 

Virtual space:
  Non-class space:       10.00 MB reserved,       9.50 MB ( 95%) committed 
      Class space:        1.00 GB reserved,       1.38 MB ( <1%) committed 
             Both:        1.01 GB reserved,      10.88 MB (  1%) committed 

Chunk freelists:
   Non-Class:  18.00 KB
       Class:  0 bytes
        Both:  18.00 KB

MaxMetaspaceSize: unlimited
CompressedClassSpaceSize: 1.00 GB

CodeHeap 'non-profiled nmethods': size=120036Kb used=891Kb max_used=891Kb free=119144Kb
 bounds [0x00007f4e703d4000, 0x00007f4e70644000, 0x00007f4e7790d000]
CodeHeap 'profiled nmethods': size=120032Kb used=4116Kb max_used=4116Kb free=115915Kb
 bounds [0x00007f4e68e9c000, 0x00007f4e692ac000, 0x00007f4e703d4000]
CodeHeap 'non-nmethods': size=5692Kb used=1250Kb max_used=1290Kb free=4441Kb
 bounds [0x00007f4e6890d000, 0x00007f4e68b7d000, 0x00007f4e68e9c000]
 total_blobs=3075 nmethods=1947 adapters=553
 compilation: enabled
              stopped_count=0, restarted_count=0
 full_count=0

Compilation events (20 events):
Event: 417.997 Thread 0x00007f4e8005d000 1973       3       javax.swing.BufferStrategyPaintManager$BufferInfo::hasBufferStrategyChanged (69 bytes)
Event: 417.998 Thread 0x00007f4e8005d000 nmethod 1973 0x00007f4e6929c310 code [0x00007f4e6929c580, 0x00007f4e6929d228]
Event: 417.998 Thread 0x00007f4e8005d000 1974       3       java.awt.Component$BltBufferStrategy::getDrawGraphics (77 bytes)
Event: 417.999 Thread 0x00007f4e8005d000 nmethod 1974 0x00007f4e6929d590 code [0x00007f4e6929d7e0, 0x00007f4e6929e238]
Event: 417.999 Thread 0x00007f4e8005d000 1975       3       java.awt.Component$BltBufferStrategy::revalidate (6 bytes)
Event: 417.999 Thread 0x00007f4e8005d000 nmethod 1975 0x00007f4e6929e590 code [0x00007f4e6929e740, 0x00007f4e6929e988]
Event: 417.999 Thread 0x00007f4e8005d000 1976       3       java.awt.Component$BltBufferStrategy::revalidate (157 bytes)
Event: 418.004 Thread 0x00007f4e8005d000 nmethod 1976 0x00007f4e6929ea10 code [0x00007f4e6929ec60, 0x00007f4e6929f698]
Event: 418.005 Thread 0x00007f4e8005d000 1977       3       java.awt.Insets::equals (64 bytes)
Event: 418.005 Thread 0x00007f4e8005d000 nmethod 1977 0x00007f4e6929f990 code [0x00007f4e6929fb60, 0x00007f4e692a0050]
Event: 418.005 Thread 0x00007f4e8005d000 1978       3       sun.awt.image.SunVolatileImage::validate (9 bytes)
Event: 418.005 Thread 0x00007f4e8005d000 nmethod 1978 0x00007f4e692a0110 code [0x00007f4e692a02c0, 0x00007f4e692a0508]
Event: 418.057 Thread 0x00007f4e8005b000 1979   !   4       javax.swing.JComponent::paint (409 bytes)
Event: 418.585 Thread 0x00007f4e8005d000 1981       3       java.util.IdentityHashMap::isEmpty (13 bytes)
Event: 418.586 Thread 0x00007f4e8005d000 nmethod 1981 0x00007f4e692a0610 code [0x00007f4e692a07c0, 0x00007f4e692a0990]
Event: 419.099 Thread 0x00007f4e8005b000 nmethod 1979 0x00007f4e704a9890 code [0x00007f4e704a9ec0, 0x00007f4e704ae530]
Event: 419.100 Thread 0x00007f4e8005b000 1980       4       sun.java2d.pipe.ValidatePipe::validate (6 bytes)
Event: 419.106 Thread 0x00007f4e8005b000 nmethod 1980 0x00007f4e704b2590 code [0x00007f4e704b2760, 0x00007f4e704b2c18]
Event: 619.026 Thread 0x00007f4e8005d000 1982       3       java.lang.ref.ReferenceQueue::reallyPoll (65 bytes)
Event: 619.027 Thread 0x00007f4e8005d000 nmethod 1982 0x00007f4e692a0a10 code [0x00007f4e692a0be0, 0x00007f4e692a10b0]

GC Heap History (20 events):
Event: 15.726 GC heap before
{Heap before GC invocations=2 (full 0):
 def new generation   total 2432K, used 2432K [0x00000000f8000000, 0x00000000f82a0000, 0x00000000faaa0000)
  eden space 2176K, 100% used [0x00000000f8000000, 0x00000000f8220000, 0x00000000f8220000)
  from space 256K, 100% used [0x00000000f8220000, 0x00000000f8260000, 0x00000000f8260000)
  to   space 256K,   0% used [0x00000000f8260000, 0x00000000f8260000, 0x00000000f82a0000)
 tenured generation   total 5504K, used 1149K [0x00000000faaa0000, 0x00000000fb000000, 0x0000000100000000)
   the space 5504K,  20% used [0x00000000faaa0000, 0x00000000fabbf5c0, 0x00000000fabbf600, 0x00000000fb000000)
 Metaspace       used 5281K, capacity 5673K, committed 5888K, reserved 1056768K
  class space    used 589K, capacity 756K, committed 768K, reserved 1048576K
}
Event: 15.730 GC heap after
{Heap after GC invocations=3 (full 0):
 def new generation   total 2432K, used 256K [0x00000000f8000000, 0x00000000f82a0000, 0x00000000faaa0000)
  eden space 2176K,   0% used [0x00000000f8000000, 0x00000000f8000000, 0x00000000f8220000)
  from space 256K, 100% used [0x00000000f8260000, 0x00000000f82a0000, 0x00000000f82a0000)
  to   space 256K,   0% used [0x00000000f8220000, 0x00000000f8220000, 0x00000000f8260000)
 tenured generation   total 5504K, used 1541K [0x00000000faaa0000, 0x00000000fb000000, 0x0000000100000000)
   the space 5504K,  28% used [0x00000000faaa0000, 0x00000000fac214b0, 0x00000000fac21600, 0x00000000fb000000)
 Metaspace       used 5281K, capacity 5673K, committed 5888K, reserved 1056768K
  class space    used 589K, capacity 756K, committed 768K, reserved 1048576K
}
Event: 18.798 GC heap before
{Heap before GC invocations=3 (full 0):
 def new generation   total 2432K, used 2432K [0x00000000f8000000, 0x00000000f82a0000, 0x00000000faaa0000)
  eden space 2176K, 100% used [0x00000000f8000000, 0x00000000f8220000, 0x00000000f8220000)
  from space 256K, 100% used [0x00000000f8260000, 0x00000000f82a0000, 0x00000000f82a0000)
  to   space 256K,   0% used [0x00000000f8220000, 0x00000000f8220000, 0x00000000f8260000)
 tenured generation   total 5504K, used 1541K [0x00000000faaa0000, 0x00000000fb000000, 0x0000000100000000)
   the space 5504K,  28% used [0x00000000faaa0000, 0x00000000fac214b0, 0x00000000fac21600, 0x00000000fb000000)
 Metaspace       used 7747K, capacity 8162K, committed 8320K, reserved 1056768K
  class space    used 840K, capacity 1032K, committed 1152K, reserved 1048576K
}
Event: 18.815 GC heap after
{Heap after GC invocations=4 (full 0):
 def new generation   total 2432K, used 256K [0x00000000f8000000, 0x00000000f82a0000, 0x00000000faaa0000)
  eden space 2176K,   0% used [0x00000000f8000000, 0x00000000f8000000, 0x00000000f8220000)
  from space 256K, 100% used [0x00000000f8220000, 0x00000000f8260000, 0x00000000f8260000)
  to   space 256K,   0% used [0x00000000f8260000, 0x00000000f8260000, 0x00000000f82a0000)
 tenured generation   total 5504K, used 2086K [0x00000000faaa0000, 0x00000000fb000000, 0x0000000100000000)
   the space 5504K,  37% used [0x00000000faaa0000, 0x00000000faca99a8, 0x00000000faca9a00, 0x00000000fb000000)
 Metaspace       used 7747K, capacity 8162K, committed 8320K, reserved 1056768K
  class space    used 840K, capacity 1032K, committed 1152K, reserved 1048576K
}
Event: 19.488 GC heap before
{Heap before GC invocations=4 (full 0):
 def new generation   total 2432K, used 2432K [0x00000000f8000000, 0x00000000f82a0000, 0x00000000faaa0000)
  eden space 2176K, 100% used [0x00000000f8000000, 0x00000000f8220000, 0x00000000f8220000)
  from space 256K, 100% used [0x00000000f8220000, 0x00000000f8260000, 0x00000000f8260000)
  to   space 256K,   0% used [0x00000000f8260000, 0x00000000f8260000, 0x00000000f82a0000)
 tenured generation   total 5504K, used 2086K [0x00000000faaa0000, 0x00000000fb000000, 0x0000000100000000)
   the space 5504K,  37% used [0x00000000faaa0000, 0x00000000faca99a8, 0x00000000faca9a00, 0x00000000fb000000)
 Metaspace       used 7997K, capacity 8567K, committed 8576K, reserved 1056768K
  class space    used 890K, capacity 1148K, committed 1152K, reserved 1048576K
}
Event: 19.498 GC heap after
{Heap after GC invocations=5 (full 0):
 def new generation   total 2432K, used 167K [0x00000000f8000000, 0x00000000f82a0000, 0x00000000faaa0000)
  eden space 2176K,   0% used [0x00000000f8000000, 0x00000000f8000000, 0x00000000f8220000)
  from space 256K,  65% used [0x00000000f8260000, 0x00000000f8289f28, 0x00000000f82a0000)
  to   space 256K,   0% used [0x00000000f8220000, 0x00000000f8220000, 0x00000000f8260000)
 tenured generation   total 5504K, used 2336K [0x00000000faaa0000, 0x00000000fb000000, 0x0000000100000000)
   the space 5504K,  42% used [0x00000000faaa0000, 0x00000000face8020, 0x00000000face8200, 0x00000000fb000000)
 Metaspace       used 7997K, capacity 8567K, committed 8576K, reserved 1056768K
  class space    used 890K, capacity 1148K, committed 1152K, reserved 1048576K
}
Event: 21.975 GC heap before
{Heap before GC invocations=5 (full 0):
 def new generation   total 2432K, used 2343K [0x00000000f8000000, 0x00000000f82a0000, 0x00000000faaa0000)
  eden space 2176K, 100% used [0x00000000f8000000, 0x00000000f8220000, 0x00000000f8220000)
  from space 256K,  65% used [0x00000000f8260000, 0x00000000f8289f28, 0x00000000f82a0000)
  to   space 256K,   0% used [0x00000000f8220000, 0x00000000f8220000, 0x00000000f8260000)
 tenured generation   total 5504K, used 2336K [0x00000000faaa0000, 0x00000000fb000000, 0x0000000100000000)
   the space 5504K,  42% used [0x00000000faaa0000, 0x00000000face8020, 0x00000000face8200, 0x00000000fb000000)
 Metaspace       used 9031K, capacity 9602K, committed 9728K, reserved 1058816K
  class space    used 1007K, capacity 1278K, committed 1280K, reserved 1048576K
}
Event: 21.987 GC heap after
{Heap after GC invocations=6 (full 0):
 def new generation   total 2432K, used 256K [0x00000000f8000000, 0x00000000f82a0000, 0x00000000faaa0000)
  eden space 2176K,   0% used [0x00000000f8000000, 0x00000000f8000000, 0x00000000f8220000)
  from space 256K, 100% used [0x00000000f8220000, 0x00000000f8260000, 0x00000000f8260000)
  to   space 256K,   0% used [0x00000000f8260000, 0x00000000f8260000, 0x00000000f82a0000)
 tenured generation   total 5504K, used 2938K [0x00000000faaa0000, 0x00000000fb000000, 0x0000000100000000)
   the space 5504K,  53% used [0x00000000faaa0000, 0x00000000fad7ea78, 0x00000000fad7ec00, 0x00000000fb000000)
 Metaspace       used 9031K, capacity 9602K, committed 9728K, reserved 1058816K
  class space    used 1007K, capacity 1278K, committed 1280K, reserved 1048576K
}
Event: 79.012 GC heap before
{Heap before GC invocations=6 (full 0):
 def new generation   total 2432K, used 2431K [0x00000000f8000000, 0x00000000f82a0000, 0x00000000faaa0000)
  eden space 2176K,  99% used [0x00000000f8000000, 0x00000000f821fff8, 0x00000000f8220000)
  from space 256K, 100% used [0x00000000f8220000, 0x00000000f8260000, 0x00000000f8260000)
  to   space 256K,   0% used [0x00000000f8260000, 0x00000000f8260000, 0x00000000f82a0000)
 tenured generation   total 5504K, used 2938K [0x00000000faaa0000, 0x00000000fb000000, 0x0000000100000000)
   the space 5504K,  53% used [0x00000000faaa0000, 0x00000000fad7ea78, 0x00000000fad7ec00, 0x00000000fb000000)
 Metaspace       used 9943K, capacity 10556K, committed 10880K, reserved 1058816K
  class space    used 1069K, capacity 1342K, committed 1408K, reserved 1048576K
}
Event: 79.022 GC heap after
{Heap after GC invocations=7 (full 0):
 def new generation   total 2432K, used 78K [0x00000000f8000000, 0x00000000f82a0000, 0x00000000faaa0000)
  eden space 2176K,   0% used [0x00000000f8000000, 0x00000000f8000000, 0x00000000f8220000)
  from space 256K,  30% used [0x00000000f8260000, 0x00000000f8273b10, 0x00000000f82a0000)
  to   space 256K,   0% used [0x00000000f8220000, 0x00000000f8220000, 0x00000000f8260000)
 tenured generation   total 5504K, used 3184K [0x00000000faaa0000, 0x00000000fb000000, 0x0000000100000000)
   the space 5504K,  57% used [0x00000000faaa0000, 0x00000000fadbc3e0, 0x00000000fadbc400, 0x00000000fb000000)
 Metaspace       used 9943K, capacity 10556K, committed 10880K, reserved 1058816K
  class space    used 1069K, capacity 1342K, committed 1408K, reserved 1048576K
}
Event: 101.393 GC heap before
{Heap before GC invocations=7 (full 0):
 def new generation   total 2432K, used 2254K [0x00000000f8000000, 0x00000000f82a0000, 0x00000000faaa0000)
  eden space 2176K, 100% used [0x00000000f8000000, 0x00000000f8220000, 0x00000000f8220000)
  from space 256K,  30% used [0x00000000f8260000, 0x00000000f8273b10, 0x00000000f82a0000)
  to   space 256K,   0% used [0x00000000f8220000, 0x00000000f8220000, 0x00000000f8260000)
 tenured generation   total 5504K, used 3184K [0x00000000faaa0000, 0x00000000fb000000, 0x0000000100000000)
   the space 5504K,  57% used [0x00000000faaa0000, 0x00000000fadbc3e0, 0x00000000fadbc400, 0x00000000fb000000)
 Metaspace       used 10080K, capacity 10684K, committed 10880K, reserved 1058816K
  class space    used 1069K, capacity 1342K, committed 1408K, reserved 1048576K
}
Event: 101.395 GC heap after
{Heap after GC invocations=8 (full 0):
 def new generation   total 2432K, used 90K [0x00000000f8000000, 0x00000000f82a0000, 0x00000000faaa0000)
  eden space 2176K,   0% used [0x00000000f8000000, 0x00000000f8000000, 0x00000000f8220000)
  from space 256K,  35% used [0x00000000f8220000, 0x00000000f82369a0, 0x00000000f8260000)
  to   space 256K,   0% used [0x00000000f8260000, 0x00000000f8260000, 0x00000000f82a0000)
 tenured generation   total 5504K, used 3184K [0x00000000faaa0000, 0x00000000fb000000, 0x0000000100000000)
   the space 5504K,  57% used [0x00000000faaa0000, 0x00000000fadbc3e0, 0x00000000fadbc400, 0x00000000fb000000)
 Metaspace       used 10080K, capacity 10684K, committed 10880K, reserved 1058816K
  class space    used 1069K, capacity 1342K, committed 1408K, reserved 1048576K
}
Event: 124.371 GC heap before
{Heap before GC invocations=8 (full 0):
 def new generation   total 2432K, used 2266K [0x00000000f8000000, 0x00000000f82a0000, 0x00000000faaa0000)
  eden space 2176K, 100% used [0x00000000f8000000, 0x00000000f8220000, 0x00000000f8220000)
  from space 256K,  35% used [0x00000000f8220000, 0x00000000f82369a0, 0x00000000f8260000)
  to   space 256K,   0% used [0x00000000f8260000, 0x00000000f8260000, 0x00000000f82a0000)
 tenured generation   total 5504K, used 3184K [0x00000000faaa0000, 0x00000000fb000000, 0x0000000100000000)
   the space 5504K,  57% used [0x00000000faaa0000, 0x00000000fadbc3e0, 0x00000000fadbc400, 0x00000000fb000000)
 Metaspace       used 10124K, capacity 10684K, committed 10880K, reserved 1058816K
  class space    used 1069K, capacity 1342K, committed 1408K, reserved 1048576K
}
Event: 124.372 GC heap after
{Heap after GC invocations=9 (full 0):
 def new generation   total 2432K, used 90K [0x00000000f8000000, 0x00000000f82a0000, 0x00000000faaa0000)
  eden space 2176K,   0% used [0x00000000f8000000, 0x00000000f8000000, 0x00000000f8220000)
  from space 256K,  35% used [0x00000000f8260000, 0x00000000f82769b0, 0x00000000f82a0000)
  to   space 256K,   0% used [0x00000000f8220000, 0x00000000f8220000, 0x00000000f8260000)
 tenured generation   total 5504K, used 3184K [0x00000000faaa0000, 0x00000000fb000000, 0x0000000100000000)
   the space 5504K,  57% used [0x00000000faaa0000, 0x00000000fadbc3e0, 0x00000000fadbc400, 0x00000000fb000000)
 Metaspace       used 10124K, capacity 10684K, committed 10880K, reserved 1058816K
  class space    used 1069K, capacity 1342K, committed 1408K, reserved 1048576K
}
Event: 160.731 GC heap before
{Heap before GC invocations=9 (full 0):
 def new generation   total 2432K, used 2266K [0x00000000f8000000, 0x00000000f82a0000, 0x00000000faaa0000)
  eden space 2176K, 100% used [0x00000000f8000000, 0x00000000f8220000, 0x00000000f8220000)
  from space 256K,  35% used [0x00000000f8260000, 0x00000000f82769b0, 0x00000000f82a0000)
  to   space 256K,   0% used [0x00000000f8220000, 0x00000000f8220000, 0x00000000f8260000)
 tenured generation   total 5504K, used 3184K [0x00000000faaa0000, 0x00000000fb000000, 0x0000000100000000)
   the space 5504K,  57% used [0x00000000faaa0000, 0x00000000fadbc3e0, 0x00000000fadbc400, 0x00000000fb000000)
 Metaspace       used 10199K, capacity 10812K, committed 11136K, reserved 1058816K
  class space    used 1069K, capacity 1342K, committed 1408K, reserved 1048576K
}
Event: 160.732 GC heap after
{Heap after GC invocations=10 (full 0):
 def new generation   total 2432K, used 94K [0x00000000f8000000, 0x00000000f82a0000, 0x00000000faaa0000)
  eden space 2176K,   0% used [0x00000000f8000000, 0x00000000f8000000, 0x00000000f8220000)
  from space 256K,  36% used [0x00000000f8220000, 0x00000000f8237910, 0x00000000f8260000)
  to   space 256K,   0% used [0x00000000f8260000, 0x00000000f8260000, 0x00000000f82a0000)
 tenured generation   total 5504K, used 3184K [0x00000000faaa0000, 0x00000000fb000000, 0x0000000100000000)
   the space 5504K,  57% used [0x00000000faaa0000, 0x00000000fadbc3e0, 0x00000000fadbc400, 0x00000000fb000000)
 Metaspace       used 10199K, capacity 10812K, committed 11136K, reserved 1058816K
  class space    used 1069K, capacity 1342K, committed 1408K, reserved 1048576K
}
Event: 218.695 GC heap before
{Heap before GC invocations=10 (full 0):
 def new generation   total 2432K, used 2270K [0x00000000f8000000, 0x00000000f82a0000, 0x00000000faaa0000)
  eden space 2176K, 100% used [0x00000000f8000000, 0x00000000f8220000, 0x00000000f8220000)
  from space 256K,  36% used [0x00000000f8220000, 0x00000000f8237910, 0x00000000f8260000)
  to   space 256K,   0% used [0x00000000f8260000, 0x00000000f8260000, 0x00000000f82a0000)
 tenured generation   total 5504K, used 3184K [0x00000000faaa0000, 0x00000000fb000000, 0x0000000100000000)
   the space 5504K,  57% used [0x00000000faaa0000, 0x00000000fadbc3e0, 0x00000000fadbc400, 0x00000000fb000000)
 Metaspace       used 10217K, capacity 10812K, committed 11136K, reserved 1058816K
  class space    used 1069K, capacity 1342K, committed 1408K, reserved 1048576K
}
Event: 218.696 GC heap after
{Heap after GC invocations=11 (full 0):
 def new generation   total 2432K, used 90K [0x00000000f8000000, 0x00000000f82a0000, 0x00000000faaa0000)
  eden space 2176K,   0% used [0x00000000f8000000, 0x00000000f8000000, 0x00000000f8220000)
  from space 256K,  35% used [0x00000000f8260000, 0x00000000f8276b50, 0x00000000f82a0000)
  to   space 256K,   0% used [0x00000000f8220000, 0x00000000f8220000, 0x00000000f8260000)
 tenured generation   total 5504K, used 3184K [0x00000000faaa0000, 0x00000000fb000000, 0x0000000100000000)
   the space 5504K,  57% used [0x00000000faaa0000, 0x00000000fadbc3e0, 0x00000000fadbc400, 0x00000000fb000000)
 Metaspace       used 10217K, capacity 10812K, committed 11136K, reserved 1058816K
  class space    used 1069K, capacity 1342K, committed 1408K, reserved 1048576K
}
Event: 401.942 GC heap before
{Heap before GC invocations=11 (full 0):
 def new generation   total 2432K, used 2266K [0x00000000f8000000, 0x00000000f82a0000, 0x00000000faaa0000)
  eden space 2176K, 100% used [0x00000000f8000000, 0x00000000f8220000, 0x00000000f8220000)
  from space 256K,  35% used [0x00000000f8260000, 0x00000000f8276b50, 0x00000000f82a0000)
  to   space 256K,   0% used [0x00000000f8220000, 0x00000000f8220000, 0x00000000f8260000)
 tenured generation   total 5504K, used 3184K [0x00000000faaa0000, 0x00000000fb000000, 0x0000000100000000)
   the space 5504K,  57% used [0x00000000faaa0000, 0x00000000fadbc3e0, 0x00000000fadbc400, 0x00000000fb000000)
 Metaspace       used 10240K, capacity 10812K, committed 11136K, reserved 1058816K
  class space    used 1071K, capacity 1342K, committed 1408K, reserved 1048576K
}
Event: 401.944 GC heap after
{Heap after GC invocations=12 (full 0):
 def new generation   total 2432K, used 96K [0x00000000f8000000, 0x00000000f82a0000, 0x00000000faaa0000)
  eden space 2176K,   0% used [0x00000000f8000000, 0x00000000f8000000, 0x00000000f8220000)
  from space 256K,  37% used [0x00000000f8220000, 0x00000000f8238178, 0x00000000f8260000)
  to   space 256K,   0% used [0x00000000f8260000, 0x00000000f8260000, 0x00000000f82a0000)
 tenured generation   total 5504K, used 3184K [0x00000000faaa0000, 0x00000000fb000000, 0x0000000100000000)
   the space 5504K,  57% used [0x00000000faaa0000, 0x00000000fadbc3e0, 0x00000000fadbc400, 0x00000000fb000000)
 Metaspace       used 10240K, capacity 10812K, committed 11136K, reserved 1058816K
  class space    used 1071K, capacity 1342K, committed 1408K, reserved 1048576K
}

Deoptimization events (20 events):
Event: 168.498 Thread 0x00007f4e802ab800 DEOPT PACKING pc=0x00007f4e70440444 sp=0x00007f4e2f8e86e0
Event: 168.498 Thread 0x00007f4e802ab800 DEOPT UNPACKING pc=0x00007f4e689353a5 sp=0x00007f4e2f8e8688 mode 2
Event: 189.951 Thread 0x00007f4e802ab800 Uncommon trap: trap_request=0xffffffde fr.pc=0x00007f4e70440444 relative=0x0000000000000f44
Event: 189.951 Thread 0x00007f4e802ab800 Uncommon trap: reason=class_check action=maybe_recompile pc=0x00007f4e70440444 method=java.awt.Container.getMouseEventTargetImpl(IIZLjava/awt/Container$EventTargetFilter;ZZ)Ljava/awt/Component; @ 191 c2
Event: 189.951 Thread 0x00007f4e802ab800 DEOPT PACKING pc=0x00007f4e70440444 sp=0x00007f4e2f8e86e0
Event: 189.956 Thread 0x00007f4e802ab800 DEOPT UNPACKING pc=0x00007f4e689353a5 sp=0x00007f4e2f8e8688 mode 2
Event: 226.459 Thread 0x00007f4e802ab800 Uncommon trap: trap_request=0xffffff4d fr.pc=0x00007f4e7048ff04 relative=0x0000000000000064
Event: 226.459 Thread 0x00007f4e802ab800 Uncommon trap: reason=unstable_if action=reinterpret pc=0x00007f4e7048ff04 method=java.util.IdentityHashMap.isEmpty()Z @ 4 c2
Event: 226.459 Thread 0x00007f4e802ab800 DEOPT PACKING pc=0x00007f4e7048ff04 sp=0x00007f4e2f8eb400
Event: 226.459 Thread 0x00007f4e802ab800 DEOPT UNPACKING pc=0x00007f4e689353a5 sp=0x00007f4e2f8eb3b0 mode 2
Event: 229.951 Thread 0x00007f4e802ab800 DEOPT PACKING pc=0x00007f4e691c71ad sp=0x00007f4e2f8e9c70
Event: 229.951 Thread 0x00007f4e802ab800 DEOPT UNPACKING pc=0x00007f4e689351ba sp=0x00007f4e2f8e9120 mode 0
Event: 232.867 Thread 0x00007f4e802ab800 Uncommon trap: trap_request=0xffffffde fr.pc=0x00007f4e70440444 relative=0x0000000000000f44
Event: 232.867 Thread 0x00007f4e802ab800 Uncommon trap: reason=class_check action=maybe_recompile pc=0x00007f4e70440444 method=java.awt.Container.getMouseEventTargetImpl(IIZLjava/awt/Container$EventTargetFilter;ZZ)Ljava/awt/Component; @ 191 c2
Event: 232.867 Thread 0x00007f4e802ab800 DEOPT PACKING pc=0x00007f4e70440444 sp=0x00007f4e2f8e86e0
Event: 232.867 Thread 0x00007f4e802ab800 DEOPT UNPACKING pc=0x00007f4e689353a5 sp=0x00007f4e2f8e8688 mode 2
Event: 634.307 Thread 0x00007f4e801ce800 Uncommon trap: trap_request=0xffffff4d fr.pc=0x00007f4e7049db68 relative=0x0000000000003ba8
Event: 634.307 Thread 0x00007f4e801ce800 Uncommon trap: reason=unstable_if action=reinterpret pc=0x00007f4e7049db68 method=sun.awt.X11.XBaseWindow.dispatchEvent(Lsun/awt/X11/XEvent;)V @ 36 c2
Event: 634.307 Thread 0x00007f4e801ce800 DEOPT PACKING pc=0x00007f4e7049db68 sp=0x00007f4e4010c7f0
Event: 634.307 Thread 0x00007f4e801ce800 DEOPT UNPACKING pc=0x00007f4e689353a5 sp=0x00007f4e4010c768 mode 2

Classes redefined (0 events):
No events

Internal exceptions (20 events):
Event: 14.979 Thread 0x00007f4e80015800 Exception <a 'java/lang/ClassNotFoundException'{0x00000000f8176690}: com/sun/swing/internal/plaf/metal/resources/spi/metalProvider> (0x00000000f8176690) thrown at [./src/hotspot/share/classfile/systemDictionary.cpp, line 231]
Event: 14.985 Thread 0x00007f4e80015800 Exception <a 'java/lang/ClassNotFoundException'{0x00000000f817a900}: com/sun/swing/internal/plaf/basic/resources/spi/basicProvider> (0x00000000f817a900) thrown at [./src/hotspot/share/classfile/systemDictionary.cpp, line 231]
Event: 16.816 Thread 0x00007f4e80015800 Exception <a 'java/lang/NoSuchMethodError'{0x00000000f80e1120}: 'void java.lang.invoke.DirectMethodHandle$Holder.invokeStaticInit(java.lang.Object)'> (0x00000000f80e1120) thrown at [./src/hotspot/share/interpreter/linkResolver.cpp, line 773]
Event: 17.007 Thread 0x00007f4e80015800 Exception <a 'java/lang/NoSuchMethodError'{0x00000000f8120358}: 'java.lang.Object java.lang.invoke.DirectMethodHandle$Holder.invokeStatic(java.lang.Object, java.lang.Object, java.lang.Object, java.lang.Object, java.lang.Object, java.lang.Object, java.lang.Object, java.lang.Object, java.lang.Object, java.lang.Object, java.lang.Object, java.lang.Object, java.lang.Object, int)'> (0x00000000f8120358) thrown at [./src/hotspot/share/interpreter/linkResolver.cpp, line 773]
Event: 17.012 Thread 0x00007f4e80015800 Exception <a 'java/lang/NoSuchMethodError'{0x00000000f812cd18}: 'java.lang.Object java.lang.invoke.DirectMethodHandle$Holder.invokeStatic(java.lang.Object, java.lang.Object, java.lang.Object, java.lang.Object, java.lang.Object, java.lang.Object, java.lang.Object, java.lang.Object, java.lang.Object, java.lang.Object, java.lang.Object, java.lang.Object, java.lang.Object, int, int)'> (0x00000000f812cd18) thrown at [./src/hotspot/share/interpreter/linkResolver.cpp, line 773]
Event: 18.891 Thread 0x00007f4e802ab800 Exception <a 'java/lang/NoSuchMethodError'{0x00000000f80413c8}: 'java.lang.Object java.lang.invoke.DirectMethodHandle$Holder.invokeSpecial(java.lang.Object, java.lang.Object, int, int, java.lang.Object, java.lang.Object, java.lang.Object, java.lang.Object, java.lang.Object)'> (0x00000000f80413c8) thrown at [./src/hotspot/share/interpreter/linkResolver.cpp, line 773]
Event: 18.892 Thread 0x00007f4e802ab800 Exception <a 'java/lang/NoSuchMethodError'{0x00000000f8045300}: 'java.lang.Object java.lang.invoke.DelegatingMethodHandle$Holder.reinvoke_L(java.lang.Object, int, int, java.lang.Object, java.lang.Object, java.lang.Object, java.lang.Object, java.lang.Object)'> (0x00000000f8045300) thrown at [./src/hotspot/share/interpreter/linkResolver.cpp, line 773]
Event: 19.126 Thread 0x00007f4e802ab800 Exception <a 'java/lang/NoSuchMethodError'{0x00000000f80eca08}: 'java.lang.Object java.lang.invoke.Invokers$Holder.linkToTargetMethod(java.lang.Object, java.lang.Object, java.lang.Object, java.lang.Object, java.lang.Object, java.lang.Object)'> (0x00000000f80eca08) thrown at [./src/hotspot/share/interpreter/linkResolver.cpp, line 773]
Event: 19.307 Thread 0x00007f4e802ab800 Exception <a 'java/lang/NoSuchMethodError'{0x00000000f815d098}: 'java.lang.Object java.lang.invoke.DirectMethodHandle$Holder.invokeSpecial(java.lang.Object, java.lang.Object, int, int, java.lang.Object, java.lang.Object, java.lang.Object, java.lang.Object)'> (0x00000000f815d098) thrown at [./src/hotspot/share/interpreter/linkResolver.cpp, line 773]
Event: 19.307 Thread 0x00007f4e802ab800 Exception <a 'java/lang/NoSuchMethodError'{0x00000000f8160f88}: 'java.lang.Object java.lang.invoke.DelegatingMethodHandle$Holder.reinvoke_L(java.lang.Object, int, int, java.lang.Object, java.lang.Object, java.lang.Object, java.lang.Object)'> (0x00000000f8160f88) thrown at [./src/hotspot/share/interpreter/linkResolver.cpp, line 773]
Event: 21.288 Thread 0x00007f4e802ab800 Exception <a 'java/lang/NoSuchMethodError'{0x00000000f81704b0}: 'java.lang.Object java.lang.invoke.DirectMethodHandle$Holder.invokeStatic(java.lang.Object, java.lang.Object, java.lang.Object, java.lang.Object, java.lang.Object, java.lang.Object, java.lang.Object, java.lang.Object, java.lang.Object, java.lang.Object, java.lang.Object, int)'> (0x00000000f81704b0) thrown at [./src/hotspot/share/interpreter/linkResolver.cpp, line 773]
Event: 21.378 Thread 0x00007f4e802ab800 Exception <a 'java/lang/NoSuchMethodError'{0x00000000f818efb8}: 'java.lang.Object java.lang.invoke.DirectMethodHandle$Holder.invokeStatic(java.lang.Object, java.lang.Object, java.lang.Object, java.lang.Object, java.lang.Object, java.lang.Object, java.lang.Object, java.lang.Object, java.lang.Object, java.lang.Object, java.lang.Object, int, int)'> (0x00000000f818efb8) thrown at [./src/hotspot/share/interpreter/linkResolver.cpp, line 773]
Event: 21.384 Thread 0x00007f4e802ab800 Exception <a 'java/lang/NoSuchMethodError'{0x00000000f81ae610}: 'java.lang.Object java.lang.invoke.DirectMethodHandle$Holder.invokeStatic(java.lang.Object, java.lang.Object, java.lang.Object, java.lang.Object, java.lang.Object, java.lang.Object, java.lang.Object, java.lang.Object, java.lang.Object, java.lang.Object, java.lang.Object, int, int, java.lang.Object)'> (0x00000000f81ae610) thrown at [./src/hotspot/share/interpreter/linkResolver.cpp, line 773]
Event: 21.392 Thread 0x00007f4e802ab800 Exception <a 'java/lang/NoSuchMethodError'{0x00000000f81cf280}: 'java.lang.Object java.lang.invoke.DirectMethodHandle$Holder.invokeStatic(java.lang.Object, java.lang.Object, java.lang.Object, java.lang.Object, java.lang.Object, java.lang.Object, java.lang.Object, java.lang.Object, java.lang.Object, java.lang.Object, java.lang.Object, int, int, java.lang.Object, java.lang.Object)'> (0x00000000f81cf280) thrown at [./src/hotspot/share/interpreter/linkResolver.cpp, line 773]
Event: 63.186 Thread 0x00007f4e802ab800 Exception <a 'java/lang/NoSuchMethodError'{0x00000000f80eb758}: 'java.lang.Object java.lang.invoke.DirectMethodHandle$Holder.invokeSpecial(java.lang.Object, java.lang.Object, int, int, int, java.lang.Object, int, int)'> (0x00000000f80eb758) thrown at [./src/hotspot/share/interpreter/linkResolver.cpp, line 773]
Event: 63.187 Thread 0x00007f4e802ab800 Exception <a 'java/lang/NoSuchMethodError'{0x00000000f80eee28}: 'java.lang.Object java.lang.invoke.DelegatingMethodHandle$Holder.reinvoke_L(java.lang.Object, int, int, int, java.lang.Object, int, int)'> (0x00000000f80eee28) thrown at [./src/hotspot/share/interpreter/linkResolver.cpp, line 773]
Event: 63.195 Thread 0x00007f4e802ab800 Exception <a 'java/lang/NoSuchMethodError'{0x00000000f80f62f8}: 'java.lang.Object java.lang.invoke.DirectMethodHandle$Holder.invokeStatic(java.lang.Object, java.lang.Object, java.lang.Object, java.lang.Object, java.lang.Object, int)'> (0x00000000f80f62f8) thrown at [./src/hotspot/share/interpreter/linkResolver.cpp, line 773]
Event: 63.222 Thread 0x00007f4e802ab800 Exception <a 'java/lang/NoSuchMethodError'{0x00000000f812aac8}: 'java.lang.Object java.lang.invoke.Invokers$Holder.linkToTargetMethod(java.lang.Object, int, int, java.lang.Object)'> (0x00000000f812aac8) thrown at [./src/hotspot/share/interpreter/linkResolver.cpp, line 773]
Event: 226.458 Thread 0x00007f4e802ab800 Exception <a 'java/lang/NullPointerException'{0x00000000f8119aa8}> (0x00000000f8119aa8) thrown at [./src/hotspot/share/prims/jvm.cpp, line 1301]
Event: 226.458 Thread 0x00007f4e802ab800 Exception <a 'java/lang/NullPointerException'{0x00000000f8119aa8}> (0x00000000f8119aa8) thrown at [./src/hotspot/share/prims/jvm.cpp, line 1301]

Events (20 events):
Event: 226.459 loading class java/lang/Throwable$PrintStreamOrWriter
Event: 226.459 loading class java/lang/Throwable$PrintStreamOrWriter done
Event: 226.459 loading class java/lang/Throwable$WrappedPrintStream done
Event: 401.942 Executing VM operation: GenCollectForAllocation
Event: 401.944 Executing VM operation: GenCollectForAllocation done
Event: 415.413 Executing VM operation: RevokeBias
Event: 415.413 Executing VM operation: RevokeBias done
Event: 415.413 Executing VM operation: RevokeBias
Event: 415.413 Executing VM operation: RevokeBias done
Event: 634.305 loading class jdk/internal/misc/Signal$1
Event: 634.305 loading class jdk/internal/misc/Signal$1 done
Event: 634.306 Thread 0x00007f4e54001000 Thread added: 0x00007f4e54001000
Event: 634.306 Protecting memory [0x00007f4e2faef000,0x00007f4e2faf3000] with protection modes 0
Event: 634.306 Executing VM operation: RevokeBias
Event: 634.306 Executing VM operation: RevokeBias done
Event: 634.306 Executing VM operation: RevokeBias
Event: 634.306 Executing VM operation: RevokeBias done
Event: 634.314 Thread 0x00007f4e20001800 Thread added: 0x00007f4e20001800
Event: 634.318 Protecting memory [0x00007f4e2f9ee000,0x00007f4e2f9f2000] with protection modes 0
Event: 634.318 loading class sun/awt/X11/XSystemTrayPeer


Dynamic libraries:
f8000000-f82a0000 rw-p 00000000 00:00 0 
f82a0000-faaa0000 ---p 00000000 00:00 0 
faaa0000-fb000000 rw-p 00000000 00:00 0 
fb000000-100000000 ---p 00000000 00:00 0 
800000000-800002000 rwxp 00001000 08:01 8297067                          /usr/lib/jvm/java-11-openjdk-amd64/lib/server/classes.jsa
800002000-8003b8000 rw-p 00003000 08:01 8297067                          /usr/lib/jvm/java-11-openjdk-amd64/lib/server/classes.jsa
8003b8000-800a92000 r--p 003b9000 08:01 8297067                          /usr/lib/jvm/java-11-openjdk-amd64/lib/server/classes.jsa
800a92000-800a93000 rw-p 00a93000 08:01 8297067                          /usr/lib/jvm/java-11-openjdk-amd64/lib/server/classes.jsa
800a93000-80109e000 r--p 00a94000 08:01 8297067                          /usr/lib/jvm/java-11-openjdk-amd64/lib/server/classes.jsa
840000000-840160000 rw-p 00000000 00:00 0 
840160000-880000000 ---p 00000000 00:00 0 
562cdb31b000-562cdb31c000 r-xp 00000000 08:01 8046673                    /usr/lib/jvm/java-11-openjdk-amd64/bin/java
562cdb51c000-562cdb51d000 r--p 00001000 08:01 8046673                    /usr/lib/jvm/java-11-openjdk-amd64/bin/java
562cdb51d000-562cdb51e000 rw-p 00002000 08:01 8046673                    /usr/lib/jvm/java-11-openjdk-amd64/bin/java
562cdcb27000-562cdcb48000 rw-p 00000000 00:00 0                          [heap]
7f4e18000000-7f4e18021000 rw-p 00000000 00:00 0 
7f4e18021000-7f4e1c000000 ---p 00000000 00:00 0 
7f4e1c000000-7f4e1c2f8000 rw-p 00000000 00:00 0 
7f4e1c2f8000-7f4e20000000 ---p 00000000 00:00 0 
7f4e20000000-7f4e20060000 rw-p 00000000 00:00 0 
7f4e20060000-7f4e24000000 ---p 00000000 00:00 0 
7f4e24000000-7f4e24031000 rw-p 00000000 00:00 0 
7f4e24031000-7f4e28000000 ---p 00000000 00:00 0 
7f4e28000000-7f4e28021000 rw-p 00000000 00:00 0 
7f4e28021000-7f4e2c000000 ---p 00000000 00:00 0 
7f4e2f5ec000-7f4e2f76c000 rw-p 00000000 00:00 0 
7f4e2f76c000-7f4e2f7ec000 ---p 00000000 00:00 0 
7f4e2f7ec000-7f4e2f7f0000 ---p 00000000 00:00 0 
7f4e2f7f0000-7f4e2f8ed000 rw-p 00000000 00:00 0 
7f4e2f8ed000-7f4e2f8f1000 ---p 00000000 00:00 0 
7f4e2f8f1000-7f4e2f9ee000 rw-p 00000000 00:00 0 
7f4e2f9ee000-7f4e2f9f2000 ---p 00000000 00:00 0 
7f4e2f9f2000-7f4e2faef000 rw-p 00000000 00:00 0 
7f4e2faef000-7f4e2faf3000 ---p 00000000 00:00 0 
7f4e2faf3000-7f4e2fbf0000 rw-p 00000000 00:00 0 
7f4e2fbf0000-7f4e2fbf5000 r-xp 00000000 08:01 7004173                    /usr/lib/x86_64-linux-gnu/libXfixes.so.3.1.0
7f4e2fbf5000-7f4e2fdf4000 ---p 00005000 08:01 7004173                    /usr/lib/x86_64-linux-gnu/libXfixes.so.3.1.0
7f4e2fdf4000-7f4e2fdf5000 r--p 00004000 08:01 7004173                    /usr/lib/x86_64-linux-gnu/libXfixes.so.3.1.0
7f4e2fdf5000-7f4e2fdf6000 rw-p 00005000 08:01 7004173                    /usr/lib/x86_64-linux-gnu/libXfixes.so.3.1.0
7f4e2fdf6000-7f4e2fdff000 r-xp 00000000 08:01 7004165                    /usr/lib/x86_64-linux-gnu/libXcursor.so.1.0.2
7f4e2fdff000-7f4e2fffe000 ---p 00009000 08:01 7004165                    /usr/lib/x86_64-linux-gnu/libXcursor.so.1.0.2
7f4e2fffe000-7f4e2ffff000 r--p 00008000 08:01 7004165                    /usr/lib/x86_64-linux-gnu/libXcursor.so.1.0.2
7f4e2ffff000-7f4e30000000 rw-p 00009000 08:01 7004165                    /usr/lib/x86_64-linux-gnu/libXcursor.so.1.0.2
7f4e30000000-7f4e30021000 rw-p 00000000 00:00 0 
7f4e30021000-7f4e34000000 ---p 00000000 00:00 0 
7f4e34000000-7f4e34021000 rw-p 00000000 00:00 0 
7f4e34021000-7f4e38000000 ---p 00000000 00:00 0 
7f4e38000000-7f4e38021000 rw-p 00000000 00:00 0 
7f4e38021000-7f4e3c000000 ---p 00000000 00:00 0 
7f4e3c000000-7f4e3c021000 rw-p 00000000 00:00 0 
7f4e3c021000-7f4e40000000 ---p 00000000 00:00 0 
7f4e4000d000-7f4e40011000 ---p 00000000 00:00 0 
7f4e40011000-7f4e4010e000 rw-p 00000000 00:00 0 
7f4e4010e000-7f4e4010f000 ---p 00000000 00:00 0 
7f4e4010f000-7f4e4090f000 rw-p 00000000 00:00 0 
7f4e4090f000-7f4e40910000 ---p 00000000 00:00 0 
7f4e40910000-7f4e41110000 rw-p 00000000 00:00 0 
7f4e41110000-7f4e4111c000 r-xp 00000000 08:01 7003923                    /usr/lib/x86_64-linux-gnu/gio/modules/libdconfsettings.so
7f4e4111c000-7f4e4131b000 ---p 0000c000 08:01 7003923                    /usr/lib/x86_64-linux-gnu/gio/modules/libdconfsettings.so
7f4e4131b000-7f4e4131c000 r--p 0000b000 08:01 7003923                    /usr/lib/x86_64-linux-gnu/gio/modules/libdconfsettings.so
7f4e4131c000-7f4e4131d000 rw-p 0000c000 08:01 7003923                    /usr/lib/x86_64-linux-gnu/gio/modules/libdconfsettings.so
7f4e4131d000-7f4e41323000 r-xp 00000000 08:01 258994                     /lib/x86_64-linux-gnu/libuuid.so.1.3.0
7f4e41323000-7f4e41522000 ---p 00006000 08:01 258994                     /lib/x86_64-linux-gnu/libuuid.so.1.3.0
7f4e41522000-7f4e41523000 r--p 00005000 08:01 258994                     /lib/x86_64-linux-gnu/libuuid.so.1.3.0
7f4e41523000-7f4e41524000 rw-p 00006000 08:01 258994                     /lib/x86_64-linux-gnu/libuuid.so.1.3.0
7f4e41524000-7f4e4156b000 r-xp 00000000 08:01 258900                     /lib/x86_64-linux-gnu/libblkid.so.1.1.0
7f4e4156b000-7f4e4176b000 ---p 00047000 08:01 258900                     /lib/x86_64-linux-gnu/libblkid.so.1.1.0
7f4e4176b000-7f4e4176f000 r--p 00047000 08:01 258900                     /lib/x86_64-linux-gnu/libblkid.so.1.1.0
7f4e4176f000-7f4e41770000 rw-p 0004b000 08:01 258900                     /lib/x86_64-linux-gnu/libblkid.so.1.1.0
7f4e41770000-7f4e41771000 rw-p 00000000 00:00 0 
7f4e41771000-7f4e417e1000 r-xp 00000000 08:01 258966                     /lib/x86_64-linux-gnu/libpcre.so.3.13.3
7f4e417e1000-7f4e419e1000 ---p 00070000 08:01 258966                     /lib/x86_64-linux-gnu/libpcre.so.3.13.3
7f4e419e1000-7f4e419e2000 r--p 00070000 08:01 258966                     /lib/x86_64-linux-gnu/libpcre.so.3.13.3
7f4e419e2000-7f4e419e3000 rw-p 00071000 08:01 258966                     /lib/x86_64-linux-gnu/libpcre.so.3.13.3
7f4e419e3000-7f4e419ea000 r-xp 00000000 08:01 259679                     /usr/lib/x86_64-linux-gnu/libffi.so.6.0.4
7f4e419ea000-7f4e41be9000 ---p 00007000 08:01 259679                     /usr/lib/x86_64-linux-gnu/libffi.so.6.0.4
7f4e41be9000-7f4e41bea000 r--p 00006000 08:01 259679                     /usr/lib/x86_64-linux-gnu/libffi.so.6.0.4
7f4e41bea000-7f4e41beb000 rw-p 00007000 08:01 259679                     /usr/lib/x86_64-linux-gnu/libffi.so.6.0.4
7f4e41beb000-7f4e41c3c000 r-xp 00000000 08:01 258935                     /lib/x86_64-linux-gnu/libmount.so.1.1.0
7f4e41c3c000-7f4e41e3b000 ---p 00051000 08:01 258935                     /lib/x86_64-linux-gnu/libmount.so.1.1.0
7f4e41e3b000-7f4e41e3d000 r--p 00050000 08:01 258935                     /lib/x86_64-linux-gnu/libmount.so.1.1.0
7f4e41e3d000-7f4e41e3e000 rw-p 00052000 08:01 258935                     /lib/x86_64-linux-gnu/libmount.so.1.1.0
7f4e41e3e000-7f4e41e3f000 rw-p 00000000 00:00 0 
7f4e41e3f000-7f4e41e56000 r-xp 00000000 08:01 258970                     /lib/x86_64-linux-gnu/libresolv-2.27.so
7f4e41e56000-7f4e42056000 ---p 00017000 08:01 258970                     /lib/x86_64-linux-gnu/libresolv-2.27.so
7f4e42056000-7f4e42057000 r--p 00017000 08:01 258970                     /lib/x86_64-linux-gnu/libresolv-2.27.so
7f4e42057000-7f4e42058000 rw-p 00018000 08:01 258970                     /lib/x86_64-linux-gnu/libresolv-2.27.so
7f4e42058000-7f4e4205a000 rw-p 00000000 00:00 0 
7f4e4205a000-7f4e4207f000 r-xp 00000000 08:01 258976                     /lib/x86_64-linux-gnu/libselinux.so.1
7f4e4207f000-7f4e4227e000 ---p 00025000 08:01 258976                     /lib/x86_64-linux-gnu/libselinux.so.1
7f4e4227e000-7f4e4227f000 r--p 00024000 08:01 258976                     /lib/x86_64-linux-gnu/libselinux.so.1
7f4e4227f000-7f4e42280000 rw-p 00025000 08:01 258976                     /lib/x86_64-linux-gnu/libselinux.so.1
7f4e42280000-7f4e42282000 rw-p 00000000 00:00 0 
7f4e42282000-7f4e42396000 r-xp 00000000 08:01 7004475                    /usr/lib/x86_64-linux-gnu/libglib-2.0.so.0.5600.4
7f4e42396000-7f4e42596000 ---p 00114000 08:01 7004475                    /usr/lib/x86_64-linux-gnu/libglib-2.0.so.0.5600.4
7f4e42596000-7f4e42597000 r--p 00114000 08:01 7004475                    /usr/lib/x86_64-linux-gnu/libglib-2.0.so.0.5600.4
7f4e42597000-7f4e42598000 rw-p 00115000 08:01 7004475                    /usr/lib/x86_64-linux-gnu/libglib-2.0.so.0.5600.4
7f4e42598000-7f4e42599000 rw-p 00000000 00:00 0 
7f4e42599000-7f4e4259c000 r-xp 00000000 08:01 7004479                    /usr/lib/x86_64-linux-gnu/libgmodule-2.0.so.0.5600.4
7f4e4259c000-7f4e4279b000 ---p 00003000 08:01 7004479                    /usr/lib/x86_64-linux-gnu/libgmodule-2.0.so.0.5600.4
7f4e4279b000-7f4e4279c000 r--p 00002000 08:01 7004479                    /usr/lib/x86_64-linux-gnu/libgmodule-2.0.so.0.5600.4
7f4e4279c000-7f4e4279d000 rw-p 00003000 08:01 7004479                    /usr/lib/x86_64-linux-gnu/libgmodule-2.0.so.0.5600.4
7f4e4279d000-7f4e427ef000 r-xp 00000000 08:01 7004483                    /usr/lib/x86_64-linux-gnu/libgobject-2.0.so.0.5600.4
7f4e427ef000-7f4e429ef000 ---p 00052000 08:01 7004483                    /usr/lib/x86_64-linux-gnu/libgobject-2.0.so.0.5600.4
7f4e429ef000-7f4e429f0000 r--p 00052000 08:01 7004483                    /usr/lib/x86_64-linux-gnu/libgobject-2.0.so.0.5600.4
7f4e429f0000-7f4e429f1000 rw-p 00053000 08:01 7004483                    /usr/lib/x86_64-linux-gnu/libgobject-2.0.so.0.5600.4
7f4e429f1000-7f4e42b86000 r-xp 00000000 08:01 7004467                    /usr/lib/x86_64-linux-gnu/libgio-2.0.so.0.5600.4
7f4e42b86000-7f4e42d86000 ---p 00195000 08:01 7004467                    /usr/lib/x86_64-linux-gnu/libgio-2.0.so.0.5600.4
7f4e42d86000-7f4e42d8d000 r--p 00195000 08:01 7004467                    /usr/lib/x86_64-linux-gnu/libgio-2.0.so.0.5600.4
7f4e42d8d000-7f4e42d8e000 rw-p 0019c000 08:01 7004467                    /usr/lib/x86_64-linux-gnu/libgio-2.0.so.0.5600.4
7f4e42d8e000-7f4e42d90000 rw-p 00000000 00:00 0 
7f4e42d90000-7f4e42d9a000 r-xp 00000000 08:01 7004189                    /usr/lib/x86_64-linux-gnu/libXrandr.so.2.2.0
7f4e42d9a000-7f4e42f99000 ---p 0000a000 08:01 7004189                    /usr/lib/x86_64-linux-gnu/libXrandr.so.2.2.0
7f4e42f99000-7f4e42f9a000 r--p 00009000 08:01 7004189                    /usr/lib/x86_64-linux-gnu/libXrandr.so.2.2.0
7f4e42f9a000-7f4e42f9b000 rw-p 0000a000 08:01 7004189                    /usr/lib/x86_64-linux-gnu/libXrandr.so.2.2.0
7f4e42f9b000-7f4e42fcc000 r-xp 00000000 08:01 7004738                    /usr/lib/x86_64-linux-gnu/libpng16.so.16.34.0
7f4e42fcc000-7f4e431cb000 ---p 00031000 08:01 7004738                    /usr/lib/x86_64-linux-gnu/libpng16.so.16.34.0
7f4e431cb000-7f4e431cc000 r--p 00030000 08:01 7004738                    /usr/lib/x86_64-linux-gnu/libpng16.so.16.34.0
7f4e431cc000-7f4e431cd000 rw-p 00031000 08:01 7004738                    /usr/lib/x86_64-linux-gnu/libpng16.so.16.34.0
7f4e431cd000-7f4e4327a000 r-xp 00000000 08:01 7004450                    /usr/lib/x86_64-linux-gnu/libfreetype.so.6.15.0
7f4e4327a000-7f4e43479000 ---p 000ad000 08:01 7004450                    /usr/lib/x86_64-linux-gnu/libfreetype.so.6.15.0
7f4e43479000-7f4e43480000 r--p 000ac000 08:01 7004450                    /usr/lib/x86_64-linux-gnu/libfreetype.so.6.15.0
7f4e43480000-7f4e43481000 rw-p 000b3000 08:01 7004450                    /usr/lib/x86_64-linux-gnu/libfreetype.so.6.15.0
7f4e43481000-7f4e435b5000 r-xp 00000000 08:01 8297028                    /usr/lib/jvm/java-11-openjdk-amd64/lib/libfontmanager.so
7f4e435b5000-7f4e437b4000 ---p 00134000 08:01 8297028                    /usr/lib/jvm/java-11-openjdk-amd64/lib/libfontmanager.so
7f4e437b4000-7f4e437b5000 r--p 00133000 08:01 8297028                    /usr/lib/jvm/java-11-openjdk-amd64/lib/libfontmanager.so
7f4e437b5000-7f4e437b6000 rw-p 00134000 08:01 8297028                    /usr/lib/jvm/java-11-openjdk-amd64/lib/libfontmanager.so
7f4e437b6000-7f4e437b9000 rw-p 00000000 00:00 0 
7f4e437b9000-7f4e437cc000 r-xp 00000000 08:01 566741                     /lib/x86_64-linux-gnu/libbsd.so.0.8.7
7f4e437cc000-7f4e439cb000 ---p 00013000 08:01 566741                     /lib/x86_64-linux-gnu/libbsd.so.0.8.7
7f4e439cb000-7f4e439cc000 r--p 00012000 08:01 566741                     /lib/x86_64-linux-gnu/libbsd.so.0.8.7
7f4e439cc000-7f4e439cd000 rw-p 00013000 08:01 566741                     /lib/x86_64-linux-gnu/libbsd.so.0.8.7
7f4e439cd000-7f4e439ce000 rw-p 00000000 00:00 0 
7f4e439ce000-7f4e439d3000 r-xp 00000000 08:01 7004169                    /usr/lib/x86_64-linux-gnu/libXdmcp.so.6.0.0
7f4e439d3000-7f4e43bd2000 ---p 00005000 08:01 7004169                    /usr/lib/x86_64-linux-gnu/libXdmcp.so.6.0.0
7f4e43bd2000-7f4e43bd3000 r--p 00004000 08:01 7004169                    /usr/lib/x86_64-linux-gnu/libXdmcp.so.6.0.0
7f4e43bd3000-7f4e43bd4000 rw-p 00005000 08:01 7004169                    /usr/lib/x86_64-linux-gnu/libXdmcp.so.6.0.0
7f4e43bd4000-7f4e43bd6000 r-xp 00000000 08:01 7004158                    /usr/lib/x86_64-linux-gnu/libXau.so.6.0.0
7f4e43bd6000-7f4e43dd6000 ---p 00002000 08:01 7004158                    /usr/lib/x86_64-linux-gnu/libXau.so.6.0.0
7f4e43dd6000-7f4e43dd7000 r--p 00002000 08:01 7004158                    /usr/lib/x86_64-linux-gnu/libXau.so.6.0.0
7f4e43dd7000-7f4e43dd8000 rw-p 00003000 08:01 7004158                    /usr/lib/x86_64-linux-gnu/libXau.so.6.0.0
7f4e43dd8000-7f4e43dfe000 r-xp 00000000 08:01 7004871                    /usr/lib/x86_64-linux-gnu/libxcb.so.1.1.0
7f4e43dfe000-7f4e43ffe000 ---p 00026000 08:01 7004871                    /usr/lib/x86_64-linux-gnu/libxcb.so.1.1.0
7f4e43ffe000-7f4e43fff000 r--p 00026000 08:01 7004871                    /usr/lib/x86_64-linux-gnu/libxcb.so.1.1.0
7f4e43fff000-7f4e44000000 rw-p 00027000 08:01 7004871                    /usr/lib/x86_64-linux-gnu/libxcb.so.1.1.0
7f4e44000000-7f4e44021000 rw-p 00000000 00:00 0 
7f4e44021000-7f4e48000000 ---p 00000000 00:00 0 
7f4e48000000-7f4e48021000 rw-p 00000000 00:00 0 
7f4e48021000-7f4e4c000000 ---p 00000000 00:00 0 
7f4e4c000000-7f4e4c47d000 rw-p 00000000 00:00 0 
7f4e4c47d000-7f4e50000000 ---p 00000000 00:00 0 
7f4e50000000-7f4e50021000 rw-p 00000000 00:00 0 
7f4e50021000-7f4e54000000 ---p 00000000 00:00 0 
7f4e54000000-7f4e54021000 rw-p 00000000 00:00 0 
7f4e54021000-7f4e58000000 ---p 00000000 00:00 0 
7f4e58000000-7f4e59288000 rw-p 00000000 00:00 0 
7f4e59288000-7f4e5c000000 ---p 00000000 00:00 0 
7f4e5c000000-7f4e5c021000 rw-p 00000000 00:00 0 
7f4e5c021000-7f4e60000000 ---p 00000000 00:00 0 
7f4e60000000-7f4e60021000 rw-p 00000000 00:00 0 
7f4e60021000-7f4e64000000 ---p 00000000 00:00 0 
7f4e64000000-7f4e6403a000 rw-p 00000000 00:00 0 
7f4e6403a000-7f4e68000000 ---p 00000000 00:00 0 
7f4e680be000-7f4e680c2000 ---p 00000000 00:00 0 
7f4e680c2000-7f4e681bf000 rw-p 00000000 00:00 0 
7f4e681bf000-7f4e681ce000 r-xp 00000000 08:01 7004179                    /usr/lib/x86_64-linux-gnu/libXi.so.6.1.0
7f4e681ce000-7f4e683cd000 ---p 0000f000 08:01 7004179                    /usr/lib/x86_64-linux-gnu/libXi.so.6.1.0
7f4e683cd000-7f4e683ce000 r--p 0000e000 08:01 7004179                    /usr/lib/x86_64-linux-gnu/libXi.so.6.1.0
7f4e683ce000-7f4e683cf000 rw-p 0000f000 08:01 7004179                    /usr/lib/x86_64-linux-gnu/libXi.so.6.1.0
7f4e683cf000-7f4e683d4000 r-xp 00000000 08:01 7004197                    /usr/lib/x86_64-linux-gnu/libXtst.so.6.1.0
7f4e683d4000-7f4e685d3000 ---p 00005000 08:01 7004197                    /usr/lib/x86_64-linux-gnu/libXtst.so.6.1.0
7f4e685d3000-7f4e685d4000 r--p 00004000 08:01 7004197                    /usr/lib/x86_64-linux-gnu/libXtst.so.6.1.0
7f4e685d4000-7f4e685d5000 rw-p 00005000 08:01 7004197                    /usr/lib/x86_64-linux-gnu/libXtst.so.6.1.0
7f4e685d5000-7f4e68708000 r-xp 00000000 08:01 7004156                    /usr/lib/x86_64-linux-gnu/libX11.so.6.3.0
7f4e68708000-7f4e68908000 ---p 00133000 08:01 7004156                    /usr/lib/x86_64-linux-gnu/libX11.so.6.3.0
7f4e68908000-7f4e68909000 r--p 00133000 08:01 7004156                    /usr/lib/x86_64-linux-gnu/libX11.so.6.3.0
7f4e68909000-7f4e6890d000 rw-p 00134000 08:01 7004156                    /usr/lib/x86_64-linux-gnu/libX11.so.6.3.0
7f4e6890d000-7f4e68b7d000 rwxp 00000000 00:00 0 
7f4e68b7d000-7f4e68e9c000 ---p 00000000 00:00 0 
7f4e68e9c000-7f4e692ac000 rwxp 00000000 00:00 0 
7f4e692ac000-7f4e703d4000 ---p 00000000 00:00 0 
7f4e703d4000-7f4e70644000 rwxp 00000000 00:00 0 
7f4e70644000-7f4e7790d000 ---p 00000000 00:00 0 
7f4e80000000-7f4e802b5000 rw-p 00000000 00:00 0 
7f4e802b5000-7f4e84000000 ---p 00000000 00:00 0 
7f4e8405e000-7f4e84071000 r--s 00000000 08:01 4422793                    /var/cache/fontconfig/d52a8644073d54c13679302ca1180695-le64.cache-7
7f4e84071000-7f4e840a0000 r--s 00000000 08:01 1564294                    /var/cache/fontconfig/cabbd14511b9e8a55e92af97fb3a0461-le64.cache-7
7f4e840a0000-7f4e840a9000 r-xp 00000000 08:01 7004191                    /usr/lib/x86_64-linux-gnu/libXrender.so.1.3.0
7f4e840a9000-7f4e842a8000 ---p 00009000 08:01 7004191                    /usr/lib/x86_64-linux-gnu/libXrender.so.1.3.0
7f4e842a8000-7f4e842a9000 r--p 00008000 08:01 7004191                    /usr/lib/x86_64-linux-gnu/libXrender.so.1.3.0
7f4e842a9000-7f4e842aa000 rw-p 00009000 08:01 7004191                    /usr/lib/x86_64-linux-gnu/libXrender.so.1.3.0
7f4e842aa000-7f4e842bb000 r-xp 00000000 08:01 7004171                    /usr/lib/x86_64-linux-gnu/libXext.so.6.4.0
7f4e842bb000-7f4e844ba000 ---p 00011000 08:01 7004171                    /usr/lib/x86_64-linux-gnu/libXext.so.6.4.0
7f4e844ba000-7f4e844bb000 r--p 00010000 08:01 7004171                    /usr/lib/x86_64-linux-gnu/libXext.so.6.4.0
7f4e844bb000-7f4e844bc000 rw-p 00011000 08:01 7004171                    /usr/lib/x86_64-linux-gnu/libXext.so.6.4.0
7f4e844c5000-7f4e844c9000 rw-s 00000000 00:01 30                         /SYSV00000000 (deleted)
7f4e844c9000-7f4e844d2000 r--p 00000000 08:01 7513107                    /usr/share/glib-2.0/schemas/gschemas.compiled
7f4e844d2000-7f4e84531000 r-xp 00000000 08:01 8297025                    /usr/lib/jvm/java-11-openjdk-amd64/lib/libawt_xawt.so
7f4e84531000-7f4e84730000 ---p 0005f000 08:01 8297025                    /usr/lib/jvm/java-11-openjdk-amd64/lib/libawt_xawt.so
7f4e84730000-7f4e84731000 r--p 0005e000 08:01 8297025                    /usr/lib/jvm/java-11-openjdk-amd64/lib/libawt_xawt.so
7f4e84731000-7f4e84734000 rw-p 0005f000 08:01 8297025                    /usr/lib/jvm/java-11-openjdk-amd64/lib/libawt_xawt.so
7f4e84734000-7f4e84736000 rw-p 00000000 00:00 0 
7f4e84736000-7f4e847d4000 r-xp 00000000 08:01 8297023                    /usr/lib/jvm/java-11-openjdk-amd64/lib/libawt.so
7f4e847d4000-7f4e849d4000 ---p 0009e000 08:01 8297023                    /usr/lib/jvm/java-11-openjdk-amd64/lib/libawt.so
7f4e849d4000-7f4e849d5000 r--p 0009e000 08:01 8297023                    /usr/lib/jvm/java-11-openjdk-amd64/lib/libawt.so
7f4e849d5000-7f4e849e0000 rw-p 0009f000 08:01 8297023                    /usr/lib/jvm/java-11-openjdk-amd64/lib/libawt.so
7f4e849e0000-7f4e84a05000 rw-p 00000000 00:00 0 
7f4e84a05000-7f4e84a1b000 r-xp 00000000 08:01 8297046                    /usr/lib/jvm/java-11-openjdk-amd64/lib/libnet.so
7f4e84a1b000-7f4e84c1a000 ---p 00016000 08:01 8297046                    /usr/lib/jvm/java-11-openjdk-amd64/lib/libnet.so
7f4e84c1a000-7f4e84c1b000 r--p 00015000 08:01 8297046                    /usr/lib/jvm/java-11-openjdk-amd64/lib/libnet.so
7f4e84c1b000-7f4e84c1c000 rw-p 00016000 08:01 8297046                    /usr/lib/jvm/java-11-openjdk-amd64/lib/libnet.so
7f4e84c1c000-7f4e84c2c000 r-xp 00000000 08:01 8297047                    /usr/lib/jvm/java-11-openjdk-amd64/lib/libnio.so
7f4e84c2c000-7f4e84e2b000 ---p 00010000 08:01 8297047                    /usr/lib/jvm/java-11-openjdk-amd64/lib/libnio.so
7f4e84e2b000-7f4e84e2c000 r--p 0000f000 08:01 8297047                    /usr/lib/jvm/java-11-openjdk-amd64/lib/libnio.so
7f4e84e2c000-7f4e84e2d000 rw-p 00010000 08:01 8297047                    /usr/lib/jvm/java-11-openjdk-amd64/lib/libnio.so
7f4e84e2d000-7f4e84e31000 ---p 00000000 00:00 0 
7f4e84e31000-7f4e84f2e000 rw-p 00000000 00:00 0 
7f4e84f2e000-7f4e84f2f000 ---p 00000000 00:00 0 
7f4e84f2f000-7f4e85030000 rw-p 00000000 00:00 0 
7f4e85030000-7f4e85034000 ---p 00000000 00:00 0 
7f4e85034000-7f4e85131000 rw-p 00000000 00:00 0 
7f4e85131000-7f4e85135000 ---p 00000000 00:00 0 
7f4e85135000-7f4e85232000 rw-p 00000000 00:00 0 
7f4e85232000-7f4e85236000 ---p 00000000 00:00 0 
7f4e85236000-7f4e85333000 rw-p 00000000 00:00 0 
7f4e85333000-7f4e85337000 ---p 00000000 00:00 0 
7f4e85337000-7f4e85434000 rw-p 00000000 00:00 0 
7f4e85434000-7f4e85438000 ---p 00000000 00:00 0 
7f4e85438000-7f4e85535000 rw-p 00000000 00:00 0 
7f4e85535000-7f4e856d0000 r--p 00000000 08:01 7000737                    /usr/lib/locale/locale-archive
7f4e856d0000-7f4e856d4000 ---p 00000000 00:00 0 
7f4e856d4000-7f4e857d1000 rw-p 00000000 00:00 0 
7f4e857d1000-7f4e857d5000 ---p 00000000 00:00 0 
7f4e857d5000-7f4e858d2000 rw-p 00000000 00:00 0 
7f4e858d2000-7f4e858d3000 ---p 00000000 00:00 0 
7f4e858d3000-7f4e862b0000 rw-p 00000000 00:00 0 
7f4e862b0000-7f4e862b5000 rw-p 00000000 00:00 0 
7f4e862b5000-7f4e8639b000 ---p 00000000 00:00 0 
7f4e8639b000-7f4e863a4000 rw-p 00000000 00:00 0 
7f4e863a4000-7f4e86486000 ---p 00000000 00:00 0 
7f4e86486000-7f4e8648b000 r-xp 00000000 08:01 8297038                    /usr/lib/jvm/java-11-openjdk-amd64/lib/libjimage.so
7f4e8648b000-7f4e8668a000 ---p 00005000 08:01 8297038                    /usr/lib/jvm/java-11-openjdk-amd64/lib/libjimage.so
7f4e8668a000-7f4e8668b000 r--p 00004000 08:01 8297038                    /usr/lib/jvm/java-11-openjdk-amd64/lib/libjimage.so
7f4e8668b000-7f4e8668c000 rw-p 00005000 08:01 8297038                    /usr/lib/jvm/java-11-openjdk-amd64/lib/libjimage.so
7f4e8668c000-7f4e86693000 r-xp 00000000 08:01 8297056                    /usr/lib/jvm/java-11-openjdk-amd64/lib/libzip.so
7f4e86693000-7f4e86892000 ---p 00007000 08:01 8297056                    /usr/lib/jvm/java-11-openjdk-amd64/lib/libzip.so
7f4e86892000-7f4e86893000 r--p 00006000 08:01 8297056                    /usr/lib/jvm/java-11-openjdk-amd64/lib/libzip.so
7f4e86893000-7f4e86894000 rw-p 00007000 08:01 8297056                    /usr/lib/jvm/java-11-openjdk-amd64/lib/libzip.so
7f4e86894000-7f4e8689f000 r-xp 00000000 08:01 258949                     /lib/x86_64-linux-gnu/libnss_files-2.27.so
7f4e8689f000-7f4e86a9e000 ---p 0000b000 08:01 258949                     /lib/x86_64-linux-gnu/libnss_files-2.27.so
7f4e86a9e000-7f4e86a9f000 r--p 0000a000 08:01 258949                     /lib/x86_64-linux-gnu/libnss_files-2.27.so
7f4e86a9f000-7f4e86aa0000 rw-p 0000b000 08:01 258949                     /lib/x86_64-linux-gnu/libnss_files-2.27.so
7f4e86aa0000-7f4e86aa6000 rw-p 00000000 00:00 0 
7f4e86aa6000-7f4e86abd000 r-xp 00000000 08:01 258943                     /lib/x86_64-linux-gnu/libnsl-2.27.so
7f4e86abd000-7f4e86cbc000 ---p 00017000 08:01 258943                     /lib/x86_64-linux-gnu/libnsl-2.27.so
7f4e86cbc000-7f4e86cbd000 r--p 00016000 08:01 258943                     /lib/x86_64-linux-gnu/libnsl-2.27.so
7f4e86cbd000-7f4e86cbe000 rw-p 00017000 08:01 258943                     /lib/x86_64-linux-gnu/libnsl-2.27.so
7f4e86cbe000-7f4e86cc0000 rw-p 00000000 00:00 0 
7f4e86cc0000-7f4e86ccb000 r-xp 00000000 08:01 258953                     /lib/x86_64-linux-gnu/libnss_nis-2.27.so
7f4e86ccb000-7f4e86eca000 ---p 0000b000 08:01 258953                     /lib/x86_64-linux-gnu/libnss_nis-2.27.so
7f4e86eca000-7f4e86ecb000 r--p 0000a000 08:01 258953                     /lib/x86_64-linux-gnu/libnss_nis-2.27.so
7f4e86ecb000-7f4e86ecc000 rw-p 0000b000 08:01 258953                     /lib/x86_64-linux-gnu/libnss_nis-2.27.so
7f4e86ecc000-7f4e86ed4000 r-xp 00000000 08:01 258945                     /lib/x86_64-linux-gnu/libnss_compat-2.27.so
7f4e86ed4000-7f4e870d4000 ---p 00008000 08:01 258945                     /lib/x86_64-linux-gnu/libnss_compat-2.27.so
7f4e870d4000-7f4e870d5000 r--p 00008000 08:01 258945                     /lib/x86_64-linux-gnu/libnss_compat-2.27.so
7f4e870d5000-7f4e870d6000 rw-p 00009000 08:01 258945                     /lib/x86_64-linux-gnu/libnss_compat-2.27.so
7f4e870d6000-7f4e870ff000 r-xp 00000000 08:01 8297034                    /usr/lib/jvm/java-11-openjdk-amd64/lib/libjava.so
7f4e870ff000-7f4e872fe000 ---p 00029000 08:01 8297034                    /usr/lib/jvm/java-11-openjdk-amd64/lib/libjava.so
7f4e872fe000-7f4e872ff000 r--p 00028000 08:01 8297034                    /usr/lib/jvm/java-11-openjdk-amd64/lib/libjava.so
7f4e872ff000-7f4e87301000 rw-p 00029000 08:01 8297034                    /usr/lib/jvm/java-11-openjdk-amd64/lib/libjava.so
7f4e87301000-7f4e8730e000 r-xp 00000000 08:01 8297055                    /usr/lib/jvm/java-11-openjdk-amd64/lib/libverify.so
7f4e8730e000-7f4e8750d000 ---p 0000d000 08:01 8297055                    /usr/lib/jvm/java-11-openjdk-amd64/lib/libverify.so
7f4e8750d000-7f4e8750f000 r--p 0000c000 08:01 8297055                    /usr/lib/jvm/java-11-openjdk-amd64/lib/libverify.so
7f4e8750f000-7f4e87510000 rw-p 0000e000 08:01 8297055                    /usr/lib/jvm/java-11-openjdk-amd64/lib/libverify.so
7f4e87510000-7f4e87517000 r-xp 00000000 08:01 258972                     /lib/x86_64-linux-gnu/librt-2.27.so
7f4e87517000-7f4e87716000 ---p 00007000 08:01 258972                     /lib/x86_64-linux-gnu/librt-2.27.so
7f4e87716000-7f4e87717000 r--p 00006000 08:01 258972                     /lib/x86_64-linux-gnu/librt-2.27.so
7f4e87717000-7f4e87718000 rw-p 00007000 08:01 258972                     /lib/x86_64-linux-gnu/librt-2.27.so
7f4e87718000-7f4e8772f000 r-xp 00000000 08:01 258660                     /lib/x86_64-linux-gnu/libgcc_s.so.1
7f4e8772f000-7f4e8792e000 ---p 00017000 08:01 258660                     /lib/x86_64-linux-gnu/libgcc_s.so.1
7f4e8792e000-7f4e8792f000 r--p 00016000 08:01 258660                     /lib/x86_64-linux-gnu/libgcc_s.so.1
7f4e8792f000-7f4e87930000 rw-p 00017000 08:01 258660                     /lib/x86_64-linux-gnu/libgcc_s.so.1
7f4e87930000-7f4e87acd000 r-xp 00000000 08:01 258930                     /lib/x86_64-linux-gnu/libm-2.27.so
7f4e87acd000-7f4e87ccc000 ---p 0019d000 08:01 258930                     /lib/x86_64-linux-gnu/libm-2.27.so
7f4e87ccc000-7f4e87ccd000 r--p 0019c000 08:01 258930                     /lib/x86_64-linux-gnu/libm-2.27.so
7f4e87ccd000-7f4e87cce000 rw-p 0019d000 08:01 258930                     /lib/x86_64-linux-gnu/libm-2.27.so
7f4e87cce000-7f4e87e47000 r-xp 00000000 08:01 259711                     /usr/lib/x86_64-linux-gnu/libstdc++.so.6.0.25
7f4e87e47000-7f4e88047000 ---p 00179000 08:01 259711                     /usr/lib/x86_64-linux-gnu/libstdc++.so.6.0.25
7f4e88047000-7f4e88051000 r--p 00179000 08:01 259711                     /usr/lib/x86_64-linux-gnu/libstdc++.so.6.0.25
7f4e88051000-7f4e88053000 rw-p 00183000 08:01 259711                     /usr/lib/x86_64-linux-gnu/libstdc++.so.6.0.25
7f4e88053000-7f4e88057000 rw-p 00000000 00:00 0 
7f4e88057000-7f4e89134000 r-xp 00000000 08:01 8297069                    /usr/lib/jvm/java-11-openjdk-amd64/lib/server/libjvm.so
7f4e89134000-7f4e89333000 ---p 010dd000 08:01 8297069                    /usr/lib/jvm/java-11-openjdk-amd64/lib/server/libjvm.so
7f4e89333000-7f4e893f0000 r--p 010dc000 08:01 8297069                    /usr/lib/jvm/java-11-openjdk-amd64/lib/server/libjvm.so
7f4e893f0000-7f4e8942a000 rw-p 01199000 08:01 8297069                    /usr/lib/jvm/java-11-openjdk-amd64/lib/server/libjvm.so
7f4e8942a000-7f4e89480000 rw-p 00000000 00:00 0 
7f4e89480000-7f4e8949a000 r-xp 00000000 08:01 258968                     /lib/x86_64-linux-gnu/libpthread-2.27.so
7f4e8949a000-7f4e89699000 ---p 0001a000 08:01 258968                     /lib/x86_64-linux-gnu/libpthread-2.27.so
7f4e89699000-7f4e8969a000 r--p 00019000 08:01 258968                     /lib/x86_64-linux-gnu/libpthread-2.27.so
7f4e8969a000-7f4e8969b000 rw-p 0001a000 08:01 258968                     /lib/x86_64-linux-gnu/libpthread-2.27.so
7f4e8969b000-7f4e8969f000 rw-p 00000000 00:00 0 
7f4e8969f000-7f4e896a2000 r-xp 00000000 08:01 258914                     /lib/x86_64-linux-gnu/libdl-2.27.so
7f4e896a2000-7f4e898a1000 ---p 00003000 08:01 258914                     /lib/x86_64-linux-gnu/libdl-2.27.so
7f4e898a1000-7f4e898a2000 r--p 00002000 08:01 258914                     /lib/x86_64-linux-gnu/libdl-2.27.so
7f4e898a2000-7f4e898a3000 rw-p 00003000 08:01 258914                     /lib/x86_64-linux-gnu/libdl-2.27.so
7f4e898a3000-7f4e898bf000 r-xp 00000000 08:01 258996                     /lib/x86_64-linux-gnu/libz.so.1.2.11
7f4e898bf000-7f4e89abe000 ---p 0001c000 08:01 258996                     /lib/x86_64-linux-gnu/libz.so.1.2.11
7f4e89abe000-7f4e89abf000 r--p 0001b000 08:01 258996                     /lib/x86_64-linux-gnu/libz.so.1.2.11
7f4e89abf000-7f4e89ac0000 rw-p 0001c000 08:01 258996                     /lib/x86_64-linux-gnu/libz.so.1.2.11
7f4e89ac0000-7f4e89ca7000 r-xp 00000000 08:01 258904                     /lib/x86_64-linux-gnu/libc-2.27.so
7f4e89ca7000-7f4e89ea7000 ---p 001e7000 08:01 258904                     /lib/x86_64-linux-gnu/libc-2.27.so
7f4e89ea7000-7f4e89eab000 r--p 001e7000 08:01 258904                     /lib/x86_64-linux-gnu/libc-2.27.so
7f4e89eab000-7f4e89ead000 rw-p 001eb000 08:01 258904                     /lib/x86_64-linux-gnu/libc-2.27.so
7f4e89ead000-7f4e89eb1000 rw-p 00000000 00:00 0 
7f4e89eb1000-7f4e89ec1000 r-xp 00000000 08:01 8297016                    /usr/lib/jvm/java-11-openjdk-amd64/lib/jli/libjli.so
7f4e89ec1000-7f4e8a0c0000 ---p 00010000 08:01 8297016                    /usr/lib/jvm/java-11-openjdk-amd64/lib/jli/libjli.so
7f4e8a0c0000-7f4e8a0c1000 r--p 0000f000 08:01 8297016                    /usr/lib/jvm/java-11-openjdk-amd64/lib/jli/libjli.so
7f4e8a0c1000-7f4e8a0c2000 rw-p 00010000 08:01 8297016                    /usr/lib/jvm/java-11-openjdk-amd64/lib/jli/libjli.so
7f4e8a0c2000-7f4e8a0e9000 r-xp 00000000 08:01 258886                     /lib/x86_64-linux-gnu/ld-2.27.so
7f4e8a0eb000-7f4e8a0ef000 r--s 00000000 08:01 3387452                    /var/cache/fontconfig/d589a48862398ed80a3d6066f4f56f4c-le64.cache-7
7f4e8a0ef000-7f4e8a0f0000 r--s 00000000 08:01 3097769                    /home/runner/.cache/dconf/user
7f4e8a0f0000-7f4e8a15d000 rw-p 00000000 00:00 0 
7f4e8a15d000-7f4e8a185000 ---p 00000000 00:00 0 
7f4e8a185000-7f4e8a187000 rw-p 00000000 00:00 0 
7f4e8a187000-7f4e8a19a000 ---p 00000000 00:00 0 
7f4e8a19a000-7f4e8a19d000 rw-p 00000000 00:00 0 
7f4e8a19d000-7f4e8a1c5000 ---p 00000000 00:00 0 
7f4e8a1c5000-7f4e8a1c6000 rw-p 00000000 00:00 0 
7f4e8a1c6000-7f4e8a1ca000 ---p 00000000 00:00 0 
7f4e8a1ca000-7f4e8a2d1000 rw-p 00000000 00:00 0 
7f4e8a2d1000-7f4e8a2d8000 ---p 00000000 00:00 0 
7f4e8a2d8000-7f4e8a2e0000 rw-s 00000000 08:01 3097220                    /tmp/hsperfdata_runner/85
7f4e8a2e0000-7f4e8a2e1000 ---p 00000000 00:00 0 
7f4e8a2e1000-7f4e8a2e2000 r--p 00000000 00:00 0 
7f4e8a2e2000-7f4e8a2e3000 r--p 00000000 08:01 1564672                    /usr/local/lib/repl.so
7f4e8a2e3000-7f4e8a2e4000 r-xp 00001000 08:01 1564672                    /usr/local/lib/repl.so
7f4e8a2e4000-7f4e8a2e5000 r--p 00002000 08:01 1564672                    /usr/local/lib/repl.so
7f4e8a2e5000-7f4e8a2e6000 r--p 00002000 08:01 1564672                    /usr/local/lib/repl.so
7f4e8a2e6000-7f4e8a2e7000 rw-p 00003000 08:01 1564672                    /usr/local/lib/repl.so
7f4e8a2e7000-7f4e8a2e9000 rw-p 00000000 00:00 0 
7f4e8a2e9000-7f4e8a2ea000 r--p 00027000 08:01 258886                     /lib/x86_64-linux-gnu/ld-2.27.so
7f4e8a2ea000-7f4e8a2eb000 rw-p 00028000 08:01 258886                     /lib/x86_64-linux-gnu/ld-2.27.so
7f4e8a2eb000-7f4e8a2ec000 rw-p 00000000 00:00 0 
7ffe9f828000-7ffe9f849000 rw-p 00000000 00:00 0                          [stack]
7ffe9f95f000-7ffe9f962000 r--p 00000000 00:00 0                          [vvar]
7ffe9f962000-7ffe9f963000 r-xp 00000000 00:00 0                          [vdso]
ffffffffff600000-ffffffffff601000 r-xp 00000000 00:00 0                  [vsyscall]


VM Arguments:
java_command: Main
java_class_path (initial): .:/run_dir/junit-4.12.jar:target/dependency/*
Launcher Type: SUN_STANDARD

[Global flags]
     intx CICompilerCount                          = 2                                         {product} {ergonomic}
   size_t InitialHeapSize                          = 8388608                                   {product} {ergonomic}
   size_t MaxHeapSize                              = 134217728                                 {product} {ergonomic}
   size_t MaxNewSize                               = 44695552                                  {product} {ergonomic}
   size_t MinHeapDeltaBytes                        = 196608                                    {product} {ergonomic}
   size_t NewSize                                  = 2752512                                   {product} {ergonomic}
    uintx NonNMethodCodeHeapSize                   = 5825164                                {pd product} {ergonomic}
    uintx NonProfiledCodeHeapSize                  = 122916538                              {pd product} {ergonomic}
   size_t OldSize                                  = 5636096                                   {product} {ergonomic}
    uintx ProfiledCodeHeapSize                     = 122916538                              {pd product} {ergonomic}
    uintx ReservedCodeCacheSize                    = 251658240                              {pd product} {ergonomic}
     bool SegmentedCodeCache                       = true                                      {product} {ergonomic}
     bool UseCompressedClassPointers               = true                                 {lp64_product} {ergonomic}
     bool UseCompressedOops                        = true                                 {lp64_product} {ergonomic}
     bool UseSerialGC                              = true                                      {product} {ergonomic}

Logging:
Log output configuration:
 #0: stdout all=warning uptime,level,tags
 #1: stderr all=off uptime,level,tags

Environment Variables:
PATH=/home/runner/.apt/usr/bin:/opt/virtualenvs/python3/bin:/usr/local/sbin:/usr/local/bin:/usr/sbin:/usr/bin:/sbin:/bin
LD_LIBRARY_PATH=/home/runner/.apt/usr/lib/x86_64-linux-gnu:/home/runner/.apt/usr/lib/i386-linux-gnu:/home/runner/.apt/usr/lib:
LD_PRELOAD=/usr/local/lib/repl.so
DISPLAY=MAGIC

Signal Handlers:
SIGSEGV: [libjvm.so+0xdf8d00], sa_mask[0]=11111111011111111101111111111110, sa_flags=SA_RESTART|SA_SIGINFO
SIGBUS: [libjvm.so+0xdf8d00], sa_mask[0]=11111111011111111101111111111110, sa_flags=SA_RESTART|SA_SIGINFO
SIGFPE: [libjvm.so+0xdf8d00], sa_mask[0]=11111111011111111101111111111110, sa_flags=SA_RESTART|SA_SIGINFO
SIGPIPE: SIG_IGN, sa_mask[0]=00000000000010000000000000000000, sa_flags=SA_RESTART
SIGXFSZ: [libjvm.so+0xbcbc30], sa_mask[0]=11111111011111111101111111111110, sa_flags=SA_RESTART|SA_SIGINFO
SIGILL: [libjvm.so+0xdf8d00], sa_mask[0]=11111111011111111101111111111110, sa_flags=SA_RESTART|SA_SIGINFO
SIGUSR2: [libjvm.so+0xbcbad0], sa_mask[0]=00000000000000000000000000000000, sa_flags=SA_RESTART|SA_SIGINFO
SIGHUP: [libjvm.so+0xbcbe30], sa_mask[0]=11111111011111111101111111111110, sa_flags=SA_RESTART|SA_SIGINFO
SIGINT: [libjvm.so+0xbcbe30], sa_mask[0]=11111111011111111101111111111110, sa_flags=SA_RESTART|SA_SIGINFO
SIGTERM: [libjvm.so+0xbcbe30], sa_mask[0]=11111111011111111101111111111110, sa_flags=SA_RESTART|SA_SIGINFO
SIGQUIT: [libjvm.so+0xbcbe30], sa_mask[0]=11111111011111111101111111111110, sa_flags=SA_RESTART|SA_SIGINFO


---------------  S Y S T E M  ---------------

OS:DISTRIB_ID=Ubuntu
DISTRIB_RELEASE=18.04
DISTRIB_CODENAME=bionic
DISTRIB_DESCRIPTION="Ubuntu 18.04.4 LTS"
uname:Linux 5.4.0-1009-gcp #9-Ubuntu SMP Fri Apr 10 19:12:03 UTC 2020 x86_64
OS uptime: 0 days 3:01 hours
libc:glibc 2.27 NPTL 2.27 
rlimit: STACK 8192k, CORE infinity, NPROC infinity, NOFILE 512, AS infinity, CPU infinity, DATA infinity, FSIZE infinity
load average:8.76 6.04 5.05

/proc/meminfo:
MemTotal:       26694620 kB
MemFree:         1482056 kB
MemAvailable:   18598372 kB
Buffers:         1065152 kB
Cached:         12925588 kB
SwapCached:            0 kB
Active:          9365836 kB
Inactive:       12360332 kB
Active(anon):    5855028 kB
Inactive(anon):    24872 kB
Active(file):    3510808 kB
Inactive(file): 12335460 kB
Unevictable:       49956 kB
Mlocked:           49956 kB
SwapTotal:             0 kB
SwapFree:              0 kB
Dirty:             14724 kB
Writeback:             0 kB
AnonPages:       7785760 kB
Mapped:           774476 kB
Shmem:             34984 kB
KReclaimable:    1687480 kB
Slab:            2823272 kB
SReclaimable:    1687480 kB
SUnreclaim:      1135792 kB
KernelStack:      346032 kB
PageTables:       100804 kB
NFS_Unstable:          0 kB
Bounce:                0 kB
WritebackTmp:          0 kB
CommitLimit:    13347308 kB
Committed_AS:   70740384 kB
VmallocTotal:   34359738367 kB
VmallocUsed:      363192 kB
VmallocChunk:          0 kB
Percpu:            23328 kB
HardwareCorrupted:     0 kB
AnonHugePages:   1253376 kB
ShmemHugePages:        0 kB
ShmemPmdMapped:        0 kB
FileHugePages:         0 kB
FilePmdMapped:         0 kB
CmaTotal:              0 kB
CmaFree:               0 kB
HugePages_Total:       0
HugePages_Free:        0
HugePages_Rsvd:        0
HugePages_Surp:        0
Hugepagesize:       2048 kB
Hugetlb:               0 kB
DirectMap4k:     1678524 kB
DirectMap2M:    25583616 kB
DirectMap1G:     2097152 kB


/proc/sys/kernel/threads-max (system-wide limit on the number of threads):
208488


/proc/sys/vm/max_map_count (maximum number of memory map areas a process may have):
65530


/proc/sys/kernel/pid_max (system-wide limit on number of process identifiers):
4194304



container (cgroup) information:
container_type: cgroupv1
cpu_cpuset_cpus: 0-3
cpu_memory_nodes: 0
active_processor_count: 1
cpu_quota: 50000
cpu_period: 100000
cpu_shares: 512
memory_limit_in_bytes: 536870912
memory_and_swap_limit_in_bytes: -2
memory_soft_limit_in_bytes: -1
memory_usage_in_bytes: 97554432
memory_max_usage_in_bytes: 536870912

KVM virtualization detected
Steal ticks since vm start: 0
Steal ticks percentage since vm start:  0.000

CPU:total 4 (initial active 1) (2 cores per cpu, 2 threads per core) family 6 model 63 stepping 0, cmov, cx8, fxsr, mmx, sse, sse2, sse3, ssse3, sse4.1, sse4.2, popcnt, avx, avx2, aes, clmul, erms, lzcnt, ht, tsc, tscinvbit, bmi1, bmi2, fma
CPU Model and flags from /proc/cpuinfo:
model name	: Intel(R) Xeon(R) CPU @ 2.30GHz
flags		: fpu vme de pse tsc msr pae mce cx8 apic sep mtrr pge mca cmov pat pse36 clflush mmx fxsr sse sse2 ss ht syscall nx pdpe1gb rdtscp lm constant_tsc rep_good nopl xtopology nonstop_tsc cpuid tsc_known_freq pni pclmulqdq ssse3 fma cx16 pcid sse4_1 sse4_2 x2apic movbe popcnt aes xsave avx f16c rdrand hypervisor lahf_lm abm invpcid_single pti ssbd ibrs ibpb stibp fsgsbase tsc_adjust bmi1 avx2 smep bmi2 erms invpcid xsaveopt arat md_clear arch_capabilities

Memory: 4k page, physical 524288k(428892k free), swap 0k(0k free)

vm_info: OpenJDK 64-Bit Server VM (11.0.7+10-post-Ubuntu-2ubuntu218.04) for linux-amd64 JRE (11.0.7+10-post-Ubuntu-2ubuntu218.04), built on Apr 15 2020 21:12:54 by "unknown" with gcc 7.5.0

END.
